[0.050s] Invoking command in '/home/marcos/arduinobot_ws/src/build/arduinobot_utils': AMENT_PREFIX_PATH=/home/marcos/arduinobot_ws/src/install/arduinobot_interfaces:${AMENT_PREFIX_PATH} CMAKE_PREFIX_PATH=/home/marcos/arduinobot_ws/src/install/arduinobot_interfaces:/home/marcos/ros2_ws/install/my_robot_bringup:/home/marcos/ros2_ws/install/my_turtle_interfaces:/home/marcos/ros2_ws/install/my_cpp_pkg:/home/marcos/ros2_ws/install/my_robot_interfaces:/home/marcos/ros2_ws/install/turtle_catch_them_all:/home/marcos/ros2_ws/install/my_py_pkg:/home/marcos/ros2_ws/install/exo1_py:/opt/ros/humble LD_LIBRARY_PATH=/home/marcos/arduinobot_ws/src/install/arduinobot_interfaces/lib:${LD_LIBRARY_PATH} PYTHONPATH=/home/marcos/arduinobot_ws/src/install/arduinobot_interfaces/local/lib/python3.10/dist-packages:${PYTHONPATH} /usr/bin/cmake /home/marcos/arduinobot_ws/src/arduinobot_utils -DCMAKE_INSTALL_PREFIX=/home/marcos/arduinobot_ws/src/install/arduinobot_utils
[0.403s] -- The C compiler identification is GNU 11.4.0
[0.773s] -- The CXX compiler identification is GNU 11.4.0
[0.821s] -- Detecting C compiler ABI info
[1.575s] -- Detecting C compiler ABI info - done
[1.623s] -- Check for working C compiler: /usr/bin/cc - skipped
[1.625s] -- Detecting C compile features
[1.627s] -- Detecting C compile features - done
[1.650s] -- Detecting CXX compiler ABI info
[2.061s] -- Detecting CXX compiler ABI info - done
[2.117s] -- Check for working CXX compiler: /usr/bin/c++ - skipped
[2.119s] -- Detecting CXX compile features
[2.127s] -- Detecting CXX compile features - done
[2.141s] -- Found ament_cmake: 1.3.10 (/opt/ros/humble/share/ament_cmake/cmake)
[3.088s] -- Found Python3: /usr/bin/python3 (found version "3.10.12") found components: Interpreter 
[4.171s] -- Found rclpy: 3.3.14 (/opt/ros/humble/share/rclpy/cmake)
[4.172s] -- Found arduinobot_interfaces: 0.0.0 (/home/marcos/arduinobot_ws/src/install/arduinobot_interfaces/share/arduinobot_interfaces/cmake)
[4.395s] -- Found rosidl_generator_c: 3.1.5 (/opt/ros/humble/share/rosidl_generator_c/cmake)
[4.433s] -- Found rosidl_adapter: 3.1.5 (/opt/ros/humble/share/rosidl_adapter/cmake)
[4.485s] -- Found rosidl_generator_cpp: 3.1.5 (/opt/ros/humble/share/rosidl_generator_cpp/cmake)
[4.551s] -- Using all available rosidl_typesupport_c: rosidl_typesupport_fastrtps_c;rosidl_typesupport_introspection_c
[4.656s] -- Using all available rosidl_typesupport_cpp: rosidl_typesupport_fastrtps_cpp;rosidl_typesupport_introspection_cpp
[5.479s] -- Configuring done
[5.507s] -- Generating done
[5.514s] -- Build files have been written to: /home/marcos/arduinobot_ws/src/build/arduinobot_utils
[5.545s] Invoked command in '/home/marcos/arduinobot_ws/src/build/arduinobot_utils' returned '0': AMENT_PREFIX_PATH=/home/marcos/arduinobot_ws/src/install/arduinobot_interfaces:${AMENT_PREFIX_PATH} CMAKE_PREFIX_PATH=/home/marcos/arduinobot_ws/src/install/arduinobot_interfaces:/home/marcos/ros2_ws/install/my_robot_bringup:/home/marcos/ros2_ws/install/my_turtle_interfaces:/home/marcos/ros2_ws/install/my_cpp_pkg:/home/marcos/ros2_ws/install/my_robot_interfaces:/home/marcos/ros2_ws/install/turtle_catch_them_all:/home/marcos/ros2_ws/install/my_py_pkg:/home/marcos/ros2_ws/install/exo1_py:/opt/ros/humble LD_LIBRARY_PATH=/home/marcos/arduinobot_ws/src/install/arduinobot_interfaces/lib:${LD_LIBRARY_PATH} PYTHONPATH=/home/marcos/arduinobot_ws/src/install/arduinobot_interfaces/local/lib/python3.10/dist-packages:${PYTHONPATH} /usr/bin/cmake /home/marcos/arduinobot_ws/src/arduinobot_utils -DCMAKE_INSTALL_PREFIX=/home/marcos/arduinobot_ws/src/install/arduinobot_utils
[5.552s] Invoking command in '/home/marcos/arduinobot_ws/src/build/arduinobot_utils': AMENT_PREFIX_PATH=/home/marcos/arduinobot_ws/src/install/arduinobot_interfaces:${AMENT_PREFIX_PATH} CMAKE_PREFIX_PATH=/home/marcos/arduinobot_ws/src/install/arduinobot_interfaces:/home/marcos/ros2_ws/install/my_robot_bringup:/home/marcos/ros2_ws/install/my_turtle_interfaces:/home/marcos/ros2_ws/install/my_cpp_pkg:/home/marcos/ros2_ws/install/my_robot_interfaces:/home/marcos/ros2_ws/install/turtle_catch_them_all:/home/marcos/ros2_ws/install/my_py_pkg:/home/marcos/ros2_ws/install/exo1_py:/opt/ros/humble LD_LIBRARY_PATH=/home/marcos/arduinobot_ws/src/install/arduinobot_interfaces/lib:${LD_LIBRARY_PATH} PYTHONPATH=/home/marcos/arduinobot_ws/src/install/arduinobot_interfaces/local/lib/python3.10/dist-packages:${PYTHONPATH} /usr/bin/cmake --build /home/marcos/arduinobot_ws/src/build/arduinobot_utils -- -j2 -l2
[5.905s] Built target ament_cmake_python_copy_arduinobot_utils
[7.404s] running egg_info
[7.411s] creating arduinobot_utils.egg-info
[7.412s] writing arduinobot_utils.egg-info/PKG-INFO
[7.415s] writing dependency_links to arduinobot_utils.egg-info/dependency_links.txt
[7.415s] writing top-level names to arduinobot_utils.egg-info/top_level.txt
[7.416s] writing manifest file 'arduinobot_utils.egg-info/SOURCES.txt'
[7.418s] reading manifest file 'arduinobot_utils.egg-info/SOURCES.txt'
[7.419s] writing manifest file 'arduinobot_utils.egg-info/SOURCES.txt'
[7.544s] Built target ament_cmake_python_build_arduinobot_utils_egg
[7.609s] Invoked command in '/home/marcos/arduinobot_ws/src/build/arduinobot_utils' returned '0': AMENT_PREFIX_PATH=/home/marcos/arduinobot_ws/src/install/arduinobot_interfaces:${AMENT_PREFIX_PATH} CMAKE_PREFIX_PATH=/home/marcos/arduinobot_ws/src/install/arduinobot_interfaces:/home/marcos/ros2_ws/install/my_robot_bringup:/home/marcos/ros2_ws/install/my_turtle_interfaces:/home/marcos/ros2_ws/install/my_cpp_pkg:/home/marcos/ros2_ws/install/my_robot_interfaces:/home/marcos/ros2_ws/install/turtle_catch_them_all:/home/marcos/ros2_ws/install/my_py_pkg:/home/marcos/ros2_ws/install/exo1_py:/opt/ros/humble LD_LIBRARY_PATH=/home/marcos/arduinobot_ws/src/install/arduinobot_interfaces/lib:${LD_LIBRARY_PATH} PYTHONPATH=/home/marcos/arduinobot_ws/src/install/arduinobot_interfaces/local/lib/python3.10/dist-packages:${PYTHONPATH} /usr/bin/cmake --build /home/marcos/arduinobot_ws/src/build/arduinobot_utils -- -j2 -l2
[7.796s] Invoking command in '/home/marcos/arduinobot_ws/src/build/arduinobot_utils': AMENT_PREFIX_PATH=/home/marcos/arduinobot_ws/src/install/arduinobot_interfaces:${AMENT_PREFIX_PATH} CMAKE_PREFIX_PATH=/home/marcos/arduinobot_ws/src/install/arduinobot_interfaces:/home/marcos/ros2_ws/install/my_robot_bringup:/home/marcos/ros2_ws/install/my_turtle_interfaces:/home/marcos/ros2_ws/install/my_cpp_pkg:/home/marcos/ros2_ws/install/my_robot_interfaces:/home/marcos/ros2_ws/install/turtle_catch_them_all:/home/marcos/ros2_ws/install/my_py_pkg:/home/marcos/ros2_ws/install/exo1_py:/opt/ros/humble LD_LIBRARY_PATH=/home/marcos/arduinobot_ws/src/install/arduinobot_interfaces/lib:${LD_LIBRARY_PATH} PYTHONPATH=/home/marcos/arduinobot_ws/src/install/arduinobot_interfaces/local/lib/python3.10/dist-packages:${PYTHONPATH} /usr/bin/cmake --install /home/marcos/arduinobot_ws/src/build/arduinobot_utils
[7.841s] -- Install configuration: ""
[7.841s] -- Installing: /home/marcos/arduinobot_ws/src/install/arduinobot_utils/share/arduinobot_utils/environment/pythonpath.sh
[7.843s] -- Installing: /home/marcos/arduinobot_ws/src/install/arduinobot_utils/share/arduinobot_utils/environment/pythonpath.dsv
[7.845s] -- Installing: /home/marcos/arduinobot_ws/src/install/arduinobot_utils/local/lib/python3.10/dist-packages/arduinobot_utils-0.0.0-py3.10.egg-info
[7.846s] -- Installing: /home/marcos/arduinobot_ws/src/install/arduinobot_utils/local/lib/python3.10/dist-packages/arduinobot_utils-0.0.0-py3.10.egg-info/PKG-INFO
[7.848s] -- Installing: /home/marcos/arduinobot_ws/src/install/arduinobot_utils/local/lib/python3.10/dist-packages/arduinobot_utils-0.0.0-py3.10.egg-info/dependency_links.txt
[7.848s] -- Installing: /home/marcos/arduinobot_ws/src/install/arduinobot_utils/local/lib/python3.10/dist-packages/arduinobot_utils-0.0.0-py3.10.egg-info/SOURCES.txt
[7.848s] -- Installing: /home/marcos/arduinobot_ws/src/install/arduinobot_utils/local/lib/python3.10/dist-packages/arduinobot_utils-0.0.0-py3.10.egg-info/top_level.txt
[7.850s] -- Installing: /home/marcos/arduinobot_ws/src/install/arduinobot_utils/local/lib/python3.10/dist-packages/arduinobot_utils
[7.850s] -- Installing: /home/marcos/arduinobot_ws/src/install/arduinobot_utils/local/lib/python3.10/dist-packages/arduinobot_utils/__init__.py
[7.850s] -- Installing: /home/marcos/arduinobot_ws/src/install/arduinobot_utils/local/lib/python3.10/dist-packages/arduinobot_utils/angle_conversion.py
[8.096s] Listing '/home/marcos/arduinobot_ws/src/install/arduinobot_utils/local/lib/python3.10/dist-packages/arduinobot_utils'...
[8.096s] Compiling '/home/marcos/arduinobot_ws/src/install/arduinobot_utils/local/lib/python3.10/dist-packages/arduinobot_utils/__init__.py'...
[8.096s] Compiling '/home/marcos/arduinobot_ws/src/install/arduinobot_utils/local/lib/python3.10/dist-packages/arduinobot_utils/angle_conversion.py'...
[8.111s] -- Installing: /home/marcos/arduinobot_ws/src/install/arduinobot_utils/lib/arduinobot_utils/angle_conversion.py
[8.113s] -- Installing: /home/marcos/arduinobot_ws/src/install/arduinobot_utils/share/ament_index/resource_index/package_run_dependencies/arduinobot_utils
[8.115s] -- Installing: /home/marcos/arduinobot_ws/src/install/arduinobot_utils/share/ament_index/resource_index/parent_prefix_path/arduinobot_utils
[8.115s] -- Installing: /home/marcos/arduinobot_ws/src/install/arduinobot_utils/share/arduinobot_utils/environment/ament_prefix_path.sh
[8.117s] -- Installing: /home/marcos/arduinobot_ws/src/install/arduinobot_utils/share/arduinobot_utils/environment/ament_prefix_path.dsv
[8.118s] -- Installing: /home/marcos/arduinobot_ws/src/install/arduinobot_utils/share/arduinobot_utils/environment/path.sh
[8.119s] -- Installing: /home/marcos/arduinobot_ws/src/install/arduinobot_utils/share/arduinobot_utils/environment/path.dsv
[8.120s] -- Installing: /home/marcos/arduinobot_ws/src/install/arduinobot_utils/share/arduinobot_utils/local_setup.bash
[8.122s] -- Installing: /home/marcos/arduinobot_ws/src/install/arduinobot_utils/share/arduinobot_utils/local_setup.sh
[8.125s] -- Installing: /home/marcos/arduinobot_ws/src/install/arduinobot_utils/share/arduinobot_utils/local_setup.zsh
[8.125s] -- Installing: /home/marcos/arduinobot_ws/src/install/arduinobot_utils/share/arduinobot_utils/local_setup.dsv
[8.126s] -- Installing: /home/marcos/arduinobot_ws/src/install/arduinobot_utils/share/arduinobot_utils/package.dsv
[8.127s] -- Installing: /home/marcos/arduinobot_ws/src/install/arduinobot_utils/share/ament_index/resource_index/packages/arduinobot_utils
[8.127s] -- Installing: /home/marcos/arduinobot_ws/src/install/arduinobot_utils/share/arduinobot_utils/cmake/arduinobot_utilsConfig.cmake
[8.127s] -- Installing: /home/marcos/arduinobot_ws/src/install/arduinobot_utils/share/arduinobot_utils/cmake/arduinobot_utilsConfig-version.cmake
[8.129s] -- Installing: /home/marcos/arduinobot_ws/src/install/arduinobot_utils/share/arduinobot_utils/package.xml
[8.142s] Invoked command in '/home/marcos/arduinobot_ws/src/build/arduinobot_utils' returned '0': AMENT_PREFIX_PATH=/home/marcos/arduinobot_ws/src/install/arduinobot_interfaces:${AMENT_PREFIX_PATH} CMAKE_PREFIX_PATH=/home/marcos/arduinobot_ws/src/install/arduinobot_interfaces:/home/marcos/ros2_ws/install/my_robot_bringup:/home/marcos/ros2_ws/install/my_turtle_interfaces:/home/marcos/ros2_ws/install/my_cpp_pkg:/home/marcos/ros2_ws/install/my_robot_interfaces:/home/marcos/ros2_ws/install/turtle_catch_them_all:/home/marcos/ros2_ws/install/my_py_pkg:/home/marcos/ros2_ws/install/exo1_py:/opt/ros/humble LD_LIBRARY_PATH=/home/marcos/arduinobot_ws/src/install/arduinobot_interfaces/lib:${LD_LIBRARY_PATH} PYTHONPATH=/home/marcos/arduinobot_ws/src/install/arduinobot_interfaces/local/lib/python3.10/dist-packages:${PYTHONPATH} /usr/bin/cmake --install /home/marcos/arduinobot_ws/src/build/arduinobot_utils
