[1.823s] Invoking command in '/home/marcos/arduinobot_ws/src/arduinobot_py_examples': PYTHONPATH=/home/marcos/arduinobot_ws/build/arduinobot_py_examples/prefix_override:/home/marcos/arduinobot_ws/install/arduinobot_py_examples/lib/python3.10/site-packages:${PYTHONPATH} /usr/bin/python3 -W ignore:setup.py install is deprecated setup.py egg_info --egg-base ../../build/arduinobot_py_examples build --build-base /home/marcos/arduinobot_ws/build/arduinobot_py_examples/build install --record /home/marcos/arduinobot_ws/build/arduinobot_py_examples/install.log --single-version-externally-managed install_data
[2.448s] running egg_info
[2.450s] writing ../../build/arduinobot_py_examples/arduinobot_py_examples.egg-info/PKG-INFO
[2.450s] writing dependency_links to ../../build/arduinobot_py_examples/arduinobot_py_examples.egg-info/dependency_links.txt
[2.451s] writing entry points to ../../build/arduinobot_py_examples/arduinobot_py_examples.egg-info/entry_points.txt
[2.452s] writing requirements to ../../build/arduinobot_py_examples/arduinobot_py_examples.egg-info/requires.txt
[2.453s] writing top-level names to ../../build/arduinobot_py_examples/arduinobot_py_examples.egg-info/top_level.txt
[2.458s] reading manifest file '../../build/arduinobot_py_examples/arduinobot_py_examples.egg-info/SOURCES.txt'
[2.460s] writing manifest file '../../build/arduinobot_py_examples/arduinobot_py_examples.egg-info/SOURCES.txt'
[2.464s] running build
[2.464s] running build_py
[2.464s] running install
[2.464s] running install_lib
[2.468s] running install_data
[2.468s] running install_egg_info
[2.473s] removing '/home/marcos/arduinobot_ws/install/arduinobot_py_examples/lib/python3.10/site-packages/arduinobot_py_examples-0.0.0-py3.10.egg-info' (and everything under it)
[2.473s] Copying ../../build/arduinobot_py_examples/arduinobot_py_examples.egg-info to /home/marcos/arduinobot_ws/install/arduinobot_py_examples/lib/python3.10/site-packages/arduinobot_py_examples-0.0.0-py3.10.egg-info
[2.475s] running install_scripts
[2.521s] Installing simple_parameter script to /home/marcos/arduinobot_ws/install/arduinobot_py_examples/lib/arduinobot_py_examples
[2.522s] Installing simple_publisher script to /home/marcos/arduinobot_ws/install/arduinobot_py_examples/lib/arduinobot_py_examples
[2.523s] writing list of installed files to '/home/marcos/arduinobot_ws/build/arduinobot_py_examples/install.log'
[2.572s] Invoked command in '/home/marcos/arduinobot_ws/src/arduinobot_py_examples' returned '0': PYTHONPATH=/home/marcos/arduinobot_ws/build/arduinobot_py_examples/prefix_override:/home/marcos/arduinobot_ws/install/arduinobot_py_examples/lib/python3.10/site-packages:${PYTHONPATH} /usr/bin/python3 -W ignore:setup.py install is deprecated setup.py egg_info --egg-base ../../build/arduinobot_py_examples build --build-base /home/marcos/arduinobot_ws/build/arduinobot_py_examples/build install --record /home/marcos/arduinobot_ws/build/arduinobot_py_examples/install.log --single-version-externally-managed install_data
