[0.122s] Invoking command in '/home/marcos/arduinobot_ws/src/build/arduinobot_controller': CMAKE_PREFIX_PATH=${CMAKE_PREFIX_PATH}:/home/marcos/ros2_ws/install/turtle_catch_them_all:/home/marcos/ros2_ws/install/my_py_pkg:/home/marcos/ros2_ws/install/exo1_py:/opt/ros/humble /usr/bin/cmake /home/marcos/arduinobot_ws/src/arduinobot_controller -DCMAKE_INSTALL_PREFIX=/home/marcos/arduinobot_ws/src/install/arduinobot_controller
[0.954s] -- The C compiler identification is GNU 11.4.0
[1.615s] -- The CXX compiler identification is GNU 11.4.0
[1.711s] -- Detecting C compiler ABI info
[2.540s] -- Detecting C compiler ABI info - done
[2.645s] -- Check for working C compiler: /usr/bin/cc - skipped
[2.650s] -- Detecting C compile features
[2.656s] -- Detecting C compile features - done
[2.699s] -- Detecting CXX compiler ABI info
[3.440s] -- Detecting CXX compiler ABI info - done
[3.562s] -- Check for working CXX compiler: /usr/bin/c++ - skipped
[3.563s] -- Detecting CXX compile features
[3.565s] -- Detecting CXX compile features - done
[3.603s] -- Found ament_cmake: 1.3.10 (/opt/ros/humble/share/ament_cmake/cmake)
[5.215s] -- Found Python3: /usr/bin/python3 (found version "3.10.12") found components: Interpreter 
[6.165s] -- Found ament_lint_auto: 0.12.11 (/opt/ros/humble/share/ament_lint_auto/cmake)
[7.187s] -- Added test 'flake8' to check Python code syntax and style conventions
[7.195s] -- Added test 'lint_cmake' to check CMake code style
[7.204s] -- Added test 'pep257' to check Python code against some of the docstring style conventions in PEP 257
[7.217s] -- Added test 'xmllint' to check XML markup files
[7.233s] -- Configuring done
[7.265s] -- Generating done
[7.275s] -- Build files have been written to: /home/marcos/arduinobot_ws/src/build/arduinobot_controller
[7.311s] Invoked command in '/home/marcos/arduinobot_ws/src/build/arduinobot_controller' returned '0': CMAKE_PREFIX_PATH=${CMAKE_PREFIX_PATH}:/home/marcos/ros2_ws/install/turtle_catch_them_all:/home/marcos/ros2_ws/install/my_py_pkg:/home/marcos/ros2_ws/install/exo1_py:/opt/ros/humble /usr/bin/cmake /home/marcos/arduinobot_ws/src/arduinobot_controller -DCMAKE_INSTALL_PREFIX=/home/marcos/arduinobot_ws/src/install/arduinobot_controller
[7.321s] Invoking command in '/home/marcos/arduinobot_ws/src/build/arduinobot_controller': CMAKE_PREFIX_PATH=${CMAKE_PREFIX_PATH}:/home/marcos/ros2_ws/install/turtle_catch_them_all:/home/marcos/ros2_ws/install/my_py_pkg:/home/marcos/ros2_ws/install/exo1_py:/opt/ros/humble /usr/bin/cmake --build /home/marcos/arduinobot_ws/src/build/arduinobot_controller -- -j2 -l2
[7.668s] Invoked command in '/home/marcos/arduinobot_ws/src/build/arduinobot_controller' returned '0': CMAKE_PREFIX_PATH=${CMAKE_PREFIX_PATH}:/home/marcos/ros2_ws/install/turtle_catch_them_all:/home/marcos/ros2_ws/install/my_py_pkg:/home/marcos/ros2_ws/install/exo1_py:/opt/ros/humble /usr/bin/cmake --build /home/marcos/arduinobot_ws/src/build/arduinobot_controller -- -j2 -l2
[7.989s] Invoking command in '/home/marcos/arduinobot_ws/src/build/arduinobot_controller': CMAKE_PREFIX_PATH=${CMAKE_PREFIX_PATH}:/home/marcos/ros2_ws/install/turtle_catch_them_all:/home/marcos/ros2_ws/install/my_py_pkg:/home/marcos/ros2_ws/install/exo1_py:/opt/ros/humble /usr/bin/cmake --install /home/marcos/arduinobot_ws/src/build/arduinobot_controller
[8.080s] -- Install configuration: ""
[8.082s] -- Installing: /home/marcos/arduinobot_ws/src/install/arduinobot_controller/share/arduinobot_controller/config
[8.086s] -- Installing: /home/marcos/arduinobot_ws/src/install/arduinobot_controller/share/arduinobot_controller/config/arduinobot_controllers.yaml
[8.092s] -- Installing: /home/marcos/arduinobot_ws/src/install/arduinobot_controller/share/arduinobot_controller/launch
[8.092s] -- Installing: /home/marcos/arduinobot_ws/src/install/arduinobot_controller/share/arduinobot_controller/launch/controller.launch.py
[8.095s] -- Installing: /home/marcos/arduinobot_ws/src/install/arduinobot_controller/share/ament_index/resource_index/package_run_dependencies/arduinobot_controller
[8.097s] -- Installing: /home/marcos/arduinobot_ws/src/install/arduinobot_controller/share/ament_index/resource_index/parent_prefix_path/arduinobot_controller
[8.098s] -- Installing: /home/marcos/arduinobot_ws/src/install/arduinobot_controller/share/arduinobot_controller/environment/ament_prefix_path.sh
[8.101s] -- Installing: /home/marcos/arduinobot_ws/src/install/arduinobot_controller/share/arduinobot_controller/environment/ament_prefix_path.dsv
[8.101s] -- Installing: /home/marcos/arduinobot_ws/src/install/arduinobot_controller/share/arduinobot_controller/environment/path.sh
[8.103s] -- Installing: /home/marcos/arduinobot_ws/src/install/arduinobot_controller/share/arduinobot_controller/environment/path.dsv
[8.105s] -- Installing: /home/marcos/arduinobot_ws/src/install/arduinobot_controller/share/arduinobot_controller/local_setup.bash
[8.106s] -- Installing: /home/marcos/arduinobot_ws/src/install/arduinobot_controller/share/arduinobot_controller/local_setup.sh
[8.108s] -- Installing: /home/marcos/arduinobot_ws/src/install/arduinobot_controller/share/arduinobot_controller/local_setup.zsh
[8.111s] -- Installing: /home/marcos/arduinobot_ws/src/install/arduinobot_controller/share/arduinobot_controller/local_setup.dsv
[8.112s] -- Installing: /home/marcos/arduinobot_ws/src/install/arduinobot_controller/share/arduinobot_controller/package.dsv
[8.114s] -- Installing: /home/marcos/arduinobot_ws/src/install/arduinobot_controller/share/ament_index/resource_index/packages/arduinobot_controller
[8.116s] -- Installing: /home/marcos/arduinobot_ws/src/install/arduinobot_controller/share/arduinobot_controller/cmake/arduinobot_controllerConfig.cmake
[8.118s] -- Installing: /home/marcos/arduinobot_ws/src/install/arduinobot_controller/share/arduinobot_controller/cmake/arduinobot_controllerConfig-version.cmake
[8.120s] -- Installing: /home/marcos/arduinobot_ws/src/install/arduinobot_controller/share/arduinobot_controller/package.xml
[8.128s] Invoked command in '/home/marcos/arduinobot_ws/src/build/arduinobot_controller' returned '0': CMAKE_PREFIX_PATH=${CMAKE_PREFIX_PATH}:/home/marcos/ros2_ws/install/turtle_catch_them_all:/home/marcos/ros2_ws/install/my_py_pkg:/home/marcos/ros2_ws/install/exo1_py:/opt/ros/humble /usr/bin/cmake --install /home/marcos/arduinobot_ws/src/build/arduinobot_controller
