[0.025s] Invoking command in '/home/marcos/arduinobot_ws/build/arduinobot_utils': AMENT_PREFIX_PATH=/home/marcos/arduinobot_ws/install/arduinobot_interfaces:${AMENT_PREFIX_PATH} CMAKE_PREFIX_PATH=/home/marcos/arduinobot_ws/install/arduinobot_interfaces:/home/marcos/ros2_ws/install/my_robot_bringup:/home/marcos/ros2_ws/install/my_turtle_interfaces:/home/marcos/ros2_ws/install/my_cpp_pkg:/home/marcos/ros2_ws/install/my_robot_interfaces:/home/marcos/ros2_ws/install/turtle_catch_them_all:/home/marcos/ros2_ws/install/my_py_pkg:/home/marcos/ros2_ws/install/exo1_py:/opt/ros/humble LD_LIBRARY_PATH=/home/marcos/arduinobot_ws/install/arduinobot_interfaces/lib:${LD_LIBRARY_PATH} PYTHONPATH=/home/marcos/arduinobot_ws/install/arduinobot_interfaces/local/lib/python3.10/dist-packages:${PYTHONPATH} /usr/bin/cmake --build /home/marcos/arduinobot_ws/build/arduinobot_utils -- -j2 -l2
[0.106s] -- Found ament_cmake: 1.3.10 (/opt/ros/humble/share/ament_cmake/cmake)
[0.402s] -- Found rclpy: 3.3.14 (/opt/ros/humble/share/rclpy/cmake)
[0.406s] -- Found arduinobot_interfaces: 0.0.0 (/home/marcos/arduinobot_ws/install/arduinobot_interfaces/share/arduinobot_interfaces/cmake)
[0.489s] -- Found rosidl_generator_c: 3.1.5 (/opt/ros/humble/share/rosidl_generator_c/cmake)
[0.500s] -- Found rosidl_adapter: 3.1.5 (/opt/ros/humble/share/rosidl_adapter/cmake)
[0.519s] -- Found rosidl_generator_cpp: 3.1.5 (/opt/ros/humble/share/rosidl_generator_cpp/cmake)
[0.547s] -- Using all available rosidl_typesupport_c: rosidl_typesupport_fastrtps_c;rosidl_typesupport_introspection_c
[0.581s] -- Using all available rosidl_typesupport_cpp: rosidl_typesupport_fastrtps_cpp;rosidl_typesupport_introspection_cpp
[0.872s] -- Configuring done
[0.880s] -- Generating done
[0.882s] -- Build files have been written to: /home/marcos/arduinobot_ws/build/arduinobot_utils
[0.971s] Built target ament_cmake_python_copy_arduinobot_utils
[1.279s] running egg_info
[1.280s] creating arduinobot_utils.egg-info
[1.280s] writing arduinobot_utils.egg-info/PKG-INFO
[1.281s] writing dependency_links to arduinobot_utils.egg-info/dependency_links.txt
[1.281s] writing top-level names to arduinobot_utils.egg-info/top_level.txt
[1.281s] writing manifest file 'arduinobot_utils.egg-info/SOURCES.txt'
[1.284s] reading manifest file 'arduinobot_utils.egg-info/SOURCES.txt'
[1.285s] writing manifest file 'arduinobot_utils.egg-info/SOURCES.txt'
[1.320s] Built target ament_cmake_python_build_arduinobot_utils_egg
[1.342s] Invoked command in '/home/marcos/arduinobot_ws/build/arduinobot_utils' returned '0': AMENT_PREFIX_PATH=/home/marcos/arduinobot_ws/install/arduinobot_interfaces:${AMENT_PREFIX_PATH} CMAKE_PREFIX_PATH=/home/marcos/arduinobot_ws/install/arduinobot_interfaces:/home/marcos/ros2_ws/install/my_robot_bringup:/home/marcos/ros2_ws/install/my_turtle_interfaces:/home/marcos/ros2_ws/install/my_cpp_pkg:/home/marcos/ros2_ws/install/my_robot_interfaces:/home/marcos/ros2_ws/install/turtle_catch_them_all:/home/marcos/ros2_ws/install/my_py_pkg:/home/marcos/ros2_ws/install/exo1_py:/opt/ros/humble LD_LIBRARY_PATH=/home/marcos/arduinobot_ws/install/arduinobot_interfaces/lib:${LD_LIBRARY_PATH} PYTHONPATH=/home/marcos/arduinobot_ws/install/arduinobot_interfaces/local/lib/python3.10/dist-packages:${PYTHONPATH} /usr/bin/cmake --build /home/marcos/arduinobot_ws/build/arduinobot_utils -- -j2 -l2
[1.380s] Invoking command in '/home/marcos/arduinobot_ws/build/arduinobot_utils': AMENT_PREFIX_PATH=/home/marcos/arduinobot_ws/install/arduinobot_interfaces:${AMENT_PREFIX_PATH} CMAKE_PREFIX_PATH=/home/marcos/arduinobot_ws/install/arduinobot_interfaces:/home/marcos/ros2_ws/install/my_robot_bringup:/home/marcos/ros2_ws/install/my_turtle_interfaces:/home/marcos/ros2_ws/install/my_cpp_pkg:/home/marcos/ros2_ws/install/my_robot_interfaces:/home/marcos/ros2_ws/install/turtle_catch_them_all:/home/marcos/ros2_ws/install/my_py_pkg:/home/marcos/ros2_ws/install/exo1_py:/opt/ros/humble LD_LIBRARY_PATH=/home/marcos/arduinobot_ws/install/arduinobot_interfaces/lib:${LD_LIBRARY_PATH} PYTHONPATH=/home/marcos/arduinobot_ws/install/arduinobot_interfaces/local/lib/python3.10/dist-packages:${PYTHONPATH} /usr/bin/cmake --install /home/marcos/arduinobot_ws/build/arduinobot_utils
[1.397s] -- Install configuration: ""
[1.397s] -- Installing: /home/marcos/arduinobot_ws/install/arduinobot_utils/share/arduinobot_utils/environment/pythonpath.sh
[1.397s] -- Installing: /home/marcos/arduinobot_ws/install/arduinobot_utils/share/arduinobot_utils/environment/pythonpath.dsv
[1.397s] -- Installing: /home/marcos/arduinobot_ws/install/arduinobot_utils/local/lib/python3.10/dist-packages/arduinobot_utils-0.0.0-py3.10.egg-info
[1.399s] -- Installing: /home/marcos/arduinobot_ws/install/arduinobot_utils/local/lib/python3.10/dist-packages/arduinobot_utils-0.0.0-py3.10.egg-info/PKG-INFO
[1.399s] -- Installing: /home/marcos/arduinobot_ws/install/arduinobot_utils/local/lib/python3.10/dist-packages/arduinobot_utils-0.0.0-py3.10.egg-info/dependency_links.txt
[1.399s] -- Installing: /home/marcos/arduinobot_ws/install/arduinobot_utils/local/lib/python3.10/dist-packages/arduinobot_utils-0.0.0-py3.10.egg-info/SOURCES.txt
[1.399s] -- Installing: /home/marcos/arduinobot_ws/install/arduinobot_utils/local/lib/python3.10/dist-packages/arduinobot_utils-0.0.0-py3.10.egg-info/top_level.txt
[1.399s] -- Installing: /home/marcos/arduinobot_ws/install/arduinobot_utils/local/lib/python3.10/dist-packages/arduinobot_utils
[1.399s] -- Installing: /home/marcos/arduinobot_ws/install/arduinobot_utils/local/lib/python3.10/dist-packages/arduinobot_utils/__init__.py
[1.401s] -- Installing: /home/marcos/arduinobot_ws/install/arduinobot_utils/local/lib/python3.10/dist-packages/arduinobot_utils/angle_conversion.py
[1.459s] Listing '/home/marcos/arduinobot_ws/install/arduinobot_utils/local/lib/python3.10/dist-packages/arduinobot_utils'...
[1.459s] Compiling '/home/marcos/arduinobot_ws/install/arduinobot_utils/local/lib/python3.10/dist-packages/arduinobot_utils/__init__.py'...
[1.459s] Compiling '/home/marcos/arduinobot_ws/install/arduinobot_utils/local/lib/python3.10/dist-packages/arduinobot_utils/angle_conversion.py'...
[1.465s] -- Installing: /home/marcos/arduinobot_ws/install/arduinobot_utils/lib/arduinobot_utils/angle_conversion.py
[1.465s] -- Installing: /home/marcos/arduinobot_ws/install/arduinobot_utils/share/ament_index/resource_index/package_run_dependencies/arduinobot_utils
[1.465s] -- Installing: /home/marcos/arduinobot_ws/install/arduinobot_utils/share/ament_index/resource_index/parent_prefix_path/arduinobot_utils
[1.466s] -- Up-to-date: /home/marcos/arduinobot_ws/install/arduinobot_utils/share/arduinobot_utils/environment/ament_prefix_path.sh
[1.468s] -- Installing: /home/marcos/arduinobot_ws/install/arduinobot_utils/share/arduinobot_utils/environment/ament_prefix_path.dsv
[1.468s] -- Up-to-date: /home/marcos/arduinobot_ws/install/arduinobot_utils/share/arduinobot_utils/environment/path.sh
[1.468s] -- Installing: /home/marcos/arduinobot_ws/install/arduinobot_utils/share/arduinobot_utils/environment/path.dsv
[1.468s] -- Up-to-date: /home/marcos/arduinobot_ws/install/arduinobot_utils/share/arduinobot_utils/local_setup.bash
[1.468s] -- Installing: /home/marcos/arduinobot_ws/install/arduinobot_utils/share/arduinobot_utils/local_setup.sh
[1.468s] -- Up-to-date: /home/marcos/arduinobot_ws/install/arduinobot_utils/share/arduinobot_utils/local_setup.zsh
[1.468s] -- Installing: /home/marcos/arduinobot_ws/install/arduinobot_utils/share/arduinobot_utils/local_setup.dsv
[1.468s] -- Installing: /home/marcos/arduinobot_ws/install/arduinobot_utils/share/arduinobot_utils/package.dsv
[1.470s] -- Up-to-date: /home/marcos/arduinobot_ws/install/arduinobot_utils/share/ament_index/resource_index/packages/arduinobot_utils
[1.470s] -- Up-to-date: /home/marcos/arduinobot_ws/install/arduinobot_utils/share/arduinobot_utils/cmake/arduinobot_utilsConfig.cmake
[1.470s] -- Up-to-date: /home/marcos/arduinobot_ws/install/arduinobot_utils/share/arduinobot_utils/cmake/arduinobot_utilsConfig-version.cmake
[1.470s] -- Installing: /home/marcos/arduinobot_ws/install/arduinobot_utils/share/arduinobot_utils/package.xml
[1.476s] Invoked command in '/home/marcos/arduinobot_ws/build/arduinobot_utils' returned '0': AMENT_PREFIX_PATH=/home/marcos/arduinobot_ws/install/arduinobot_interfaces:${AMENT_PREFIX_PATH} CMAKE_PREFIX_PATH=/home/marcos/arduinobot_ws/install/arduinobot_interfaces:/home/marcos/ros2_ws/install/my_robot_bringup:/home/marcos/ros2_ws/install/my_turtle_interfaces:/home/marcos/ros2_ws/install/my_cpp_pkg:/home/marcos/ros2_ws/install/my_robot_interfaces:/home/marcos/ros2_ws/install/turtle_catch_them_all:/home/marcos/ros2_ws/install/my_py_pkg:/home/marcos/ros2_ws/install/exo1_py:/opt/ros/humble LD_LIBRARY_PATH=/home/marcos/arduinobot_ws/install/arduinobot_interfaces/lib:${LD_LIBRARY_PATH} PYTHONPATH=/home/marcos/arduinobot_ws/install/arduinobot_interfaces/local/lib/python3.10/dist-packages:${PYTHONPATH} /usr/bin/cmake --install /home/marcos/arduinobot_ws/build/arduinobot_utils
