[0.496s] Invoking command in '/home/marcos/arduinobot_ws/build/arduinobot_cpp_examples': CMAKE_PREFIX_PATH=${CMAKE_PREFIX_PATH}:/home/marcos/ros2_ws/install/turtle_catch_them_all:/home/marcos/ros2_ws/install/my_py_pkg:/home/marcos/ros2_ws/install/exo1_py:/opt/ros/humble /usr/bin/cmake --build /home/marcos/arduinobot_ws/build/arduinobot_cpp_examples -- -j2 -l2
[0.595s] -- Found ament_cmake: 1.3.6 (/opt/ros/humble/share/ament_cmake/cmake)
[1.119s] -- Found rclcpp: 16.0.7 (/opt/ros/humble/share/rclcpp/cmake)
[1.400s] -- Found rosidl_generator_c: 3.1.5 (/opt/ros/humble/share/rosidl_generator_c/cmake)
[1.428s] -- Found rosidl_adapter: 3.1.5 (/opt/ros/humble/share/rosidl_adapter/cmake)
[1.481s] -- Found rosidl_generator_cpp: 3.1.5 (/opt/ros/humble/share/rosidl_generator_cpp/cmake)
[1.567s] -- Using all available rosidl_typesupport_c: rosidl_typesupport_fastrtps_c;rosidl_typesupport_introspection_c
[1.677s] -- Using all available rosidl_typesupport_cpp: rosidl_typesupport_fastrtps_cpp;rosidl_typesupport_introspection_cpp
[2.051s] -- Found rmw_implementation_cmake: 6.1.1 (/opt/ros/humble/share/rmw_implementation_cmake/cmake)
[2.073s] -- Found rmw_fastrtps_cpp: 6.2.5 (/opt/ros/humble/share/rmw_fastrtps_cpp/cmake)
[2.501s] -- Found OpenSSL: /usr/lib/x86_64-linux-gnu/libcrypto.so (found version "3.0.2")  
[2.599s] -- Found FastRTPS: /opt/ros/humble/include  
[2.731s] -- Using RMW implementation 'rmw_fastrtps_cpp' as default
[2.800s] -- Looking for pthread.h
[3.233s] -- Looking for pthread.h - found
[3.234s] -- Performing Test CMAKE_HAVE_LIBC_PTHREAD
[3.476s] -- Performing Test CMAKE_HAVE_LIBC_PTHREAD - Success
[3.480s] -- Found Threads: TRUE  
[4.213s] [31mCMake Error at CMakeLists.txt:17 (install):
[4.213s]   install does not recognize sub-command TARGET
[4.213s] 
[4.213s] [0m
[4.214s] -- Found ament_lint_auto: 0.12.9 (/opt/ros/humble/share/ament_lint_auto/cmake)
[4.520s] -- Added test 'cppcheck' to perform static code analysis on C / C++ code
[4.520s] -- Configured cppcheck include dirs: 
[4.521s] -- Configured cppcheck exclude dirs and/or files: 
[4.522s] -- Added test 'lint_cmake' to check CMake code style
[4.524s] -- Added test 'uncrustify' to check C / C++ code style
[4.524s] -- Configured uncrustify additional arguments: 
[4.526s] -- Added test 'xmllint' to check XML markup files
[4.529s] -- Configuring incomplete, errors occurred!
[4.529s] See also "/home/marcos/arduinobot_ws/build/arduinobot_cpp_examples/CMakeFiles/CMakeOutput.log".
[4.545s] gmake: *** [Makefile:226: cmake_check_build_system] Error 1
[4.549s] Invoked command in '/home/marcos/arduinobot_ws/build/arduinobot_cpp_examples' returned '2': CMAKE_PREFIX_PATH=${CMAKE_PREFIX_PATH}:/home/marcos/ros2_ws/install/turtle_catch_them_all:/home/marcos/ros2_ws/install/my_py_pkg:/home/marcos/ros2_ws/install/exo1_py:/opt/ros/humble /usr/bin/cmake --build /home/marcos/arduinobot_ws/build/arduinobot_cpp_examples -- -j2 -l2
