[0.674s] Invoking command in '/home/marcos/arduinobot_ws/src/arduinobot_py_examples': PYTHONPATH=/home/marcos/arduinobot_ws/build/arduinobot_py_examples/prefix_override:/home/marcos/arduinobot_ws/install/arduinobot_py_examples/lib/python3.10/site-packages:${PYTHONPATH} /usr/bin/python3 setup.py egg_info --egg-base ../../build/arduinobot_py_examples build --build-base /home/marcos/arduinobot_ws/build/arduinobot_py_examples/build install --record /home/marcos/arduinobot_ws/build/arduinobot_py_examples/install.log --single-version-externally-managed
[0.877s] running egg_info
[0.878s] writing ../../build/arduinobot_py_examples/arduinobot_py_examples.egg-info/PKG-INFO
[0.878s] writing dependency_links to ../../build/arduinobot_py_examples/arduinobot_py_examples.egg-info/dependency_links.txt
[0.878s] writing entry points to ../../build/arduinobot_py_examples/arduinobot_py_examples.egg-info/entry_points.txt
[0.879s] writing requirements to ../../build/arduinobot_py_examples/arduinobot_py_examples.egg-info/requires.txt
[0.879s] writing top-level names to ../../build/arduinobot_py_examples/arduinobot_py_examples.egg-info/top_level.txt
[0.880s] reading manifest file '../../build/arduinobot_py_examples/arduinobot_py_examples.egg-info/SOURCES.txt'
[0.881s] writing manifest file '../../build/arduinobot_py_examples/arduinobot_py_examples.egg-info/SOURCES.txt'
[0.881s] running build
[0.881s] running build_py
[0.881s] running install
[0.882s] running install_lib
[0.883s] running install_data
[0.883s] running install_egg_info
[0.884s] removing '/home/marcos/arduinobot_ws/install/arduinobot_py_examples/lib/python3.10/site-packages/arduinobot_py_examples-0.0.0-py3.10.egg-info' (and everything under it)
[0.884s] Copying ../../build/arduinobot_py_examples/arduinobot_py_examples.egg-info to /home/marcos/arduinobot_ws/install/arduinobot_py_examples/lib/python3.10/site-packages/arduinobot_py_examples-0.0.0-py3.10.egg-info
[0.885s] running install_scripts
[0.902s] Installing simple_publisher script to /home/marcos/arduinobot_ws/install/arduinobot_py_examples/lib/arduinobot_py_examples
[0.905s] writing list of installed files to '/home/marcos/arduinobot_ws/build/arduinobot_py_examples/install.log'
[0.927s] Invoked command in '/home/marcos/arduinobot_ws/src/arduinobot_py_examples' returned '0': PYTHONPATH=/home/marcos/arduinobot_ws/build/arduinobot_py_examples/prefix_override:/home/marcos/arduinobot_ws/install/arduinobot_py_examples/lib/python3.10/site-packages:${PYTHONPATH} /usr/bin/python3 setup.py egg_info --egg-base ../../build/arduinobot_py_examples build --build-base /home/marcos/arduinobot_ws/build/arduinobot_py_examples/build install --record /home/marcos/arduinobot_ws/build/arduinobot_py_examples/install.log --single-version-externally-managed
