[2.697s] DEBUG:colcon:Command line arguments: ['/usr/bin/colcon', 'list', '-p', '--base-paths', '/home/marcos/arduinobot_ws']
[2.698s] DEBUG:colcon:Parsed command line arguments: Namespace(log_base=None, log_level=None, verb_name='list', build_base='build', ignore_user_meta=False, metas=['./colcon.meta'], base_paths=['/home/marcos/arduinobot_ws'], packages_ignore=None, packages_ignore_regex=None, paths=None, packages_up_to=None, packages_up_to_regex=None, packages_above=None, packages_above_and_dependencies=None, packages_above_depth=None, packages_select_by_dep=None, packages_skip_by_dep=None, packages_skip_up_to=None, packages_select_build_failed=False, packages_skip_build_finished=False, packages_select_test_failures=False, packages_skip_test_passed=False, packages_select=None, packages_skip=None, packages_select_regex=None, packages_skip_regex=None, packages_start=None, packages_end=None, allow_overriding=[], topological_order=False, names_only=False, paths_only=True, topological_graph=False, topological_graph_dot=False, topological_graph_density=False, topological_graph_legend=False, topological_graph_dot_cluster=False, topological_graph_dot_include_skipped=False, verb_parser=<colcon_defaults.argument_parser.defaults.DefaultArgumentsDecorator object at 0x7abb68999c00>, verb_extension=<colcon_package_information.verb.list.ListVerb object at 0x7abb68b21ea0>, main=<bound method ListVerb.main of <colcon_package_information.verb.list.ListVerb object at 0x7abb68b21ea0>>)
[5.084s] Level 1:colcon.colcon_core.package_discovery:discover_packages(colcon_meta) check parameters
[5.084s] Level 1:colcon.colcon_core.package_discovery:discover_packages(recursive) check parameters
[5.085s] Level 1:colcon.colcon_core.package_discovery:discover_packages(ignore) check parameters
[5.085s] Level 1:colcon.colcon_core.package_discovery:discover_packages(path) check parameters
[5.085s] Level 1:colcon.colcon_core.package_discovery:discover_packages(recursive) discover
[5.085s] INFO:colcon.colcon_core.package_discovery:Crawling recursively for packages in '/home/marcos/arduinobot_ws'
[5.085s] Level 1:colcon.colcon_core.package_identification:_identify(/home/marcos/arduinobot_ws) by extensions ['ignore', 'ignore_ament_install']
[5.086s] Level 1:colcon.colcon_core.package_identification:_identify(/home/marcos/arduinobot_ws) by extension 'ignore'
[5.086s] Level 1:colcon.colcon_core.package_identification:_identify(/home/marcos/arduinobot_ws) by extension 'ignore_ament_install'
[5.086s] Level 1:colcon.colcon_core.package_identification:_identify(/home/marcos/arduinobot_ws) by extensions ['colcon_pkg']
[5.086s] Level 1:colcon.colcon_core.package_identification:_identify(/home/marcos/arduinobot_ws) by extension 'colcon_pkg'
[5.086s] Level 1:colcon.colcon_core.package_identification:_identify(/home/marcos/arduinobot_ws) by extensions ['colcon_meta']
[5.087s] Level 1:colcon.colcon_core.package_identification:_identify(/home/marcos/arduinobot_ws) by extension 'colcon_meta'
[5.087s] Level 1:colcon.colcon_core.package_identification:_identify(/home/marcos/arduinobot_ws) by extensions ['ros']
[5.087s] Level 1:colcon.colcon_core.package_identification:_identify(/home/marcos/arduinobot_ws) by extension 'ros'
[5.194s] Level 1:colcon.colcon_core.package_identification:_identify(/home/marcos/arduinobot_ws) by extensions ['cmake', 'python']
[5.194s] Level 1:colcon.colcon_core.package_identification:_identify(/home/marcos/arduinobot_ws) by extension 'cmake'
[5.195s] Level 1:colcon.colcon_core.package_identification:_identify(/home/marcos/arduinobot_ws) by extension 'python'
[5.195s] Level 1:colcon.colcon_core.package_identification:_identify(/home/marcos/arduinobot_ws) by extensions ['python_setup_py']
[5.195s] Level 1:colcon.colcon_core.package_identification:_identify(/home/marcos/arduinobot_ws) by extension 'python_setup_py'
[5.195s] Level 1:colcon.colcon_core.package_identification:_identify(/home/marcos/arduinobot_ws/build) by extensions ['ignore', 'ignore_ament_install']
[5.196s] Level 1:colcon.colcon_core.package_identification:_identify(/home/marcos/arduinobot_ws/build) by extension 'ignore'
[5.196s] Level 1:colcon.colcon_core.package_identification:_identify(/home/marcos/arduinobot_ws/build) ignored
[5.197s] Level 1:colcon.colcon_core.package_identification:_identify(/home/marcos/arduinobot_ws/install) by extensions ['ignore', 'ignore_ament_install']
[5.197s] Level 1:colcon.colcon_core.package_identification:_identify(/home/marcos/arduinobot_ws/install) by extension 'ignore'
[5.197s] Level 1:colcon.colcon_core.package_identification:_identify(/home/marcos/arduinobot_ws/install) ignored
[5.198s] Level 1:colcon.colcon_core.package_identification:_identify(/home/marcos/arduinobot_ws/log) by extensions ['ignore', 'ignore_ament_install']
[5.198s] Level 1:colcon.colcon_core.package_identification:_identify(/home/marcos/arduinobot_ws/log) by extension 'ignore'
[5.198s] Level 1:colcon.colcon_core.package_identification:_identify(/home/marcos/arduinobot_ws/log) ignored
[5.198s] Level 1:colcon.colcon_core.package_identification:_identify(/home/marcos/arduinobot_ws/src) by extensions ['ignore', 'ignore_ament_install']
[5.199s] Level 1:colcon.colcon_core.package_identification:_identify(/home/marcos/arduinobot_ws/src) by extension 'ignore'
[5.199s] Level 1:colcon.colcon_core.package_identification:_identify(/home/marcos/arduinobot_ws/src) by extension 'ignore_ament_install'
[5.199s] Level 1:colcon.colcon_core.package_identification:_identify(/home/marcos/arduinobot_ws/src) by extensions ['colcon_pkg']
[5.199s] Level 1:colcon.colcon_core.package_identification:_identify(/home/marcos/arduinobot_ws/src) by extension 'colcon_pkg'
[5.199s] Level 1:colcon.colcon_core.package_identification:_identify(/home/marcos/arduinobot_ws/src) by extensions ['colcon_meta']
[5.200s] Level 1:colcon.colcon_core.package_identification:_identify(/home/marcos/arduinobot_ws/src) by extension 'colcon_meta'
[5.200s] Level 1:colcon.colcon_core.package_identification:_identify(/home/marcos/arduinobot_ws/src) by extensions ['ros']
[5.200s] Level 1:colcon.colcon_core.package_identification:_identify(/home/marcos/arduinobot_ws/src) by extension 'ros'
[5.200s] Level 1:colcon.colcon_core.package_identification:_identify(/home/marcos/arduinobot_ws/src) by extensions ['cmake', 'python']
[5.200s] Level 1:colcon.colcon_core.package_identification:_identify(/home/marcos/arduinobot_ws/src) by extension 'cmake'
[5.200s] Level 1:colcon.colcon_core.package_identification:_identify(/home/marcos/arduinobot_ws/src) by extension 'python'
[5.200s] Level 1:colcon.colcon_core.package_identification:_identify(/home/marcos/arduinobot_ws/src) by extensions ['python_setup_py']
[5.201s] Level 1:colcon.colcon_core.package_identification:_identify(/home/marcos/arduinobot_ws/src) by extension 'python_setup_py'
[5.201s] Level 1:colcon.colcon_core.package_identification:_identify(/home/marcos/arduinobot_ws/src/arduinobot_cpp_examples) by extensions ['ignore', 'ignore_ament_install']
[5.201s] Level 1:colcon.colcon_core.package_identification:_identify(/home/marcos/arduinobot_ws/src/arduinobot_cpp_examples) by extension 'ignore'
[5.201s] Level 1:colcon.colcon_core.package_identification:_identify(/home/marcos/arduinobot_ws/src/arduinobot_cpp_examples) by extension 'ignore_ament_install'
[5.202s] Level 1:colcon.colcon_core.package_identification:_identify(/home/marcos/arduinobot_ws/src/arduinobot_cpp_examples) by extensions ['colcon_pkg']
[5.202s] Level 1:colcon.colcon_core.package_identification:_identify(/home/marcos/arduinobot_ws/src/arduinobot_cpp_examples) by extension 'colcon_pkg'
[5.202s] Level 1:colcon.colcon_core.package_identification:_identify(/home/marcos/arduinobot_ws/src/arduinobot_cpp_examples) by extensions ['colcon_meta']
[5.202s] Level 1:colcon.colcon_core.package_identification:_identify(/home/marcos/arduinobot_ws/src/arduinobot_cpp_examples) by extension 'colcon_meta'
[5.202s] Level 1:colcon.colcon_core.package_identification:_identify(/home/marcos/arduinobot_ws/src/arduinobot_cpp_examples) by extensions ['ros']
[5.202s] Level 1:colcon.colcon_core.package_identification:_identify(/home/marcos/arduinobot_ws/src/arduinobot_cpp_examples) by extension 'ros'
[5.211s] DEBUG:colcon.colcon_core.package_identification:Package '/home/marcos/arduinobot_ws/src/arduinobot_cpp_examples' with type 'ros.ament_cmake' and name 'arduinobot_cpp_examples'
[5.212s] Level 1:colcon.colcon_core.package_identification:_identify(/home/marcos/arduinobot_ws/src/arduinobot_description) by extensions ['ignore', 'ignore_ament_install']
[5.212s] Level 1:colcon.colcon_core.package_identification:_identify(/home/marcos/arduinobot_ws/src/arduinobot_description) by extension 'ignore'
[5.213s] Level 1:colcon.colcon_core.package_identification:_identify(/home/marcos/arduinobot_ws/src/arduinobot_description) by extension 'ignore_ament_install'
[5.213s] Level 1:colcon.colcon_core.package_identification:_identify(/home/marcos/arduinobot_ws/src/arduinobot_description) by extensions ['colcon_pkg']
[5.213s] Level 1:colcon.colcon_core.package_identification:_identify(/home/marcos/arduinobot_ws/src/arduinobot_description) by extension 'colcon_pkg'
[5.213s] Level 1:colcon.colcon_core.package_identification:_identify(/home/marcos/arduinobot_ws/src/arduinobot_description) by extensions ['colcon_meta']
[5.214s] Level 1:colcon.colcon_core.package_identification:_identify(/home/marcos/arduinobot_ws/src/arduinobot_description) by extension 'colcon_meta'
[5.214s] Level 1:colcon.colcon_core.package_identification:_identify(/home/marcos/arduinobot_ws/src/arduinobot_description) by extensions ['ros']
[5.214s] Level 1:colcon.colcon_core.package_identification:_identify(/home/marcos/arduinobot_ws/src/arduinobot_description) by extension 'ros'
[5.216s] DEBUG:colcon.colcon_core.package_identification:Package '/home/marcos/arduinobot_ws/src/arduinobot_description' with type 'ros.ament_cmake' and name 'arduinobot_description'
[5.216s] Level 1:colcon.colcon_core.package_identification:_identify(/home/marcos/arduinobot_ws/src/arduinobot_py_examples) by extensions ['ignore', 'ignore_ament_install']
[5.217s] Level 1:colcon.colcon_core.package_identification:_identify(/home/marcos/arduinobot_ws/src/arduinobot_py_examples) by extension 'ignore'
[5.217s] Level 1:colcon.colcon_core.package_identification:_identify(/home/marcos/arduinobot_ws/src/arduinobot_py_examples) by extension 'ignore_ament_install'
[5.217s] Level 1:colcon.colcon_core.package_identification:_identify(/home/marcos/arduinobot_ws/src/arduinobot_py_examples) by extensions ['colcon_pkg']
[5.217s] Level 1:colcon.colcon_core.package_identification:_identify(/home/marcos/arduinobot_ws/src/arduinobot_py_examples) by extension 'colcon_pkg'
[5.217s] Level 1:colcon.colcon_core.package_identification:_identify(/home/marcos/arduinobot_ws/src/arduinobot_py_examples) by extensions ['colcon_meta']
[5.217s] Level 1:colcon.colcon_core.package_identification:_identify(/home/marcos/arduinobot_ws/src/arduinobot_py_examples) by extension 'colcon_meta'
[5.218s] Level 1:colcon.colcon_core.package_identification:_identify(/home/marcos/arduinobot_ws/src/arduinobot_py_examples) by extensions ['ros']
[5.218s] Level 1:colcon.colcon_core.package_identification:_identify(/home/marcos/arduinobot_ws/src/arduinobot_py_examples) by extension 'ros'
[5.220s] DEBUG:colcon.colcon_core.package_identification:Package '/home/marcos/arduinobot_ws/src/arduinobot_py_examples' with type 'ros.ament_python' and name 'arduinobot_py_examples'
[5.220s] Level 1:colcon.colcon_core.package_discovery:discover_packages(recursive) using defaults
