[0.005s] Invoking command in '/home/marcos/arduinobot_ws/build/arduinobot_interfaces': CMAKE_PREFIX_PATH=${CMAKE_PREFIX_PATH}:/home/marcos/ros2_ws/install/turtle_catch_them_all:/home/marcos/ros2_ws/install/my_py_pkg:/home/marcos/ros2_ws/install/exo1_py:/opt/ros/humble /usr/bin/cmake /home/marcos/arduinobot_ws/src/arduinobot_interfaces -DCMAKE_INSTALL_PREFIX=/home/marcos/arduinobot_ws/install/arduinobot_interfaces
[0.015s] [33mCMake Warning (dev) at CMakeLists.txt:13:
[0.016s]   Syntax Warning in cmake code at column 30
[0.016s] 
[0.016s]   Argument not separated from preceding token by whitespace.
[0.016s] This warning is for project developers.  Use -Wno-dev to suppress it.
[0.016s] [0m
[0.020s] -- Found ament_cmake: 1.3.10 (/opt/ros/humble/share/ament_cmake/cmake)
[0.152s] -- Found rosidl_default_generators: 1.2.0 (/opt/ros/humble/share/rosidl_default_generators/cmake)
[0.154s] -- Using all available rosidl_typesupport_c: rosidl_typesupport_fastrtps_c;rosidl_typesupport_introspection_c
[0.157s] -- Found rosidl_adapter: 3.1.5 (/opt/ros/humble/share/rosidl_adapter/cmake)
[0.177s] -- Using all available rosidl_typesupport_cpp: rosidl_typesupport_fastrtps_cpp;rosidl_typesupport_introspection_cpp
[0.195s] [31mCMake Error at /opt/ros/humble/share/rosidl_cmake/cmake/rosidl_generate_interfaces.cmake:93 (message):
[0.195s]   rosidl_generate_interfaces() the passed file ',' doesn't exist relative to
[0.195s]   the CMAKE_CURRENT_SOURCE_DIR
[0.195s]   '/home/marcos/arduinobot_ws/src/arduinobot_interfaces'
[0.195s] Call Stack (most recent call first):
[0.195s]   CMakeLists.txt:12 (rosidl_generate_interfaces)
[0.195s] 
[0.195s] [0m
[0.197s] -- Configuring incomplete, errors occurred!
[0.197s] See also "/home/marcos/arduinobot_ws/build/arduinobot_interfaces/CMakeFiles/CMakeOutput.log".
[0.333s] Invoked command in '/home/marcos/arduinobot_ws/build/arduinobot_interfaces' returned '1': CMAKE_PREFIX_PATH=${CMAKE_PREFIX_PATH}:/home/marcos/ros2_ws/install/turtle_catch_them_all:/home/marcos/ros2_ws/install/my_py_pkg:/home/marcos/ros2_ws/install/exo1_py:/opt/ros/humble /usr/bin/cmake /home/marcos/arduinobot_ws/src/arduinobot_interfaces -DCMAKE_INSTALL_PREFIX=/home/marcos/arduinobot_ws/install/arduinobot_interfaces
