[0.033s] Invoking command in '/home/marcos/arduinobot_ws/build/arduinobot_description': CMAKE_PREFIX_PATH=${CMAKE_PREFIX_PATH}:/home/marcos/arduinobot_ws/install/arduinobot_py_examples:/home/marcos/ros2_ws/install/turtle_catch_them_all:/home/marcos/ros2_ws/install/my_py_pkg:/home/marcos/ros2_ws/install/exo1_py:/opt/ros/humble /usr/bin/cmake --build /home/marcos/arduinobot_ws/build/arduinobot_description -- -j2 -l2
[0.077s] -- Found ament_cmake: 1.3.10 (/opt/ros/humble/share/ament_cmake/cmake)
[0.254s] -- Override CMake install command with custom implementation using symlinks instead of copying resources
[0.273s] -- Found ament_lint_auto: 0.12.11 (/opt/ros/humble/share/ament_lint_auto/cmake)
[0.397s] -- Added test 'flake8' to check Python code syntax and style conventions
[0.403s] -- Added test 'lint_cmake' to check CMake code style
[0.403s] -- Added test 'pep257' to check Python code against some of the docstring style conventions in PEP 257
[0.407s] -- Added test 'xmllint' to check XML markup files
[0.407s] -- Configuring done
[0.419s] -- Generating done
[0.422s] -- Build files have been written to: /home/marcos/arduinobot_ws/build/arduinobot_description
[0.476s] Invoked command in '/home/marcos/arduinobot_ws/build/arduinobot_description' returned '0': CMAKE_PREFIX_PATH=${CMAKE_PREFIX_PATH}:/home/marcos/arduinobot_ws/install/arduinobot_py_examples:/home/marcos/ros2_ws/install/turtle_catch_them_all:/home/marcos/ros2_ws/install/my_py_pkg:/home/marcos/ros2_ws/install/exo1_py:/opt/ros/humble /usr/bin/cmake --build /home/marcos/arduinobot_ws/build/arduinobot_description -- -j2 -l2
[0.534s] Invoking command in '/home/marcos/arduinobot_ws/build/arduinobot_description': CMAKE_PREFIX_PATH=${CMAKE_PREFIX_PATH}:/home/marcos/arduinobot_ws/install/arduinobot_py_examples:/home/marcos/ros2_ws/install/turtle_catch_them_all:/home/marcos/ros2_ws/install/my_py_pkg:/home/marcos/ros2_ws/install/exo1_py:/opt/ros/humble /usr/bin/cmake --install /home/marcos/arduinobot_ws/build/arduinobot_description
[0.553s] -- Install configuration: ""
[0.553s] -- Execute custom install script
[0.554s] -- Up-to-date symlink: /home/marcos/arduinobot_ws/install/arduinobot_description/share/arduinobot_description/meshes/base_plate.STL
[0.555s] -- Up-to-date symlink: /home/marcos/arduinobot_ws/install/arduinobot_description/share/arduinobot_description/meshes/basement.STL
[0.557s] -- Up-to-date symlink: /home/marcos/arduinobot_ws/install/arduinobot_description/share/arduinobot_description/meshes/claw_support.STL
[0.557s] -- Up-to-date symlink: /home/marcos/arduinobot_ws/install/arduinobot_description/share/arduinobot_description/meshes/forward_drive_arm.STL
[0.559s] -- Up-to-date symlink: /home/marcos/arduinobot_ws/install/arduinobot_description/share/arduinobot_description/meshes/horizontal_arm.STL
[0.559s] -- Up-to-date symlink: /home/marcos/arduinobot_ws/install/arduinobot_description/share/arduinobot_description/meshes/left_finger.STL
[0.560s] -- Up-to-date symlink: /home/marcos/arduinobot_ws/install/arduinobot_description/share/arduinobot_description/meshes/link.STL
[0.563s] -- Up-to-date symlink: /home/marcos/arduinobot_ws/install/arduinobot_description/share/arduinobot_description/meshes/pi_camera.STL
[0.563s] -- Up-to-date symlink: /home/marcos/arduinobot_ws/install/arduinobot_description/share/arduinobot_description/meshes/plate.STL
[0.563s] -- Up-to-date symlink: /home/marcos/arduinobot_ws/install/arduinobot_description/share/arduinobot_description/meshes/right_finger.STL
[0.565s] -- Up-to-date symlink: /home/marcos/arduinobot_ws/install/arduinobot_description/share/arduinobot_description/meshes/round_plate.STL
[0.570s] -- Up-to-date symlink: /home/marcos/arduinobot_ws/install/arduinobot_description/share/arduinobot_description/meshes/servo_plate.STL
[0.571s] -- Up-to-date symlink: /home/marcos/arduinobot_ws/install/arduinobot_description/share/arduinobot_description/meshes/triangular_link.STL
[0.571s] -- Up-to-date symlink: /home/marcos/arduinobot_ws/install/arduinobot_description/share/arduinobot_description/meshes/vertical_drive_arm.STL
[0.571s] -- Up-to-date symlink: /home/marcos/arduinobot_ws/install/arduinobot_description/share/arduinobot_description/models/ground_plane/model-1_2.sdf
[0.571s] -- Up-to-date symlink: /home/marcos/arduinobot_ws/install/arduinobot_description/share/arduinobot_description/models/ground_plane/model-1_3.sdf
[0.572s] -- Up-to-date symlink: /home/marcos/arduinobot_ws/install/arduinobot_description/share/arduinobot_description/models/ground_plane/model-1_4.sdf
[0.572s] -- Up-to-date symlink: /home/marcos/arduinobot_ws/install/arduinobot_description/share/arduinobot_description/models/ground_plane/model.config
[0.572s] -- Up-to-date symlink: /home/marcos/arduinobot_ws/install/arduinobot_description/share/arduinobot_description/models/ground_plane/model.sdf
[0.573s] -- Up-to-date symlink: /home/marcos/arduinobot_ws/install/arduinobot_description/share/arduinobot_description/models/sun/model-1_2.sdf
[0.576s] -- Up-to-date symlink: /home/marcos/arduinobot_ws/install/arduinobot_description/share/arduinobot_description/models/sun/model-1_3.sdf
[0.576s] -- Up-to-date symlink: /home/marcos/arduinobot_ws/install/arduinobot_description/share/arduinobot_description/models/sun/model-1_4.sdf
[0.576s] -- Up-to-date symlink: /home/marcos/arduinobot_ws/install/arduinobot_description/share/arduinobot_description/models/sun/model.config
[0.576s] -- Up-to-date symlink: /home/marcos/arduinobot_ws/install/arduinobot_description/share/arduinobot_description/models/sun/model.sdf
[0.582s] -- Up-to-date symlink: /home/marcos/arduinobot_ws/install/arduinobot_description/share/arduinobot_description/urdf/arduinobot.urdf.xacro
[0.582s] -- Symlinking: /home/marcos/arduinobot_ws/install/arduinobot_description/share/arduinobot_description/urdf/arduinobot_gazebo.xacro
[0.622s] -- Symlinking: /home/marcos/arduinobot_ws/install/arduinobot_description/share/arduinobot_description/urdf/arduinobot_ros2_control.xacro
[0.645s] -- Up-to-date symlink: /home/marcos/arduinobot_ws/install/arduinobot_description/share/arduinobot_description/launch/display.launch.py
[0.646s] -- Up-to-date symlink: /home/marcos/arduinobot_ws/install/arduinobot_description/share/arduinobot_description/launch/gazebo.launch.py
[0.646s] -- Up-to-date symlink: /home/marcos/arduinobot_ws/install/arduinobot_description/share/arduinobot_description/rviz/display.rviz
[0.647s] -- Up-to-date symlink: /home/marcos/arduinobot_ws/install/arduinobot_description/share/ament_index/resource_index/package_run_dependencies/arduinobot_description
[0.647s] -- Up-to-date symlink: /home/marcos/arduinobot_ws/install/arduinobot_description/share/ament_index/resource_index/parent_prefix_path/arduinobot_description
[0.648s] -- Up-to-date symlink: /home/marcos/arduinobot_ws/install/arduinobot_description/share/arduinobot_description/environment/ament_prefix_path.sh
[0.650s] -- Up-to-date symlink: /home/marcos/arduinobot_ws/install/arduinobot_description/share/arduinobot_description/environment/ament_prefix_path.dsv
[0.650s] -- Up-to-date symlink: /home/marcos/arduinobot_ws/install/arduinobot_description/share/arduinobot_description/environment/path.sh
[0.650s] -- Up-to-date symlink: /home/marcos/arduinobot_ws/install/arduinobot_description/share/arduinobot_description/environment/path.dsv
[0.651s] -- Up-to-date symlink: /home/marcos/arduinobot_ws/install/arduinobot_description/share/arduinobot_description/local_setup.bash
[0.652s] -- Up-to-date symlink: /home/marcos/arduinobot_ws/install/arduinobot_description/share/arduinobot_description/local_setup.sh
[0.652s] -- Up-to-date symlink: /home/marcos/arduinobot_ws/install/arduinobot_description/share/arduinobot_description/local_setup.zsh
[0.652s] -- Up-to-date symlink: /home/marcos/arduinobot_ws/install/arduinobot_description/share/arduinobot_description/local_setup.dsv
[0.653s] -- Symlinking: /home/marcos/arduinobot_ws/install/arduinobot_description/share/arduinobot_description/package.dsv
[0.674s] -- Up-to-date symlink: /home/marcos/arduinobot_ws/install/arduinobot_description/share/ament_index/resource_index/packages/arduinobot_description
[0.674s] -- Up-to-date symlink: /home/marcos/arduinobot_ws/install/arduinobot_description/share/arduinobot_description/cmake/arduinobot_descriptionConfig.cmake
[0.675s] -- Up-to-date symlink: /home/marcos/arduinobot_ws/install/arduinobot_description/share/arduinobot_description/cmake/arduinobot_descriptionConfig-version.cmake
[0.675s] -- Up-to-date symlink: /home/marcos/arduinobot_ws/install/arduinobot_description/share/arduinobot_description/package.xml
[0.680s] Invoked command in '/home/marcos/arduinobot_ws/build/arduinobot_description' returned '0': CMAKE_PREFIX_PATH=${CMAKE_PREFIX_PATH}:/home/marcos/arduinobot_ws/install/arduinobot_py_examples:/home/marcos/ros2_ws/install/turtle_catch_them_all:/home/marcos/ros2_ws/install/my_py_pkg:/home/marcos/ros2_ws/install/exo1_py:/opt/ros/humble /usr/bin/cmake --install /home/marcos/arduinobot_ws/build/arduinobot_description
