[0.072s] DEBUG:colcon:Command line arguments: ['/usr/bin/colcon', 'build']
[0.072s] DEBUG:colcon:Parsed command line arguments: Namespace(log_base=None, log_level=None, verb_name='build', build_base='build', install_base='install', merge_install=False, symlink_install=False, test_result_base=None, continue_on_error=False, executor='parallel', parallel_workers=2, event_handlers=None, ignore_user_meta=False, metas=['./colcon.meta'], base_paths=['.'], packages_ignore=None, packages_ignore_regex=None, paths=None, packages_up_to=None, packages_up_to_regex=None, packages_above=None, packages_above_and_dependencies=None, packages_above_depth=None, packages_select_by_dep=None, packages_skip_by_dep=None, packages_skip_up_to=None, packages_select_build_failed=False, packages_skip_build_finished=False, packages_select_test_failures=False, packages_skip_test_passed=False, packages_select=None, packages_skip=None, packages_select_regex=None, packages_skip_regex=None, packages_start=None, packages_end=None, allow_overriding=[], cmake_args=None, cmake_target=None, cmake_target_skip_unavailable=False, cmake_clean_cache=False, cmake_clean_first=False, cmake_force_configure=False, ament_cmake_args=None, catkin_cmake_args=None, catkin_skip_building_tests=False, verb_parser=<colcon_defaults.argument_parser.defaults.DefaultArgumentsDecorator object at 0x7212d7f29030>, verb_extension=<colcon_core.verb.build.BuildVerb object at 0x7212d809e8f0>, main=<bound method BuildVerb.main of <colcon_core.verb.build.BuildVerb object at 0x7212d809e8f0>>)
[0.179s] Level 1:colcon.colcon_core.package_discovery:discover_packages(colcon_meta) check parameters
[0.180s] Level 1:colcon.colcon_core.package_discovery:discover_packages(recursive) check parameters
[0.180s] Level 1:colcon.colcon_core.package_discovery:discover_packages(ignore) check parameters
[0.180s] Level 1:colcon.colcon_core.package_discovery:discover_packages(path) check parameters
[0.180s] Level 1:colcon.colcon_core.package_discovery:discover_packages(colcon_meta) discover
[0.180s] Level 1:colcon.colcon_core.package_discovery:discover_packages(recursive) discover
[0.180s] INFO:colcon.colcon_core.package_discovery:Crawling recursively for packages in '/home/marcos/arduinobot_ws'
[0.180s] Level 1:colcon.colcon_core.package_identification:_identify(.) by extensions ['ignore', 'ignore_ament_install']
[0.180s] Level 1:colcon.colcon_core.package_identification:_identify(.) by extension 'ignore'
[0.180s] Level 1:colcon.colcon_core.package_identification:_identify(.) by extension 'ignore_ament_install'
[0.180s] Level 1:colcon.colcon_core.package_identification:_identify(.) by extensions ['colcon_pkg']
[0.180s] Level 1:colcon.colcon_core.package_identification:_identify(.) by extension 'colcon_pkg'
[0.180s] Level 1:colcon.colcon_core.package_identification:_identify(.) by extensions ['colcon_meta']
[0.180s] Level 1:colcon.colcon_core.package_identification:_identify(.) by extension 'colcon_meta'
[0.180s] Level 1:colcon.colcon_core.package_identification:_identify(.) by extensions ['ros']
[0.180s] Level 1:colcon.colcon_core.package_identification:_identify(.) by extension 'ros'
[0.188s] Level 1:colcon.colcon_core.package_identification:_identify(.) by extensions ['cmake', 'python']
[0.188s] Level 1:colcon.colcon_core.package_identification:_identify(.) by extension 'cmake'
[0.188s] Level 1:colcon.colcon_core.package_identification:_identify(.) by extension 'python'
[0.188s] Level 1:colcon.colcon_core.package_identification:_identify(.) by extensions ['python_setup_py']
[0.189s] Level 1:colcon.colcon_core.package_identification:_identify(.) by extension 'python_setup_py'
[0.189s] Level 1:colcon.colcon_core.package_identification:_identify(build) by extensions ['ignore', 'ignore_ament_install']
[0.189s] Level 1:colcon.colcon_core.package_identification:_identify(build) by extension 'ignore'
[0.189s] Level 1:colcon.colcon_core.package_identification:_identify(build) ignored
[0.189s] Level 1:colcon.colcon_core.package_identification:_identify(install) by extensions ['ignore', 'ignore_ament_install']
[0.189s] Level 1:colcon.colcon_core.package_identification:_identify(install) by extension 'ignore'
[0.189s] Level 1:colcon.colcon_core.package_identification:_identify(install) ignored
[0.189s] Level 1:colcon.colcon_core.package_identification:_identify(log) by extensions ['ignore', 'ignore_ament_install']
[0.189s] Level 1:colcon.colcon_core.package_identification:_identify(log) by extension 'ignore'
[0.190s] Level 1:colcon.colcon_core.package_identification:_identify(log) ignored
[0.190s] Level 1:colcon.colcon_core.package_identification:_identify(src) by extensions ['ignore', 'ignore_ament_install']
[0.190s] Level 1:colcon.colcon_core.package_identification:_identify(src) by extension 'ignore'
[0.190s] Level 1:colcon.colcon_core.package_identification:_identify(src) by extension 'ignore_ament_install'
[0.190s] Level 1:colcon.colcon_core.package_identification:_identify(src) by extensions ['colcon_pkg']
[0.190s] Level 1:colcon.colcon_core.package_identification:_identify(src) by extension 'colcon_pkg'
[0.190s] Level 1:colcon.colcon_core.package_identification:_identify(src) by extensions ['colcon_meta']
[0.190s] Level 1:colcon.colcon_core.package_identification:_identify(src) by extension 'colcon_meta'
[0.190s] Level 1:colcon.colcon_core.package_identification:_identify(src) by extensions ['ros']
[0.190s] Level 1:colcon.colcon_core.package_identification:_identify(src) by extension 'ros'
[0.190s] Level 1:colcon.colcon_core.package_identification:_identify(src) by extensions ['cmake', 'python']
[0.190s] Level 1:colcon.colcon_core.package_identification:_identify(src) by extension 'cmake'
[0.190s] Level 1:colcon.colcon_core.package_identification:_identify(src) by extension 'python'
[0.190s] Level 1:colcon.colcon_core.package_identification:_identify(src) by extensions ['python_setup_py']
[0.190s] Level 1:colcon.colcon_core.package_identification:_identify(src) by extension 'python_setup_py'
[0.190s] Level 1:colcon.colcon_core.package_identification:_identify(src/arduinobot_controller) by extensions ['ignore', 'ignore_ament_install']
[0.190s] Level 1:colcon.colcon_core.package_identification:_identify(src/arduinobot_controller) by extension 'ignore'
[0.190s] Level 1:colcon.colcon_core.package_identification:_identify(src/arduinobot_controller) by extension 'ignore_ament_install'
[0.190s] Level 1:colcon.colcon_core.package_identification:_identify(src/arduinobot_controller) by extensions ['colcon_pkg']
[0.190s] Level 1:colcon.colcon_core.package_identification:_identify(src/arduinobot_controller) by extension 'colcon_pkg'
[0.190s] Level 1:colcon.colcon_core.package_identification:_identify(src/arduinobot_controller) by extensions ['colcon_meta']
[0.191s] Level 1:colcon.colcon_core.package_identification:_identify(src/arduinobot_controller) by extension 'colcon_meta'
[0.191s] Level 1:colcon.colcon_core.package_identification:_identify(src/arduinobot_controller) by extensions ['ros']
[0.191s] Level 1:colcon.colcon_core.package_identification:_identify(src/arduinobot_controller) by extension 'ros'
[0.192s] DEBUG:colcon.colcon_core.package_identification:Package 'src/arduinobot_controller' with type 'ros.ament_cmake' and name 'arduinobot_controller'
[0.192s] Level 1:colcon.colcon_core.package_identification:_identify(src/arduinobot_cpp_examples) by extensions ['ignore', 'ignore_ament_install']
[0.193s] Level 1:colcon.colcon_core.package_identification:_identify(src/arduinobot_cpp_examples) by extension 'ignore'
[0.193s] Level 1:colcon.colcon_core.package_identification:_identify(src/arduinobot_cpp_examples) by extension 'ignore_ament_install'
[0.193s] Level 1:colcon.colcon_core.package_identification:_identify(src/arduinobot_cpp_examples) by extensions ['colcon_pkg']
[0.193s] Level 1:colcon.colcon_core.package_identification:_identify(src/arduinobot_cpp_examples) by extension 'colcon_pkg'
[0.193s] Level 1:colcon.colcon_core.package_identification:_identify(src/arduinobot_cpp_examples) by extensions ['colcon_meta']
[0.193s] Level 1:colcon.colcon_core.package_identification:_identify(src/arduinobot_cpp_examples) by extension 'colcon_meta'
[0.193s] Level 1:colcon.colcon_core.package_identification:_identify(src/arduinobot_cpp_examples) by extensions ['ros']
[0.193s] Level 1:colcon.colcon_core.package_identification:_identify(src/arduinobot_cpp_examples) by extension 'ros'
[0.194s] DEBUG:colcon.colcon_core.package_identification:Package 'src/arduinobot_cpp_examples' with type 'ros.ament_cmake' and name 'arduinobot_cpp_examples'
[0.194s] Level 1:colcon.colcon_core.package_identification:_identify(src/arduinobot_description) by extensions ['ignore', 'ignore_ament_install']
[0.194s] Level 1:colcon.colcon_core.package_identification:_identify(src/arduinobot_description) by extension 'ignore'
[0.194s] Level 1:colcon.colcon_core.package_identification:_identify(src/arduinobot_description) by extension 'ignore_ament_install'
[0.194s] Level 1:colcon.colcon_core.package_identification:_identify(src/arduinobot_description) by extensions ['colcon_pkg']
[0.194s] Level 1:colcon.colcon_core.package_identification:_identify(src/arduinobot_description) by extension 'colcon_pkg'
[0.194s] Level 1:colcon.colcon_core.package_identification:_identify(src/arduinobot_description) by extensions ['colcon_meta']
[0.194s] Level 1:colcon.colcon_core.package_identification:_identify(src/arduinobot_description) by extension 'colcon_meta'
[0.194s] Level 1:colcon.colcon_core.package_identification:_identify(src/arduinobot_description) by extensions ['ros']
[0.194s] Level 1:colcon.colcon_core.package_identification:_identify(src/arduinobot_description) by extension 'ros'
[0.195s] DEBUG:colcon.colcon_core.package_identification:Package 'src/arduinobot_description' with type 'ros.ament_cmake' and name 'arduinobot_description'
[0.195s] Level 1:colcon.colcon_core.package_identification:_identify(src/arduinobot_interfaces) by extensions ['ignore', 'ignore_ament_install']
[0.195s] Level 1:colcon.colcon_core.package_identification:_identify(src/arduinobot_interfaces) by extension 'ignore'
[0.195s] Level 1:colcon.colcon_core.package_identification:_identify(src/arduinobot_interfaces) by extension 'ignore_ament_install'
[0.195s] Level 1:colcon.colcon_core.package_identification:_identify(src/arduinobot_interfaces) by extensions ['colcon_pkg']
[0.195s] Level 1:colcon.colcon_core.package_identification:_identify(src/arduinobot_interfaces) by extension 'colcon_pkg'
[0.195s] Level 1:colcon.colcon_core.package_identification:_identify(src/arduinobot_interfaces) by extensions ['colcon_meta']
[0.195s] Level 1:colcon.colcon_core.package_identification:_identify(src/arduinobot_interfaces) by extension 'colcon_meta'
[0.195s] Level 1:colcon.colcon_core.package_identification:_identify(src/arduinobot_interfaces) by extensions ['ros']
[0.195s] Level 1:colcon.colcon_core.package_identification:_identify(src/arduinobot_interfaces) by extension 'ros'
[0.195s] DEBUG:colcon.colcon_core.package_identification:Package 'src/arduinobot_interfaces' with type 'ros.ament_cmake' and name 'arduinobot_interfaces'
[0.195s] Level 1:colcon.colcon_core.package_identification:_identify(src/arduinobot_py_examples) by extensions ['ignore', 'ignore_ament_install']
[0.195s] Level 1:colcon.colcon_core.package_identification:_identify(src/arduinobot_py_examples) by extension 'ignore'
[0.196s] Level 1:colcon.colcon_core.package_identification:_identify(src/arduinobot_py_examples) by extension 'ignore_ament_install'
[0.196s] Level 1:colcon.colcon_core.package_identification:_identify(src/arduinobot_py_examples) by extensions ['colcon_pkg']
[0.196s] Level 1:colcon.colcon_core.package_identification:_identify(src/arduinobot_py_examples) by extension 'colcon_pkg'
[0.196s] Level 1:colcon.colcon_core.package_identification:_identify(src/arduinobot_py_examples) by extensions ['colcon_meta']
[0.196s] Level 1:colcon.colcon_core.package_identification:_identify(src/arduinobot_py_examples) by extension 'colcon_meta'
[0.196s] Level 1:colcon.colcon_core.package_identification:_identify(src/arduinobot_py_examples) by extensions ['ros']
[0.196s] Level 1:colcon.colcon_core.package_identification:_identify(src/arduinobot_py_examples) by extension 'ros'
[0.196s] DEBUG:colcon.colcon_core.package_identification:Package 'src/arduinobot_py_examples' with type 'ros.ament_python' and name 'arduinobot_py_examples'
[0.196s] Level 1:colcon.colcon_core.package_identification:_identify(src/arduinobot_utils) by extensions ['ignore', 'ignore_ament_install']
[0.197s] Level 1:colcon.colcon_core.package_identification:_identify(src/arduinobot_utils) by extension 'ignore'
[0.197s] Level 1:colcon.colcon_core.package_identification:_identify(src/arduinobot_utils) by extension 'ignore_ament_install'
[0.197s] Level 1:colcon.colcon_core.package_identification:_identify(src/arduinobot_utils) by extensions ['colcon_pkg']
[0.197s] Level 1:colcon.colcon_core.package_identification:_identify(src/arduinobot_utils) by extension 'colcon_pkg'
[0.197s] Level 1:colcon.colcon_core.package_identification:_identify(src/arduinobot_utils) by extensions ['colcon_meta']
[0.197s] Level 1:colcon.colcon_core.package_identification:_identify(src/arduinobot_utils) by extension 'colcon_meta'
[0.197s] Level 1:colcon.colcon_core.package_identification:_identify(src/arduinobot_utils) by extensions ['ros']
[0.197s] Level 1:colcon.colcon_core.package_identification:_identify(src/arduinobot_utils) by extension 'ros'
[0.197s] DEBUG:colcon.colcon_core.package_identification:Package 'src/arduinobot_utils' with type 'ros.ament_cmake' and name 'arduinobot_utils'
[0.197s] Level 1:colcon.colcon_core.package_discovery:discover_packages(recursive) using defaults
[0.198s] Level 1:colcon.colcon_core.package_discovery:discover_packages(ignore) discover
[0.198s] Level 1:colcon.colcon_core.package_discovery:discover_packages(ignore) using defaults
[0.198s] Level 1:colcon.colcon_core.package_discovery:discover_packages(path) discover
[0.198s] Level 1:colcon.colcon_core.package_discovery:discover_packages(path) using defaults
[0.213s] Level 1:colcon.colcon_core.package_discovery:discover_packages(prefix_path) check parameters
[0.213s] Level 1:colcon.colcon_core.package_discovery:discover_packages(prefix_path) discover
[0.214s] DEBUG:colcon.colcon_installed_package_information.package_discovery:Found 7 installed packages in /home/marcos/ros2_ws/install
[0.216s] DEBUG:colcon.colcon_installed_package_information.package_discovery:Found 354 installed packages in /opt/ros/humble
[0.217s] Level 1:colcon.colcon_core.package_discovery:discover_packages(prefix_path) using defaults
[0.254s] Level 5:colcon.colcon_core.verb:set package 'arduinobot_controller' build argument 'cmake_args' from command line to 'None'
[0.254s] Level 5:colcon.colcon_core.verb:set package 'arduinobot_controller' build argument 'cmake_target' from command line to 'None'
[0.254s] Level 5:colcon.colcon_core.verb:set package 'arduinobot_controller' build argument 'cmake_target_skip_unavailable' from command line to 'False'
[0.254s] Level 5:colcon.colcon_core.verb:set package 'arduinobot_controller' build argument 'cmake_clean_cache' from command line to 'False'
[0.254s] Level 5:colcon.colcon_core.verb:set package 'arduinobot_controller' build argument 'cmake_clean_first' from command line to 'False'
[0.254s] Level 5:colcon.colcon_core.verb:set package 'arduinobot_controller' build argument 'cmake_force_configure' from command line to 'False'
[0.255s] Level 5:colcon.colcon_core.verb:set package 'arduinobot_controller' build argument 'ament_cmake_args' from command line to 'None'
[0.255s] Level 5:colcon.colcon_core.verb:set package 'arduinobot_controller' build argument 'catkin_cmake_args' from command line to 'None'
[0.255s] Level 5:colcon.colcon_core.verb:set package 'arduinobot_controller' build argument 'catkin_skip_building_tests' from command line to 'False'
[0.255s] DEBUG:colcon.colcon_core.verb:Building package 'arduinobot_controller' with the following arguments: {'ament_cmake_args': None, 'build_base': '/home/marcos/arduinobot_ws/build/arduinobot_controller', 'catkin_cmake_args': None, 'catkin_skip_building_tests': False, 'cmake_args': None, 'cmake_clean_cache': False, 'cmake_clean_first': False, 'cmake_force_configure': False, 'cmake_target': None, 'cmake_target_skip_unavailable': False, 'install_base': '/home/marcos/arduinobot_ws/install/arduinobot_controller', 'merge_install': False, 'path': '/home/marcos/arduinobot_ws/src/arduinobot_controller', 'symlink_install': False, 'test_result_base': None}
[0.255s] Level 5:colcon.colcon_core.verb:set package 'arduinobot_cpp_examples' build argument 'cmake_args' from command line to 'None'
[0.255s] Level 5:colcon.colcon_core.verb:set package 'arduinobot_cpp_examples' build argument 'cmake_target' from command line to 'None'
[0.255s] Level 5:colcon.colcon_core.verb:set package 'arduinobot_cpp_examples' build argument 'cmake_target_skip_unavailable' from command line to 'False'
[0.255s] Level 5:colcon.colcon_core.verb:set package 'arduinobot_cpp_examples' build argument 'cmake_clean_cache' from command line to 'False'
[0.255s] Level 5:colcon.colcon_core.verb:set package 'arduinobot_cpp_examples' build argument 'cmake_clean_first' from command line to 'False'
[0.255s] Level 5:colcon.colcon_core.verb:set package 'arduinobot_cpp_examples' build argument 'cmake_force_configure' from command line to 'False'
[0.255s] Level 5:colcon.colcon_core.verb:set package 'arduinobot_cpp_examples' build argument 'ament_cmake_args' from command line to 'None'
[0.255s] Level 5:colcon.colcon_core.verb:set package 'arduinobot_cpp_examples' build argument 'catkin_cmake_args' from command line to 'None'
[0.255s] Level 5:colcon.colcon_core.verb:set package 'arduinobot_cpp_examples' build argument 'catkin_skip_building_tests' from command line to 'False'
[0.255s] DEBUG:colcon.colcon_core.verb:Building package 'arduinobot_cpp_examples' with the following arguments: {'ament_cmake_args': None, 'build_base': '/home/marcos/arduinobot_ws/build/arduinobot_cpp_examples', 'catkin_cmake_args': None, 'catkin_skip_building_tests': False, 'cmake_args': None, 'cmake_clean_cache': False, 'cmake_clean_first': False, 'cmake_force_configure': False, 'cmake_target': None, 'cmake_target_skip_unavailable': False, 'install_base': '/home/marcos/arduinobot_ws/install/arduinobot_cpp_examples', 'merge_install': False, 'path': '/home/marcos/arduinobot_ws/src/arduinobot_cpp_examples', 'symlink_install': False, 'test_result_base': None}
[0.256s] Level 5:colcon.colcon_core.verb:set package 'arduinobot_description' build argument 'cmake_args' from command line to 'None'
[0.256s] Level 5:colcon.colcon_core.verb:set package 'arduinobot_description' build argument 'cmake_target' from command line to 'None'
[0.256s] Level 5:colcon.colcon_core.verb:set package 'arduinobot_description' build argument 'cmake_target_skip_unavailable' from command line to 'False'
[0.256s] Level 5:colcon.colcon_core.verb:set package 'arduinobot_description' build argument 'cmake_clean_cache' from command line to 'False'
[0.256s] Level 5:colcon.colcon_core.verb:set package 'arduinobot_description' build argument 'cmake_clean_first' from command line to 'False'
[0.256s] Level 5:colcon.colcon_core.verb:set package 'arduinobot_description' build argument 'cmake_force_configure' from command line to 'False'
[0.256s] Level 5:colcon.colcon_core.verb:set package 'arduinobot_description' build argument 'ament_cmake_args' from command line to 'None'
[0.256s] Level 5:colcon.colcon_core.verb:set package 'arduinobot_description' build argument 'catkin_cmake_args' from command line to 'None'
[0.256s] Level 5:colcon.colcon_core.verb:set package 'arduinobot_description' build argument 'catkin_skip_building_tests' from command line to 'False'
[0.256s] DEBUG:colcon.colcon_core.verb:Building package 'arduinobot_description' with the following arguments: {'ament_cmake_args': None, 'build_base': '/home/marcos/arduinobot_ws/build/arduinobot_description', 'catkin_cmake_args': None, 'catkin_skip_building_tests': False, 'cmake_args': None, 'cmake_clean_cache': False, 'cmake_clean_first': False, 'cmake_force_configure': False, 'cmake_target': None, 'cmake_target_skip_unavailable': False, 'install_base': '/home/marcos/arduinobot_ws/install/arduinobot_description', 'merge_install': False, 'path': '/home/marcos/arduinobot_ws/src/arduinobot_description', 'symlink_install': False, 'test_result_base': None}
[0.256s] Level 5:colcon.colcon_core.verb:set package 'arduinobot_interfaces' build argument 'cmake_args' from command line to 'None'
[0.256s] Level 5:colcon.colcon_core.verb:set package 'arduinobot_interfaces' build argument 'cmake_target' from command line to 'None'
[0.256s] Level 5:colcon.colcon_core.verb:set package 'arduinobot_interfaces' build argument 'cmake_target_skip_unavailable' from command line to 'False'
[0.256s] Level 5:colcon.colcon_core.verb:set package 'arduinobot_interfaces' build argument 'cmake_clean_cache' from command line to 'False'
[0.256s] Level 5:colcon.colcon_core.verb:set package 'arduinobot_interfaces' build argument 'cmake_clean_first' from command line to 'False'
[0.256s] Level 5:colcon.colcon_core.verb:set package 'arduinobot_interfaces' build argument 'cmake_force_configure' from command line to 'False'
[0.256s] Level 5:colcon.colcon_core.verb:set package 'arduinobot_interfaces' build argument 'ament_cmake_args' from command line to 'None'
[0.256s] Level 5:colcon.colcon_core.verb:set package 'arduinobot_interfaces' build argument 'catkin_cmake_args' from command line to 'None'
[0.256s] Level 5:colcon.colcon_core.verb:set package 'arduinobot_interfaces' build argument 'catkin_skip_building_tests' from command line to 'False'
[0.256s] DEBUG:colcon.colcon_core.verb:Building package 'arduinobot_interfaces' with the following arguments: {'ament_cmake_args': None, 'build_base': '/home/marcos/arduinobot_ws/build/arduinobot_interfaces', 'catkin_cmake_args': None, 'catkin_skip_building_tests': False, 'cmake_args': None, 'cmake_clean_cache': False, 'cmake_clean_first': False, 'cmake_force_configure': False, 'cmake_target': None, 'cmake_target_skip_unavailable': False, 'install_base': '/home/marcos/arduinobot_ws/install/arduinobot_interfaces', 'merge_install': False, 'path': '/home/marcos/arduinobot_ws/src/arduinobot_interfaces', 'symlink_install': False, 'test_result_base': None}
[0.257s] Level 5:colcon.colcon_core.verb:set package 'arduinobot_py_examples' build argument 'cmake_args' from command line to 'None'
[0.257s] Level 5:colcon.colcon_core.verb:set package 'arduinobot_py_examples' build argument 'cmake_target' from command line to 'None'
[0.257s] Level 5:colcon.colcon_core.verb:set package 'arduinobot_py_examples' build argument 'cmake_target_skip_unavailable' from command line to 'False'
[0.257s] Level 5:colcon.colcon_core.verb:set package 'arduinobot_py_examples' build argument 'cmake_clean_cache' from command line to 'False'
[0.257s] Level 5:colcon.colcon_core.verb:set package 'arduinobot_py_examples' build argument 'cmake_clean_first' from command line to 'False'
[0.257s] Level 5:colcon.colcon_core.verb:set package 'arduinobot_py_examples' build argument 'cmake_force_configure' from command line to 'False'
[0.257s] Level 5:colcon.colcon_core.verb:set package 'arduinobot_py_examples' build argument 'ament_cmake_args' from command line to 'None'
[0.257s] Level 5:colcon.colcon_core.verb:set package 'arduinobot_py_examples' build argument 'catkin_cmake_args' from command line to 'None'
[0.257s] Level 5:colcon.colcon_core.verb:set package 'arduinobot_py_examples' build argument 'catkin_skip_building_tests' from command line to 'False'
[0.257s] DEBUG:colcon.colcon_core.verb:Building package 'arduinobot_py_examples' with the following arguments: {'ament_cmake_args': None, 'build_base': '/home/marcos/arduinobot_ws/build/arduinobot_py_examples', 'catkin_cmake_args': None, 'catkin_skip_building_tests': False, 'cmake_args': None, 'cmake_clean_cache': False, 'cmake_clean_first': False, 'cmake_force_configure': False, 'cmake_target': None, 'cmake_target_skip_unavailable': False, 'install_base': '/home/marcos/arduinobot_ws/install/arduinobot_py_examples', 'merge_install': False, 'path': '/home/marcos/arduinobot_ws/src/arduinobot_py_examples', 'symlink_install': False, 'test_result_base': None}
[0.257s] Level 5:colcon.colcon_core.verb:set package 'arduinobot_utils' build argument 'cmake_args' from command line to 'None'
[0.257s] Level 5:colcon.colcon_core.verb:set package 'arduinobot_utils' build argument 'cmake_target' from command line to 'None'
[0.257s] Level 5:colcon.colcon_core.verb:set package 'arduinobot_utils' build argument 'cmake_target_skip_unavailable' from command line to 'False'
[0.257s] Level 5:colcon.colcon_core.verb:set package 'arduinobot_utils' build argument 'cmake_clean_cache' from command line to 'False'
[0.257s] Level 5:colcon.colcon_core.verb:set package 'arduinobot_utils' build argument 'cmake_clean_first' from command line to 'False'
[0.257s] Level 5:colcon.colcon_core.verb:set package 'arduinobot_utils' build argument 'cmake_force_configure' from command line to 'False'
[0.257s] Level 5:colcon.colcon_core.verb:set package 'arduinobot_utils' build argument 'ament_cmake_args' from command line to 'None'
[0.257s] Level 5:colcon.colcon_core.verb:set package 'arduinobot_utils' build argument 'catkin_cmake_args' from command line to 'None'
[0.257s] Level 5:colcon.colcon_core.verb:set package 'arduinobot_utils' build argument 'catkin_skip_building_tests' from command line to 'False'
[0.257s] DEBUG:colcon.colcon_core.verb:Building package 'arduinobot_utils' with the following arguments: {'ament_cmake_args': None, 'build_base': '/home/marcos/arduinobot_ws/build/arduinobot_utils', 'catkin_cmake_args': None, 'catkin_skip_building_tests': False, 'cmake_args': None, 'cmake_clean_cache': False, 'cmake_clean_first': False, 'cmake_force_configure': False, 'cmake_target': None, 'cmake_target_skip_unavailable': False, 'install_base': '/home/marcos/arduinobot_ws/install/arduinobot_utils', 'merge_install': False, 'path': '/home/marcos/arduinobot_ws/src/arduinobot_utils', 'symlink_install': False, 'test_result_base': None}
[0.257s] INFO:colcon.colcon_core.executor:Executing jobs using 'parallel' executor
[0.259s] DEBUG:colcon.colcon_parallel_executor.executor.parallel:run_until_complete
[0.259s] INFO:colcon.colcon_ros.task.ament_cmake.build:Building ROS package in '/home/marcos/arduinobot_ws/src/arduinobot_controller' with build type 'ament_cmake'
[0.259s] INFO:colcon.colcon_cmake.task.cmake.build:Building CMake package in '/home/marcos/arduinobot_ws/src/arduinobot_controller'
[0.261s] INFO:colcon.colcon_core.plugin_system:Skipping extension 'colcon_core.shell.bat': Not used on non-Windows systems
[0.261s] INFO:colcon.colcon_core.shell:Skip shell extension 'powershell' for command environment: Not usable outside of PowerShell
[0.261s] DEBUG:colcon.colcon_core.shell:Skip shell extension 'dsv' for command environment
[0.264s] INFO:colcon.colcon_ros.task.ament_cmake.build:Building ROS package in '/home/marcos/arduinobot_ws/src/arduinobot_cpp_examples' with build type 'ament_cmake'
[0.264s] INFO:colcon.colcon_cmake.task.cmake.build:Building CMake package in '/home/marcos/arduinobot_ws/src/arduinobot_cpp_examples'
[0.264s] INFO:colcon.colcon_core.shell:Skip shell extension 'powershell' for command environment: Not usable outside of PowerShell
[0.264s] DEBUG:colcon.colcon_core.shell:Skip shell extension 'dsv' for command environment
[0.272s] DEBUG:colcon.colcon_core.event_handler.log_command:Invoking command in '/home/marcos/arduinobot_ws/build/arduinobot_controller': CMAKE_PREFIX_PATH=${CMAKE_PREFIX_PATH}:/home/marcos/ros2_ws/install/turtle_catch_them_all:/home/marcos/ros2_ws/install/my_py_pkg:/home/marcos/ros2_ws/install/exo1_py:/opt/ros/humble /usr/bin/cmake --build /home/marcos/arduinobot_ws/build/arduinobot_controller -- -j2 -l2
[0.278s] DEBUG:colcon.colcon_core.event_handler.log_command:Invoking command in '/home/marcos/arduinobot_ws/build/arduinobot_cpp_examples': CMAKE_PREFIX_PATH=${CMAKE_PREFIX_PATH}:/home/marcos/ros2_ws/install/turtle_catch_them_all:/home/marcos/ros2_ws/install/my_py_pkg:/home/marcos/ros2_ws/install/exo1_py:/opt/ros/humble /usr/bin/cmake --build /home/marcos/arduinobot_ws/build/arduinobot_cpp_examples -- -j2 -l2
[0.308s] DEBUG:colcon.colcon_core.event_handler.log_command:Invoked command in '/home/marcos/arduinobot_ws/build/arduinobot_controller' returned '0': CMAKE_PREFIX_PATH=${CMAKE_PREFIX_PATH}:/home/marcos/ros2_ws/install/turtle_catch_them_all:/home/marcos/ros2_ws/install/my_py_pkg:/home/marcos/ros2_ws/install/exo1_py:/opt/ros/humble /usr/bin/cmake --build /home/marcos/arduinobot_ws/build/arduinobot_controller -- -j2 -l2
[0.333s] DEBUG:colcon.colcon_core.event_handler.log_command:Invoking command in '/home/marcos/arduinobot_ws/build/arduinobot_controller': CMAKE_PREFIX_PATH=${CMAKE_PREFIX_PATH}:/home/marcos/ros2_ws/install/turtle_catch_them_all:/home/marcos/ros2_ws/install/my_py_pkg:/home/marcos/ros2_ws/install/exo1_py:/opt/ros/humble /usr/bin/cmake --install /home/marcos/arduinobot_ws/build/arduinobot_controller
[0.343s] DEBUG:colcon.colcon_core.event_handler.log_command:Invoked command in '/home/marcos/arduinobot_ws/build/arduinobot_cpp_examples' returned '0': CMAKE_PREFIX_PATH=${CMAKE_PREFIX_PATH}:/home/marcos/ros2_ws/install/turtle_catch_them_all:/home/marcos/ros2_ws/install/my_py_pkg:/home/marcos/ros2_ws/install/exo1_py:/opt/ros/humble /usr/bin/cmake --build /home/marcos/arduinobot_ws/build/arduinobot_cpp_examples -- -j2 -l2
[0.346s] Level 1:colcon.colcon_core.environment:create_environment_scripts_only(arduinobot_controller)
[0.346s] DEBUG:colcon.colcon_core.event_handler.log_command:Invoked command in '/home/marcos/arduinobot_ws/build/arduinobot_controller' returned '0': CMAKE_PREFIX_PATH=${CMAKE_PREFIX_PATH}:/home/marcos/ros2_ws/install/turtle_catch_them_all:/home/marcos/ros2_ws/install/my_py_pkg:/home/marcos/ros2_ws/install/exo1_py:/opt/ros/humble /usr/bin/cmake --install /home/marcos/arduinobot_ws/build/arduinobot_controller
[0.348s] Level 1:colcon.colcon_core.environment:checking '/home/marcos/arduinobot_ws/install/arduinobot_controller' for CMake module files
[0.350s] Level 1:colcon.colcon_core.environment:checking '/home/marcos/arduinobot_ws/install/arduinobot_controller' for CMake config files
[0.350s] Level 1:colcon.colcon_core.shell:create_environment_hook('arduinobot_controller', 'cmake_prefix_path')
[0.350s] INFO:colcon.colcon_core.shell:Creating environment hook '/home/marcos/arduinobot_ws/install/arduinobot_controller/share/arduinobot_controller/hook/cmake_prefix_path.ps1'
[0.351s] INFO:colcon.colcon_core.shell:Creating environment descriptor '/home/marcos/arduinobot_ws/install/arduinobot_controller/share/arduinobot_controller/hook/cmake_prefix_path.dsv'
[0.351s] INFO:colcon.colcon_core.shell:Creating environment hook '/home/marcos/arduinobot_ws/install/arduinobot_controller/share/arduinobot_controller/hook/cmake_prefix_path.sh'
[0.352s] Level 1:colcon.colcon_core.environment:checking '/home/marcos/arduinobot_ws/install/arduinobot_controller/bin'
[0.352s] Level 1:colcon.colcon_core.environment:checking '/home/marcos/arduinobot_ws/install/arduinobot_controller/lib/pkgconfig/arduinobot_controller.pc'
[0.352s] Level 1:colcon.colcon_core.environment:checking '/home/marcos/arduinobot_ws/install/arduinobot_controller/lib/python3.10/site-packages'
[0.352s] Level 1:colcon.colcon_core.environment:checking '/home/marcos/arduinobot_ws/install/arduinobot_controller/bin'
[0.353s] INFO:colcon.colcon_core.shell:Creating package script '/home/marcos/arduinobot_ws/install/arduinobot_controller/share/arduinobot_controller/package.ps1'
[0.353s] INFO:colcon.colcon_core.shell:Creating package descriptor '/home/marcos/arduinobot_ws/install/arduinobot_controller/share/arduinobot_controller/package.dsv'
[0.354s] INFO:colcon.colcon_core.shell:Creating package script '/home/marcos/arduinobot_ws/install/arduinobot_controller/share/arduinobot_controller/package.sh'
[0.354s] INFO:colcon.colcon_core.shell:Creating package script '/home/marcos/arduinobot_ws/install/arduinobot_controller/share/arduinobot_controller/package.bash'
[0.355s] INFO:colcon.colcon_core.shell:Creating package script '/home/marcos/arduinobot_ws/install/arduinobot_controller/share/arduinobot_controller/package.zsh'
[0.355s] Level 1:colcon.colcon_core.environment:create_file_with_runtime_dependencies(/home/marcos/arduinobot_ws/install/arduinobot_controller/share/colcon-core/packages/arduinobot_controller)
[0.368s] DEBUG:colcon.colcon_core.event_handler.log_command:Invoking command in '/home/marcos/arduinobot_ws/build/arduinobot_cpp_examples': CMAKE_PREFIX_PATH=${CMAKE_PREFIX_PATH}:/home/marcos/ros2_ws/install/turtle_catch_them_all:/home/marcos/ros2_ws/install/my_py_pkg:/home/marcos/ros2_ws/install/exo1_py:/opt/ros/humble /usr/bin/cmake --install /home/marcos/arduinobot_ws/build/arduinobot_cpp_examples
[0.377s] Level 1:colcon.colcon_core.environment:create_environment_scripts_only(arduinobot_controller)
[0.378s] Level 1:colcon.colcon_core.environment:checking '/home/marcos/arduinobot_ws/install/arduinobot_controller' for CMake module files
[0.378s] Level 1:colcon.colcon_core.environment:checking '/home/marcos/arduinobot_ws/install/arduinobot_controller' for CMake config files
[0.378s] Level 1:colcon.colcon_core.shell:create_environment_hook('arduinobot_controller', 'cmake_prefix_path')
[0.378s] INFO:colcon.colcon_core.shell:Creating environment hook '/home/marcos/arduinobot_ws/install/arduinobot_controller/share/arduinobot_controller/hook/cmake_prefix_path.ps1'
[0.379s] INFO:colcon.colcon_core.shell:Creating environment descriptor '/home/marcos/arduinobot_ws/install/arduinobot_controller/share/arduinobot_controller/hook/cmake_prefix_path.dsv'
[0.380s] INFO:colcon.colcon_core.shell:Creating environment hook '/home/marcos/arduinobot_ws/install/arduinobot_controller/share/arduinobot_controller/hook/cmake_prefix_path.sh'
[0.382s] Level 1:colcon.colcon_core.environment:checking '/home/marcos/arduinobot_ws/install/arduinobot_controller/bin'
[0.382s] Level 1:colcon.colcon_core.environment:checking '/home/marcos/arduinobot_ws/install/arduinobot_controller/lib/pkgconfig/arduinobot_controller.pc'
[0.382s] Level 1:colcon.colcon_core.environment:checking '/home/marcos/arduinobot_ws/install/arduinobot_controller/lib/python3.10/site-packages'
[0.382s] Level 1:colcon.colcon_core.environment:checking '/home/marcos/arduinobot_ws/install/arduinobot_controller/bin'
[0.383s] INFO:colcon.colcon_core.shell:Creating package script '/home/marcos/arduinobot_ws/install/arduinobot_controller/share/arduinobot_controller/package.ps1'
[0.383s] INFO:colcon.colcon_core.shell:Creating package descriptor '/home/marcos/arduinobot_ws/install/arduinobot_controller/share/arduinobot_controller/package.dsv'
[0.384s] INFO:colcon.colcon_core.shell:Creating package script '/home/marcos/arduinobot_ws/install/arduinobot_controller/share/arduinobot_controller/package.sh'
[0.384s] INFO:colcon.colcon_core.shell:Creating package script '/home/marcos/arduinobot_ws/install/arduinobot_controller/share/arduinobot_controller/package.bash'
[0.385s] INFO:colcon.colcon_core.shell:Creating package script '/home/marcos/arduinobot_ws/install/arduinobot_controller/share/arduinobot_controller/package.zsh'
[0.385s] Level 1:colcon.colcon_core.environment:create_file_with_runtime_dependencies(/home/marcos/arduinobot_ws/install/arduinobot_controller/share/colcon-core/packages/arduinobot_controller)
[0.385s] INFO:colcon.colcon_ros.task.ament_cmake.build:Building ROS package in '/home/marcos/arduinobot_ws/src/arduinobot_description' with build type 'ament_cmake'
[0.386s] INFO:colcon.colcon_cmake.task.cmake.build:Building CMake package in '/home/marcos/arduinobot_ws/src/arduinobot_description'
[0.386s] INFO:colcon.colcon_core.shell:Skip shell extension 'powershell' for command environment: Not usable outside of PowerShell
[0.386s] DEBUG:colcon.colcon_core.shell:Skip shell extension 'dsv' for command environment
[0.391s] Level 1:colcon.colcon_core.environment:create_environment_scripts_only(arduinobot_cpp_examples)
[0.392s] Level 1:colcon.colcon_core.environment:checking '/home/marcos/arduinobot_ws/install/arduinobot_cpp_examples' for CMake module files
[0.394s] DEBUG:colcon.colcon_core.event_handler.log_command:Invoked command in '/home/marcos/arduinobot_ws/build/arduinobot_cpp_examples' returned '0': CMAKE_PREFIX_PATH=${CMAKE_PREFIX_PATH}:/home/marcos/ros2_ws/install/turtle_catch_them_all:/home/marcos/ros2_ws/install/my_py_pkg:/home/marcos/ros2_ws/install/exo1_py:/opt/ros/humble /usr/bin/cmake --install /home/marcos/arduinobot_ws/build/arduinobot_cpp_examples
[0.394s] Level 1:colcon.colcon_core.environment:checking '/home/marcos/arduinobot_ws/install/arduinobot_cpp_examples' for CMake config files
[0.394s] Level 1:colcon.colcon_core.shell:create_environment_hook('arduinobot_cpp_examples', 'cmake_prefix_path')
[0.395s] INFO:colcon.colcon_core.shell:Creating environment hook '/home/marcos/arduinobot_ws/install/arduinobot_cpp_examples/share/arduinobot_cpp_examples/hook/cmake_prefix_path.ps1'
[0.396s] INFO:colcon.colcon_core.shell:Creating environment descriptor '/home/marcos/arduinobot_ws/install/arduinobot_cpp_examples/share/arduinobot_cpp_examples/hook/cmake_prefix_path.dsv'
[0.396s] INFO:colcon.colcon_core.shell:Creating environment hook '/home/marcos/arduinobot_ws/install/arduinobot_cpp_examples/share/arduinobot_cpp_examples/hook/cmake_prefix_path.sh'
[0.397s] Level 1:colcon.colcon_core.environment:checking '/home/marcos/arduinobot_ws/install/arduinobot_cpp_examples/lib'
[0.397s] Level 1:colcon.colcon_core.environment:checking '/home/marcos/arduinobot_ws/install/arduinobot_cpp_examples/bin'
[0.397s] Level 1:colcon.colcon_core.environment:checking '/home/marcos/arduinobot_ws/install/arduinobot_cpp_examples/lib/pkgconfig/arduinobot_cpp_examples.pc'
[0.398s] Level 1:colcon.colcon_core.environment:checking '/home/marcos/arduinobot_ws/install/arduinobot_cpp_examples/lib/python3.10/site-packages'
[0.398s] Level 1:colcon.colcon_core.environment:checking '/home/marcos/arduinobot_ws/install/arduinobot_cpp_examples/bin'
[0.398s] INFO:colcon.colcon_core.shell:Creating package script '/home/marcos/arduinobot_ws/install/arduinobot_cpp_examples/share/arduinobot_cpp_examples/package.ps1'
[0.398s] INFO:colcon.colcon_core.shell:Creating package descriptor '/home/marcos/arduinobot_ws/install/arduinobot_cpp_examples/share/arduinobot_cpp_examples/package.dsv'
[0.399s] INFO:colcon.colcon_core.shell:Creating package script '/home/marcos/arduinobot_ws/install/arduinobot_cpp_examples/share/arduinobot_cpp_examples/package.sh'
[0.400s] INFO:colcon.colcon_core.shell:Creating package script '/home/marcos/arduinobot_ws/install/arduinobot_cpp_examples/share/arduinobot_cpp_examples/package.bash'
[0.400s] INFO:colcon.colcon_core.shell:Creating package script '/home/marcos/arduinobot_ws/install/arduinobot_cpp_examples/share/arduinobot_cpp_examples/package.zsh'
[0.401s] Level 1:colcon.colcon_core.environment:create_file_with_runtime_dependencies(/home/marcos/arduinobot_ws/install/arduinobot_cpp_examples/share/colcon-core/packages/arduinobot_cpp_examples)
[0.407s] DEBUG:colcon.colcon_core.event_handler.log_command:Invoking command in '/home/marcos/arduinobot_ws/build/arduinobot_description': CMAKE_PREFIX_PATH=${CMAKE_PREFIX_PATH}:/home/marcos/ros2_ws/install/turtle_catch_them_all:/home/marcos/ros2_ws/install/my_py_pkg:/home/marcos/ros2_ws/install/exo1_py:/opt/ros/humble /usr/bin/cmake --build /home/marcos/arduinobot_ws/build/arduinobot_description -- -j2 -l2
[0.427s] Level 1:colcon.colcon_core.environment:create_environment_scripts_only(arduinobot_cpp_examples)
[0.427s] Level 1:colcon.colcon_core.environment:checking '/home/marcos/arduinobot_ws/install/arduinobot_cpp_examples' for CMake module files
[0.428s] Level 1:colcon.colcon_core.environment:checking '/home/marcos/arduinobot_ws/install/arduinobot_cpp_examples' for CMake config files
[0.428s] Level 1:colcon.colcon_core.shell:create_environment_hook('arduinobot_cpp_examples', 'cmake_prefix_path')
[0.428s] INFO:colcon.colcon_core.shell:Creating environment hook '/home/marcos/arduinobot_ws/install/arduinobot_cpp_examples/share/arduinobot_cpp_examples/hook/cmake_prefix_path.ps1'
[0.429s] INFO:colcon.colcon_core.shell:Creating environment descriptor '/home/marcos/arduinobot_ws/install/arduinobot_cpp_examples/share/arduinobot_cpp_examples/hook/cmake_prefix_path.dsv'
[0.430s] INFO:colcon.colcon_core.shell:Creating environment hook '/home/marcos/arduinobot_ws/install/arduinobot_cpp_examples/share/arduinobot_cpp_examples/hook/cmake_prefix_path.sh'
[0.431s] Level 1:colcon.colcon_core.environment:checking '/home/marcos/arduinobot_ws/install/arduinobot_cpp_examples/lib'
[0.431s] Level 1:colcon.colcon_core.environment:checking '/home/marcos/arduinobot_ws/install/arduinobot_cpp_examples/bin'
[0.431s] Level 1:colcon.colcon_core.environment:checking '/home/marcos/arduinobot_ws/install/arduinobot_cpp_examples/lib/pkgconfig/arduinobot_cpp_examples.pc'
[0.431s] Level 1:colcon.colcon_core.environment:checking '/home/marcos/arduinobot_ws/install/arduinobot_cpp_examples/lib/python3.10/site-packages'
[0.431s] Level 1:colcon.colcon_core.environment:checking '/home/marcos/arduinobot_ws/install/arduinobot_cpp_examples/bin'
[0.432s] INFO:colcon.colcon_core.shell:Creating package script '/home/marcos/arduinobot_ws/install/arduinobot_cpp_examples/share/arduinobot_cpp_examples/package.ps1'
[0.433s] INFO:colcon.colcon_core.shell:Creating package descriptor '/home/marcos/arduinobot_ws/install/arduinobot_cpp_examples/share/arduinobot_cpp_examples/package.dsv'
[0.433s] INFO:colcon.colcon_core.shell:Creating package script '/home/marcos/arduinobot_ws/install/arduinobot_cpp_examples/share/arduinobot_cpp_examples/package.sh'
[0.434s] INFO:colcon.colcon_core.shell:Creating package script '/home/marcos/arduinobot_ws/install/arduinobot_cpp_examples/share/arduinobot_cpp_examples/package.bash'
[0.435s] INFO:colcon.colcon_core.shell:Creating package script '/home/marcos/arduinobot_ws/install/arduinobot_cpp_examples/share/arduinobot_cpp_examples/package.zsh'
[0.436s] Level 1:colcon.colcon_core.environment:create_file_with_runtime_dependencies(/home/marcos/arduinobot_ws/install/arduinobot_cpp_examples/share/colcon-core/packages/arduinobot_cpp_examples)
[0.437s] INFO:colcon.colcon_ros.task.ament_cmake.build:Building ROS package in '/home/marcos/arduinobot_ws/src/arduinobot_interfaces' with build type 'ament_cmake'
[0.437s] INFO:colcon.colcon_cmake.task.cmake.build:Building CMake package in '/home/marcos/arduinobot_ws/src/arduinobot_interfaces'
[0.438s] INFO:colcon.colcon_core.shell:Skip shell extension 'powershell' for command environment: Not usable outside of PowerShell
[0.438s] DEBUG:colcon.colcon_core.shell:Skip shell extension 'dsv' for command environment
[0.459s] DEBUG:colcon.colcon_core.event_handler.log_command:Invoking command in '/home/marcos/arduinobot_ws/build/arduinobot_interfaces': CMAKE_PREFIX_PATH=${CMAKE_PREFIX_PATH}:/home/marcos/ros2_ws/install/turtle_catch_them_all:/home/marcos/ros2_ws/install/my_py_pkg:/home/marcos/ros2_ws/install/exo1_py:/opt/ros/humble /usr/bin/cmake /home/marcos/arduinobot_ws/src/arduinobot_interfaces -DCMAKE_INSTALL_PREFIX=/home/marcos/arduinobot_ws/install/arduinobot_interfaces
[0.460s] DEBUG:colcon.colcon_core.event_handler.log_command:Invoked command in '/home/marcos/arduinobot_ws/build/arduinobot_description' returned '0': CMAKE_PREFIX_PATH=${CMAKE_PREFIX_PATH}:/home/marcos/ros2_ws/install/turtle_catch_them_all:/home/marcos/ros2_ws/install/my_py_pkg:/home/marcos/ros2_ws/install/exo1_py:/opt/ros/humble /usr/bin/cmake --build /home/marcos/arduinobot_ws/build/arduinobot_description -- -j2 -l2
[0.486s] DEBUG:colcon.colcon_core.event_handler.log_command:Invoking command in '/home/marcos/arduinobot_ws/build/arduinobot_description': CMAKE_PREFIX_PATH=${CMAKE_PREFIX_PATH}:/home/marcos/ros2_ws/install/turtle_catch_them_all:/home/marcos/ros2_ws/install/my_py_pkg:/home/marcos/ros2_ws/install/exo1_py:/opt/ros/humble /usr/bin/cmake --install /home/marcos/arduinobot_ws/build/arduinobot_description
[0.518s] Level 1:colcon.colcon_core.environment:create_environment_scripts_only(arduinobot_description)
[0.519s] DEBUG:colcon.colcon_core.event_handler.log_command:Invoked command in '/home/marcos/arduinobot_ws/build/arduinobot_description' returned '0': CMAKE_PREFIX_PATH=${CMAKE_PREFIX_PATH}:/home/marcos/ros2_ws/install/turtle_catch_them_all:/home/marcos/ros2_ws/install/my_py_pkg:/home/marcos/ros2_ws/install/exo1_py:/opt/ros/humble /usr/bin/cmake --install /home/marcos/arduinobot_ws/build/arduinobot_description
[0.519s] Level 1:colcon.colcon_core.environment:checking '/home/marcos/arduinobot_ws/install/arduinobot_description' for CMake module files
[0.520s] Level 1:colcon.colcon_core.environment:checking '/home/marcos/arduinobot_ws/install/arduinobot_description' for CMake config files
[0.520s] Level 1:colcon.colcon_core.shell:create_environment_hook('arduinobot_description', 'cmake_prefix_path')
[0.520s] INFO:colcon.colcon_core.shell:Creating environment hook '/home/marcos/arduinobot_ws/install/arduinobot_description/share/arduinobot_description/hook/cmake_prefix_path.ps1'
[0.521s] INFO:colcon.colcon_core.shell:Creating environment descriptor '/home/marcos/arduinobot_ws/install/arduinobot_description/share/arduinobot_description/hook/cmake_prefix_path.dsv'
[0.522s] INFO:colcon.colcon_core.shell:Creating environment hook '/home/marcos/arduinobot_ws/install/arduinobot_description/share/arduinobot_description/hook/cmake_prefix_path.sh'
[0.523s] Level 1:colcon.colcon_core.environment:checking '/home/marcos/arduinobot_ws/install/arduinobot_description/bin'
[0.523s] Level 1:colcon.colcon_core.environment:checking '/home/marcos/arduinobot_ws/install/arduinobot_description/lib/pkgconfig/arduinobot_description.pc'
[0.523s] Level 1:colcon.colcon_core.environment:checking '/home/marcos/arduinobot_ws/install/arduinobot_description/lib/python3.10/site-packages'
[0.524s] Level 1:colcon.colcon_core.environment:checking '/home/marcos/arduinobot_ws/install/arduinobot_description/bin'
[0.524s] INFO:colcon.colcon_core.shell:Creating package script '/home/marcos/arduinobot_ws/install/arduinobot_description/share/arduinobot_description/package.ps1'
[0.525s] INFO:colcon.colcon_core.shell:Creating package descriptor '/home/marcos/arduinobot_ws/install/arduinobot_description/share/arduinobot_description/package.dsv'
[0.526s] INFO:colcon.colcon_core.shell:Creating package script '/home/marcos/arduinobot_ws/install/arduinobot_description/share/arduinobot_description/package.sh'
[0.526s] INFO:colcon.colcon_core.shell:Creating package script '/home/marcos/arduinobot_ws/install/arduinobot_description/share/arduinobot_description/package.bash'
[0.526s] INFO:colcon.colcon_core.shell:Creating package script '/home/marcos/arduinobot_ws/install/arduinobot_description/share/arduinobot_description/package.zsh'
[0.527s] Level 1:colcon.colcon_core.environment:create_file_with_runtime_dependencies(/home/marcos/arduinobot_ws/install/arduinobot_description/share/colcon-core/packages/arduinobot_description)
[0.557s] Level 1:colcon.colcon_core.environment:create_environment_scripts_only(arduinobot_description)
[0.557s] Level 1:colcon.colcon_core.environment:checking '/home/marcos/arduinobot_ws/install/arduinobot_description' for CMake module files
[0.558s] Level 1:colcon.colcon_core.environment:checking '/home/marcos/arduinobot_ws/install/arduinobot_description' for CMake config files
[0.558s] Level 1:colcon.colcon_core.shell:create_environment_hook('arduinobot_description', 'cmake_prefix_path')
[0.558s] INFO:colcon.colcon_core.shell:Creating environment hook '/home/marcos/arduinobot_ws/install/arduinobot_description/share/arduinobot_description/hook/cmake_prefix_path.ps1'
[0.559s] INFO:colcon.colcon_core.shell:Creating environment descriptor '/home/marcos/arduinobot_ws/install/arduinobot_description/share/arduinobot_description/hook/cmake_prefix_path.dsv'
[0.560s] INFO:colcon.colcon_core.shell:Creating environment hook '/home/marcos/arduinobot_ws/install/arduinobot_description/share/arduinobot_description/hook/cmake_prefix_path.sh'
[0.561s] Level 1:colcon.colcon_core.environment:checking '/home/marcos/arduinobot_ws/install/arduinobot_description/bin'
[0.561s] Level 1:colcon.colcon_core.environment:checking '/home/marcos/arduinobot_ws/install/arduinobot_description/lib/pkgconfig/arduinobot_description.pc'
[0.562s] Level 1:colcon.colcon_core.environment:checking '/home/marcos/arduinobot_ws/install/arduinobot_description/lib/python3.10/site-packages'
[0.562s] Level 1:colcon.colcon_core.environment:checking '/home/marcos/arduinobot_ws/install/arduinobot_description/bin'
[0.562s] INFO:colcon.colcon_core.shell:Creating package script '/home/marcos/arduinobot_ws/install/arduinobot_description/share/arduinobot_description/package.ps1'
[0.563s] INFO:colcon.colcon_core.shell:Creating package descriptor '/home/marcos/arduinobot_ws/install/arduinobot_description/share/arduinobot_description/package.dsv'
[0.564s] INFO:colcon.colcon_core.shell:Creating package script '/home/marcos/arduinobot_ws/install/arduinobot_description/share/arduinobot_description/package.sh'
[0.564s] INFO:colcon.colcon_core.shell:Creating package script '/home/marcos/arduinobot_ws/install/arduinobot_description/share/arduinobot_description/package.bash'
[0.565s] INFO:colcon.colcon_core.shell:Creating package script '/home/marcos/arduinobot_ws/install/arduinobot_description/share/arduinobot_description/package.zsh'
[0.566s] Level 1:colcon.colcon_core.environment:create_file_with_runtime_dependencies(/home/marcos/arduinobot_ws/install/arduinobot_description/share/colcon-core/packages/arduinobot_description)
[0.567s] INFO:colcon.colcon_ros.task.ament_python.build:Building ROS package in '/home/marcos/arduinobot_ws/src/arduinobot_py_examples' with build type 'ament_python'
[0.567s] Level 1:colcon.colcon_core.shell:create_environment_hook('arduinobot_py_examples', 'ament_prefix_path')
[0.568s] INFO:colcon.colcon_core.shell:Creating environment hook '/home/marcos/arduinobot_ws/install/arduinobot_py_examples/share/arduinobot_py_examples/hook/ament_prefix_path.ps1'
[0.568s] INFO:colcon.colcon_core.shell:Creating environment descriptor '/home/marcos/arduinobot_ws/install/arduinobot_py_examples/share/arduinobot_py_examples/hook/ament_prefix_path.dsv'
[0.569s] INFO:colcon.colcon_core.shell:Creating environment hook '/home/marcos/arduinobot_ws/install/arduinobot_py_examples/share/arduinobot_py_examples/hook/ament_prefix_path.sh'
[0.570s] INFO:colcon.colcon_core.shell:Skip shell extension 'powershell' for command environment: Not usable outside of PowerShell
[0.570s] DEBUG:colcon.colcon_core.shell:Skip shell extension 'dsv' for command environment
[0.878s] INFO:colcon.colcon_core.task.python.build:Building Python package in '/home/marcos/arduinobot_ws/src/arduinobot_py_examples'
[0.878s] INFO:colcon.colcon_core.shell:Skip shell extension 'powershell' for command environment: Not usable outside of PowerShell
[0.879s] DEBUG:colcon.colcon_core.shell:Skip shell extension 'dsv' for command environment
[1.191s] DEBUG:colcon.colcon_core.event_handler.log_command:Invoking command in '/home/marcos/arduinobot_ws/src/arduinobot_py_examples': PYTHONPATH=/home/marcos/arduinobot_ws/build/arduinobot_py_examples/prefix_override:/usr/lib/python3/dist-packages/colcon_core/task/python/colcon_distutils_commands:/home/marcos/arduinobot_ws/install/arduinobot_py_examples/lib/python3.10/site-packages:${PYTHONPATH} /usr/bin/python3 -W ignore:setup.py install is deprecated setup.py egg_info --egg-base ../../build/arduinobot_py_examples build --build-base /home/marcos/arduinobot_ws/build/arduinobot_py_examples/build install --record /home/marcos/arduinobot_ws/build/arduinobot_py_examples/install.log --single-version-externally-managed install_data
[1.461s] Level 1:colcon.colcon_core.environment:checking '/home/marcos/arduinobot_ws/install/arduinobot_py_examples' for CMake module files
[1.461s] Level 1:colcon.colcon_core.environment:checking '/home/marcos/arduinobot_ws/install/arduinobot_py_examples' for CMake config files
[1.462s] DEBUG:colcon.colcon_core.event_handler.log_command:Invoked command in '/home/marcos/arduinobot_ws/src/arduinobot_py_examples' returned '0': PYTHONPATH=/home/marcos/arduinobot_ws/build/arduinobot_py_examples/prefix_override:/usr/lib/python3/dist-packages/colcon_core/task/python/colcon_distutils_commands:/home/marcos/arduinobot_ws/install/arduinobot_py_examples/lib/python3.10/site-packages:${PYTHONPATH} /usr/bin/python3 -W ignore:setup.py install is deprecated setup.py egg_info --egg-base ../../build/arduinobot_py_examples build --build-base /home/marcos/arduinobot_ws/build/arduinobot_py_examples/build install --record /home/marcos/arduinobot_ws/build/arduinobot_py_examples/install.log --single-version-externally-managed install_data
[1.462s] Level 1:colcon.colcon_core.environment:checking '/home/marcos/arduinobot_ws/install/arduinobot_py_examples/lib'
[1.462s] Level 1:colcon.colcon_core.environment:checking '/home/marcos/arduinobot_ws/install/arduinobot_py_examples/bin'
[1.462s] Level 1:colcon.colcon_core.environment:checking '/home/marcos/arduinobot_ws/install/arduinobot_py_examples/lib/pkgconfig/arduinobot_py_examples.pc'
[1.462s] Level 1:colcon.colcon_core.environment:checking '/home/marcos/arduinobot_ws/install/arduinobot_py_examples/lib/python3.10/site-packages'
[1.462s] Level 1:colcon.colcon_core.shell:create_environment_hook('arduinobot_py_examples', 'pythonpath')
[1.463s] INFO:colcon.colcon_core.shell:Creating environment hook '/home/marcos/arduinobot_ws/install/arduinobot_py_examples/share/arduinobot_py_examples/hook/pythonpath.ps1'
[1.463s] INFO:colcon.colcon_core.shell:Creating environment descriptor '/home/marcos/arduinobot_ws/install/arduinobot_py_examples/share/arduinobot_py_examples/hook/pythonpath.dsv'
[1.463s] INFO:colcon.colcon_core.shell:Creating environment hook '/home/marcos/arduinobot_ws/install/arduinobot_py_examples/share/arduinobot_py_examples/hook/pythonpath.sh'
[1.464s] Level 1:colcon.colcon_core.environment:checking '/home/marcos/arduinobot_ws/install/arduinobot_py_examples/bin'
[1.464s] Level 1:colcon.colcon_core.environment:create_environment_scripts_only(arduinobot_py_examples)
[1.464s] INFO:colcon.colcon_core.shell:Creating package script '/home/marcos/arduinobot_ws/install/arduinobot_py_examples/share/arduinobot_py_examples/package.ps1'
[1.465s] INFO:colcon.colcon_core.shell:Creating package descriptor '/home/marcos/arduinobot_ws/install/arduinobot_py_examples/share/arduinobot_py_examples/package.dsv'
[1.465s] INFO:colcon.colcon_core.shell:Creating package script '/home/marcos/arduinobot_ws/install/arduinobot_py_examples/share/arduinobot_py_examples/package.sh'
[1.465s] INFO:colcon.colcon_core.shell:Creating package script '/home/marcos/arduinobot_ws/install/arduinobot_py_examples/share/arduinobot_py_examples/package.bash'
[1.466s] INFO:colcon.colcon_core.shell:Creating package script '/home/marcos/arduinobot_ws/install/arduinobot_py_examples/share/arduinobot_py_examples/package.zsh'
[1.466s] Level 1:colcon.colcon_core.environment:create_file_with_runtime_dependencies(/home/marcos/arduinobot_ws/install/arduinobot_py_examples/share/colcon-core/packages/arduinobot_py_examples)
[1.467s] INFO:colcon.colcon_ros.task.ament_cmake.build:Building ROS package in '/home/marcos/arduinobot_ws/src/arduinobot_utils' with build type 'ament_cmake'
[1.467s] INFO:colcon.colcon_cmake.task.cmake.build:Building CMake package in '/home/marcos/arduinobot_ws/src/arduinobot_utils'
[1.467s] INFO:colcon.colcon_core.shell:Skip shell extension 'powershell' for command environment: Not usable outside of PowerShell
[1.467s] DEBUG:colcon.colcon_core.shell:Skip shell extension 'dsv' for command environment
[1.481s] DEBUG:colcon.colcon_core.event_handler.log_command:Invoking command in '/home/marcos/arduinobot_ws/build/arduinobot_utils': CMAKE_PREFIX_PATH=${CMAKE_PREFIX_PATH}:/home/marcos/ros2_ws/install/turtle_catch_them_all:/home/marcos/ros2_ws/install/my_py_pkg:/home/marcos/ros2_ws/install/exo1_py:/opt/ros/humble /usr/bin/cmake --build /home/marcos/arduinobot_ws/build/arduinobot_utils -- -j2 -l2
[1.620s] DEBUG:colcon.colcon_core.event_handler.log_command:Invoked command in '/home/marcos/arduinobot_ws/build/arduinobot_interfaces' returned '0': CMAKE_PREFIX_PATH=${CMAKE_PREFIX_PATH}:/home/marcos/ros2_ws/install/turtle_catch_them_all:/home/marcos/ros2_ws/install/my_py_pkg:/home/marcos/ros2_ws/install/exo1_py:/opt/ros/humble /usr/bin/cmake /home/marcos/arduinobot_ws/src/arduinobot_interfaces -DCMAKE_INSTALL_PREFIX=/home/marcos/arduinobot_ws/install/arduinobot_interfaces
[1.621s] DEBUG:colcon.colcon_core.event_handler.log_command:Invoking command in '/home/marcos/arduinobot_ws/build/arduinobot_interfaces': CMAKE_PREFIX_PATH=${CMAKE_PREFIX_PATH}:/home/marcos/ros2_ws/install/turtle_catch_them_all:/home/marcos/ros2_ws/install/my_py_pkg:/home/marcos/ros2_ws/install/exo1_py:/opt/ros/humble /usr/bin/cmake --build /home/marcos/arduinobot_ws/build/arduinobot_interfaces -- -j2 -l2
[1.703s] DEBUG:colcon.colcon_core.event_handler.log_command:Invoked command in '/home/marcos/arduinobot_ws/build/arduinobot_utils' returned '0': CMAKE_PREFIX_PATH=${CMAKE_PREFIX_PATH}:/home/marcos/ros2_ws/install/turtle_catch_them_all:/home/marcos/ros2_ws/install/my_py_pkg:/home/marcos/ros2_ws/install/exo1_py:/opt/ros/humble /usr/bin/cmake --build /home/marcos/arduinobot_ws/build/arduinobot_utils -- -j2 -l2
[1.745s] DEBUG:colcon.colcon_core.event_handler.log_command:Invoking command in '/home/marcos/arduinobot_ws/build/arduinobot_utils': CMAKE_PREFIX_PATH=${CMAKE_PREFIX_PATH}:/home/marcos/ros2_ws/install/turtle_catch_them_all:/home/marcos/ros2_ws/install/my_py_pkg:/home/marcos/ros2_ws/install/exo1_py:/opt/ros/humble /usr/bin/cmake --install /home/marcos/arduinobot_ws/build/arduinobot_utils
[1.758s] Level 1:colcon.colcon_core.environment:create_environment_scripts_only(arduinobot_utils)
[1.758s] Level 1:colcon.colcon_core.environment:checking '/home/marcos/arduinobot_ws/install/arduinobot_utils' for CMake module files
[1.759s] Level 1:colcon.colcon_core.environment:checking '/home/marcos/arduinobot_ws/install/arduinobot_utils' for CMake config files
[1.759s] Level 1:colcon.colcon_core.shell:create_environment_hook('arduinobot_utils', 'cmake_prefix_path')
[1.759s] INFO:colcon.colcon_core.shell:Creating environment hook '/home/marcos/arduinobot_ws/install/arduinobot_utils/share/arduinobot_utils/hook/cmake_prefix_path.ps1'
[1.761s] INFO:colcon.colcon_core.shell:Creating environment descriptor '/home/marcos/arduinobot_ws/install/arduinobot_utils/share/arduinobot_utils/hook/cmake_prefix_path.dsv'
[1.761s] INFO:colcon.colcon_core.shell:Creating environment hook '/home/marcos/arduinobot_ws/install/arduinobot_utils/share/arduinobot_utils/hook/cmake_prefix_path.sh'
[1.763s] DEBUG:colcon.colcon_core.event_handler.log_command:Invoked command in '/home/marcos/arduinobot_ws/build/arduinobot_utils' returned '0': CMAKE_PREFIX_PATH=${CMAKE_PREFIX_PATH}:/home/marcos/ros2_ws/install/turtle_catch_them_all:/home/marcos/ros2_ws/install/my_py_pkg:/home/marcos/ros2_ws/install/exo1_py:/opt/ros/humble /usr/bin/cmake --install /home/marcos/arduinobot_ws/build/arduinobot_utils
[1.763s] Level 1:colcon.colcon_core.environment:checking '/home/marcos/arduinobot_ws/install/arduinobot_utils/bin'
[1.763s] Level 1:colcon.colcon_core.environment:checking '/home/marcos/arduinobot_ws/install/arduinobot_utils/lib/pkgconfig/arduinobot_utils.pc'
[1.764s] Level 1:colcon.colcon_core.environment:checking '/home/marcos/arduinobot_ws/install/arduinobot_utils/lib/python3.10/site-packages'
[1.764s] Level 1:colcon.colcon_core.environment:checking '/home/marcos/arduinobot_ws/install/arduinobot_utils/bin'
[1.765s] INFO:colcon.colcon_core.shell:Creating package script '/home/marcos/arduinobot_ws/install/arduinobot_utils/share/arduinobot_utils/package.ps1'
[1.766s] INFO:colcon.colcon_core.shell:Creating package descriptor '/home/marcos/arduinobot_ws/install/arduinobot_utils/share/arduinobot_utils/package.dsv'
[1.769s] INFO:colcon.colcon_core.shell:Creating package script '/home/marcos/arduinobot_ws/install/arduinobot_utils/share/arduinobot_utils/package.sh'
[1.771s] INFO:colcon.colcon_core.shell:Creating package script '/home/marcos/arduinobot_ws/install/arduinobot_utils/share/arduinobot_utils/package.bash'
[1.771s] INFO:colcon.colcon_core.shell:Creating package script '/home/marcos/arduinobot_ws/install/arduinobot_utils/share/arduinobot_utils/package.zsh'
[1.772s] Level 1:colcon.colcon_core.environment:create_file_with_runtime_dependencies(/home/marcos/arduinobot_ws/install/arduinobot_utils/share/colcon-core/packages/arduinobot_utils)
[1.844s] Level 1:colcon.colcon_core.environment:create_environment_scripts_only(arduinobot_utils)
[1.846s] Level 1:colcon.colcon_core.environment:checking '/home/marcos/arduinobot_ws/install/arduinobot_utils' for CMake module files
[1.846s] Level 1:colcon.colcon_core.environment:checking '/home/marcos/arduinobot_ws/install/arduinobot_utils' for CMake config files
[1.846s] Level 1:colcon.colcon_core.shell:create_environment_hook('arduinobot_utils', 'cmake_prefix_path')
[1.846s] INFO:colcon.colcon_core.shell:Creating environment hook '/home/marcos/arduinobot_ws/install/arduinobot_utils/share/arduinobot_utils/hook/cmake_prefix_path.ps1'
[1.847s] INFO:colcon.colcon_core.shell:Creating environment descriptor '/home/marcos/arduinobot_ws/install/arduinobot_utils/share/arduinobot_utils/hook/cmake_prefix_path.dsv'
[1.853s] INFO:colcon.colcon_core.shell:Creating environment hook '/home/marcos/arduinobot_ws/install/arduinobot_utils/share/arduinobot_utils/hook/cmake_prefix_path.sh'
[1.854s] Level 1:colcon.colcon_core.environment:checking '/home/marcos/arduinobot_ws/install/arduinobot_utils/bin'
[1.854s] Level 1:colcon.colcon_core.environment:checking '/home/marcos/arduinobot_ws/install/arduinobot_utils/lib/pkgconfig/arduinobot_utils.pc'
[1.854s] Level 1:colcon.colcon_core.environment:checking '/home/marcos/arduinobot_ws/install/arduinobot_utils/lib/python3.10/site-packages'
[1.854s] Level 1:colcon.colcon_core.environment:checking '/home/marcos/arduinobot_ws/install/arduinobot_utils/bin'
[1.854s] INFO:colcon.colcon_core.shell:Creating package script '/home/marcos/arduinobot_ws/install/arduinobot_utils/share/arduinobot_utils/package.ps1'
[1.857s] INFO:colcon.colcon_core.shell:Creating package descriptor '/home/marcos/arduinobot_ws/install/arduinobot_utils/share/arduinobot_utils/package.dsv'
[1.857s] INFO:colcon.colcon_core.shell:Creating package script '/home/marcos/arduinobot_ws/install/arduinobot_utils/share/arduinobot_utils/package.sh'
[1.858s] INFO:colcon.colcon_core.shell:Creating package script '/home/marcos/arduinobot_ws/install/arduinobot_utils/share/arduinobot_utils/package.bash'
[1.858s] INFO:colcon.colcon_core.shell:Creating package script '/home/marcos/arduinobot_ws/install/arduinobot_utils/share/arduinobot_utils/package.zsh'
[1.859s] Level 1:colcon.colcon_core.environment:create_file_with_runtime_dependencies(/home/marcos/arduinobot_ws/install/arduinobot_utils/share/colcon-core/packages/arduinobot_utils)
[10.259s] DEBUG:colcon.colcon_core.event_handler.log_command:Invoked command in '/home/marcos/arduinobot_ws/build/arduinobot_interfaces' returned '0': CMAKE_PREFIX_PATH=${CMAKE_PREFIX_PATH}:/home/marcos/ros2_ws/install/turtle_catch_them_all:/home/marcos/ros2_ws/install/my_py_pkg:/home/marcos/ros2_ws/install/exo1_py:/opt/ros/humble /usr/bin/cmake --build /home/marcos/arduinobot_ws/build/arduinobot_interfaces -- -j2 -l2
[10.402s] DEBUG:colcon.colcon_core.event_handler.log_command:Invoking command in '/home/marcos/arduinobot_ws/build/arduinobot_interfaces': CMAKE_PREFIX_PATH=${CMAKE_PREFIX_PATH}:/home/marcos/ros2_ws/install/turtle_catch_them_all:/home/marcos/ros2_ws/install/my_py_pkg:/home/marcos/ros2_ws/install/exo1_py:/opt/ros/humble /usr/bin/cmake --install /home/marcos/arduinobot_ws/build/arduinobot_interfaces
[10.491s] Level 1:colcon.colcon_core.environment:create_environment_scripts_only(arduinobot_interfaces)
[10.491s] Level 1:colcon.colcon_core.environment:checking '/home/marcos/arduinobot_ws/install/arduinobot_interfaces' for CMake module files
[10.492s] Level 1:colcon.colcon_core.environment:checking '/home/marcos/arduinobot_ws/install/arduinobot_interfaces' for CMake config files
[10.492s] Level 1:colcon.colcon_core.shell:create_environment_hook('arduinobot_interfaces', 'cmake_prefix_path')
[10.492s] INFO:colcon.colcon_core.shell:Creating environment hook '/home/marcos/arduinobot_ws/install/arduinobot_interfaces/share/arduinobot_interfaces/hook/cmake_prefix_path.ps1'
[10.492s] INFO:colcon.colcon_core.shell:Creating environment descriptor '/home/marcos/arduinobot_ws/install/arduinobot_interfaces/share/arduinobot_interfaces/hook/cmake_prefix_path.dsv'
[10.494s] DEBUG:colcon.colcon_core.event_handler.log_command:Invoked command in '/home/marcos/arduinobot_ws/build/arduinobot_interfaces' returned '0': CMAKE_PREFIX_PATH=${CMAKE_PREFIX_PATH}:/home/marcos/ros2_ws/install/turtle_catch_them_all:/home/marcos/ros2_ws/install/my_py_pkg:/home/marcos/ros2_ws/install/exo1_py:/opt/ros/humble /usr/bin/cmake --install /home/marcos/arduinobot_ws/build/arduinobot_interfaces
[10.497s] INFO:colcon.colcon_core.shell:Creating environment hook '/home/marcos/arduinobot_ws/install/arduinobot_interfaces/share/arduinobot_interfaces/hook/cmake_prefix_path.sh'
[10.498s] Level 1:colcon.colcon_core.environment:checking '/home/marcos/arduinobot_ws/install/arduinobot_interfaces/lib'
[10.498s] Level 1:colcon.colcon_core.shell:create_environment_hook('arduinobot_interfaces', 'ld_library_path_lib')
[10.498s] INFO:colcon.colcon_core.shell:Creating environment hook '/home/marcos/arduinobot_ws/install/arduinobot_interfaces/share/arduinobot_interfaces/hook/ld_library_path_lib.ps1'
[10.498s] INFO:colcon.colcon_core.shell:Creating environment descriptor '/home/marcos/arduinobot_ws/install/arduinobot_interfaces/share/arduinobot_interfaces/hook/ld_library_path_lib.dsv'
[10.498s] INFO:colcon.colcon_core.shell:Creating environment hook '/home/marcos/arduinobot_ws/install/arduinobot_interfaces/share/arduinobot_interfaces/hook/ld_library_path_lib.sh'
[10.499s] Level 1:colcon.colcon_core.environment:checking '/home/marcos/arduinobot_ws/install/arduinobot_interfaces/bin'
[10.499s] Level 1:colcon.colcon_core.environment:checking '/home/marcos/arduinobot_ws/install/arduinobot_interfaces/lib/pkgconfig/arduinobot_interfaces.pc'
[10.499s] Level 1:colcon.colcon_core.environment:checking '/home/marcos/arduinobot_ws/install/arduinobot_interfaces/lib/python3.10/site-packages'
[10.499s] Level 1:colcon.colcon_core.environment:checking '/home/marcos/arduinobot_ws/install/arduinobot_interfaces/bin'
[10.499s] INFO:colcon.colcon_core.shell:Creating package script '/home/marcos/arduinobot_ws/install/arduinobot_interfaces/share/arduinobot_interfaces/package.ps1'
[10.502s] INFO:colcon.colcon_core.shell:Creating package descriptor '/home/marcos/arduinobot_ws/install/arduinobot_interfaces/share/arduinobot_interfaces/package.dsv'
[10.503s] INFO:colcon.colcon_core.shell:Creating package script '/home/marcos/arduinobot_ws/install/arduinobot_interfaces/share/arduinobot_interfaces/package.sh'
[10.503s] INFO:colcon.colcon_core.shell:Creating package script '/home/marcos/arduinobot_ws/install/arduinobot_interfaces/share/arduinobot_interfaces/package.bash'
[10.504s] INFO:colcon.colcon_core.shell:Creating package script '/home/marcos/arduinobot_ws/install/arduinobot_interfaces/share/arduinobot_interfaces/package.zsh'
[10.504s] Level 1:colcon.colcon_core.environment:create_file_with_runtime_dependencies(/home/marcos/arduinobot_ws/install/arduinobot_interfaces/share/colcon-core/packages/arduinobot_interfaces)
[10.671s] Level 1:colcon.colcon_core.environment:create_environment_scripts_only(arduinobot_interfaces)
[10.672s] Level 1:colcon.colcon_core.environment:checking '/home/marcos/arduinobot_ws/install/arduinobot_interfaces' for CMake module files
[10.673s] Level 1:colcon.colcon_core.environment:checking '/home/marcos/arduinobot_ws/install/arduinobot_interfaces' for CMake config files
[10.674s] Level 1:colcon.colcon_core.shell:create_environment_hook('arduinobot_interfaces', 'cmake_prefix_path')
[10.674s] INFO:colcon.colcon_core.shell:Creating environment hook '/home/marcos/arduinobot_ws/install/arduinobot_interfaces/share/arduinobot_interfaces/hook/cmake_prefix_path.ps1'
[10.675s] INFO:colcon.colcon_core.shell:Creating environment descriptor '/home/marcos/arduinobot_ws/install/arduinobot_interfaces/share/arduinobot_interfaces/hook/cmake_prefix_path.dsv'
[10.675s] INFO:colcon.colcon_core.shell:Creating environment hook '/home/marcos/arduinobot_ws/install/arduinobot_interfaces/share/arduinobot_interfaces/hook/cmake_prefix_path.sh'
[10.677s] Level 1:colcon.colcon_core.environment:checking '/home/marcos/arduinobot_ws/install/arduinobot_interfaces/lib'
[10.677s] Level 1:colcon.colcon_core.shell:create_environment_hook('arduinobot_interfaces', 'ld_library_path_lib')
[10.677s] INFO:colcon.colcon_core.shell:Creating environment hook '/home/marcos/arduinobot_ws/install/arduinobot_interfaces/share/arduinobot_interfaces/hook/ld_library_path_lib.ps1'
[10.678s] INFO:colcon.colcon_core.shell:Creating environment descriptor '/home/marcos/arduinobot_ws/install/arduinobot_interfaces/share/arduinobot_interfaces/hook/ld_library_path_lib.dsv'
[10.678s] INFO:colcon.colcon_core.shell:Creating environment hook '/home/marcos/arduinobot_ws/install/arduinobot_interfaces/share/arduinobot_interfaces/hook/ld_library_path_lib.sh'
[10.678s] Level 1:colcon.colcon_core.environment:checking '/home/marcos/arduinobot_ws/install/arduinobot_interfaces/bin'
[10.679s] Level 1:colcon.colcon_core.environment:checking '/home/marcos/arduinobot_ws/install/arduinobot_interfaces/lib/pkgconfig/arduinobot_interfaces.pc'
[10.680s] Level 1:colcon.colcon_core.environment:checking '/home/marcos/arduinobot_ws/install/arduinobot_interfaces/lib/python3.10/site-packages'
[10.680s] Level 1:colcon.colcon_core.environment:checking '/home/marcos/arduinobot_ws/install/arduinobot_interfaces/bin'
[10.680s] INFO:colcon.colcon_core.shell:Creating package script '/home/marcos/arduinobot_ws/install/arduinobot_interfaces/share/arduinobot_interfaces/package.ps1'
[10.681s] INFO:colcon.colcon_core.shell:Creating package descriptor '/home/marcos/arduinobot_ws/install/arduinobot_interfaces/share/arduinobot_interfaces/package.dsv'
[10.684s] INFO:colcon.colcon_core.shell:Creating package script '/home/marcos/arduinobot_ws/install/arduinobot_interfaces/share/arduinobot_interfaces/package.sh'
[10.685s] INFO:colcon.colcon_core.shell:Creating package script '/home/marcos/arduinobot_ws/install/arduinobot_interfaces/share/arduinobot_interfaces/package.bash'
[10.686s] INFO:colcon.colcon_core.shell:Creating package script '/home/marcos/arduinobot_ws/install/arduinobot_interfaces/share/arduinobot_interfaces/package.zsh'
[10.688s] Level 1:colcon.colcon_core.environment:create_file_with_runtime_dependencies(/home/marcos/arduinobot_ws/install/arduinobot_interfaces/share/colcon-core/packages/arduinobot_interfaces)
[10.688s] DEBUG:colcon.colcon_parallel_executor.executor.parallel:closing loop
[10.689s] DEBUG:colcon.colcon_parallel_executor.executor.parallel:loop closed
[10.689s] DEBUG:colcon.colcon_parallel_executor.executor.parallel:run_until_complete finished with '0'
[10.689s] DEBUG:colcon.colcon_core.event_reactor:joining thread
[10.696s] INFO:colcon.colcon_core.plugin_system:Skipping extension 'colcon_notification.desktop_notification.terminal_notifier': Not used on non-Darwin systems
[10.696s] INFO:colcon.colcon_core.plugin_system:Skipping extension 'colcon_notification.desktop_notification.win32': Not used on non-Windows systems
[10.697s] INFO:colcon.colcon_notification.desktop_notification:Sending desktop notification using 'notify2'
[10.745s] DEBUG:colcon.colcon_core.event_reactor:joined thread
[10.746s] INFO:colcon.colcon_core.shell:Creating prefix script '/home/marcos/arduinobot_ws/install/local_setup.ps1'
[10.747s] INFO:colcon.colcon_core.shell:Creating prefix util module '/home/marcos/arduinobot_ws/install/_local_setup_util_ps1.py'
[10.749s] INFO:colcon.colcon_core.shell:Creating prefix chain script '/home/marcos/arduinobot_ws/install/setup.ps1'
[10.751s] INFO:colcon.colcon_core.shell:Creating prefix script '/home/marcos/arduinobot_ws/install/local_setup.sh'
[10.751s] INFO:colcon.colcon_core.shell:Creating prefix util module '/home/marcos/arduinobot_ws/install/_local_setup_util_sh.py'
[10.752s] INFO:colcon.colcon_core.shell:Creating prefix chain script '/home/marcos/arduinobot_ws/install/setup.sh'
[10.753s] INFO:colcon.colcon_core.shell:Creating prefix script '/home/marcos/arduinobot_ws/install/local_setup.bash'
[10.754s] INFO:colcon.colcon_core.shell:Creating prefix chain script '/home/marcos/arduinobot_ws/install/setup.bash'
[10.758s] INFO:colcon.colcon_core.shell:Creating prefix script '/home/marcos/arduinobot_ws/install/local_setup.zsh'
[10.762s] INFO:colcon.colcon_core.shell:Creating prefix chain script '/home/marcos/arduinobot_ws/install/setup.zsh'
