[0.093s] DEBUG:colcon:Command line arguments: ['/usr/bin/colcon', 'build']
[0.093s] DEBUG:colcon:Parsed command line arguments: Namespace(log_base=None, log_level=None, verb_name='build', build_base='build', install_base='install', merge_install=False, symlink_install=False, test_result_base=None, continue_on_error=False, executor='parallel', parallel_workers=2, event_handlers=None, ignore_user_meta=False, metas=['./colcon.meta'], base_paths=['.'], packages_ignore=None, packages_ignore_regex=None, paths=None, packages_up_to=None, packages_up_to_regex=None, packages_above=None, packages_above_and_dependencies=None, packages_above_depth=None, packages_select_by_dep=None, packages_skip_by_dep=None, packages_skip_up_to=None, packages_select_build_failed=False, packages_skip_build_finished=False, packages_select_test_failures=False, packages_skip_test_passed=False, packages_select=None, packages_skip=None, packages_select_regex=None, packages_skip_regex=None, packages_start=None, packages_end=None, allow_overriding=[], cmake_args=None, cmake_target=None, cmake_target_skip_unavailable=False, cmake_clean_cache=False, cmake_clean_first=False, cmake_force_configure=False, ament_cmake_args=None, catkin_cmake_args=None, catkin_skip_building_tests=False, verb_parser=<colcon_defaults.argument_parser.defaults.DefaultArgumentsDecorator object at 0x71861379d330>, verb_extension=<colcon_core.verb.build.BuildVerb object at 0x718613992bf0>, main=<bound method BuildVerb.main of <colcon_core.verb.build.BuildVerb object at 0x718613992bf0>>)
[0.232s] Level 1:colcon.colcon_core.package_discovery:discover_packages(colcon_meta) check parameters
[0.232s] Level 1:colcon.colcon_core.package_discovery:discover_packages(recursive) check parameters
[0.232s] Level 1:colcon.colcon_core.package_discovery:discover_packages(ignore) check parameters
[0.232s] Level 1:colcon.colcon_core.package_discovery:discover_packages(path) check parameters
[0.232s] Level 1:colcon.colcon_core.package_discovery:discover_packages(colcon_meta) discover
[0.232s] Level 1:colcon.colcon_core.package_discovery:discover_packages(recursive) discover
[0.233s] INFO:colcon.colcon_core.package_discovery:Crawling recursively for packages in '/home/marcos/arduinobot_ws'
[0.233s] Level 1:colcon.colcon_core.package_identification:_identify(.) by extensions ['ignore', 'ignore_ament_install']
[0.233s] Level 1:colcon.colcon_core.package_identification:_identify(.) by extension 'ignore'
[0.233s] Level 1:colcon.colcon_core.package_identification:_identify(.) by extension 'ignore_ament_install'
[0.233s] Level 1:colcon.colcon_core.package_identification:_identify(.) by extensions ['colcon_pkg']
[0.233s] Level 1:colcon.colcon_core.package_identification:_identify(.) by extension 'colcon_pkg'
[0.233s] Level 1:colcon.colcon_core.package_identification:_identify(.) by extensions ['colcon_meta']
[0.233s] Level 1:colcon.colcon_core.package_identification:_identify(.) by extension 'colcon_meta'
[0.233s] Level 1:colcon.colcon_core.package_identification:_identify(.) by extensions ['ros']
[0.233s] Level 1:colcon.colcon_core.package_identification:_identify(.) by extension 'ros'
[0.242s] Level 1:colcon.colcon_core.package_identification:_identify(.) by extensions ['cmake', 'python']
[0.243s] Level 1:colcon.colcon_core.package_identification:_identify(.) by extension 'cmake'
[0.243s] Level 1:colcon.colcon_core.package_identification:_identify(.) by extension 'python'
[0.243s] Level 1:colcon.colcon_core.package_identification:_identify(.) by extensions ['python_setup_py']
[0.243s] Level 1:colcon.colcon_core.package_identification:_identify(.) by extension 'python_setup_py'
[0.243s] Level 1:colcon.colcon_core.package_identification:_identify(build) by extensions ['ignore', 'ignore_ament_install']
[0.243s] Level 1:colcon.colcon_core.package_identification:_identify(build) by extension 'ignore'
[0.243s] Level 1:colcon.colcon_core.package_identification:_identify(build) ignored
[0.243s] Level 1:colcon.colcon_core.package_identification:_identify(install) by extensions ['ignore', 'ignore_ament_install']
[0.243s] Level 1:colcon.colcon_core.package_identification:_identify(install) by extension 'ignore'
[0.243s] Level 1:colcon.colcon_core.package_identification:_identify(install) ignored
[0.243s] Level 1:colcon.colcon_core.package_identification:_identify(log) by extensions ['ignore', 'ignore_ament_install']
[0.243s] Level 1:colcon.colcon_core.package_identification:_identify(log) by extension 'ignore'
[0.243s] Level 1:colcon.colcon_core.package_identification:_identify(log) ignored
[0.243s] Level 1:colcon.colcon_core.package_identification:_identify(src) by extensions ['ignore', 'ignore_ament_install']
[0.243s] Level 1:colcon.colcon_core.package_identification:_identify(src) by extension 'ignore'
[0.243s] Level 1:colcon.colcon_core.package_identification:_identify(src) by extension 'ignore_ament_install'
[0.243s] Level 1:colcon.colcon_core.package_identification:_identify(src) by extensions ['colcon_pkg']
[0.243s] Level 1:colcon.colcon_core.package_identification:_identify(src) by extension 'colcon_pkg'
[0.244s] Level 1:colcon.colcon_core.package_identification:_identify(src) by extensions ['colcon_meta']
[0.244s] Level 1:colcon.colcon_core.package_identification:_identify(src) by extension 'colcon_meta'
[0.244s] Level 1:colcon.colcon_core.package_identification:_identify(src) by extensions ['ros']
[0.244s] Level 1:colcon.colcon_core.package_identification:_identify(src) by extension 'ros'
[0.244s] Level 1:colcon.colcon_core.package_identification:_identify(src) by extensions ['cmake', 'python']
[0.244s] Level 1:colcon.colcon_core.package_identification:_identify(src) by extension 'cmake'
[0.244s] Level 1:colcon.colcon_core.package_identification:_identify(src) by extension 'python'
[0.244s] Level 1:colcon.colcon_core.package_identification:_identify(src) by extensions ['python_setup_py']
[0.244s] Level 1:colcon.colcon_core.package_identification:_identify(src) by extension 'python_setup_py'
[0.244s] Level 1:colcon.colcon_core.package_identification:_identify(src/arduinobot_controller) by extensions ['ignore', 'ignore_ament_install']
[0.244s] Level 1:colcon.colcon_core.package_identification:_identify(src/arduinobot_controller) by extension 'ignore'
[0.244s] Level 1:colcon.colcon_core.package_identification:_identify(src/arduinobot_controller) by extension 'ignore_ament_install'
[0.244s] Level 1:colcon.colcon_core.package_identification:_identify(src/arduinobot_controller) by extensions ['colcon_pkg']
[0.244s] Level 1:colcon.colcon_core.package_identification:_identify(src/arduinobot_controller) by extension 'colcon_pkg'
[0.244s] Level 1:colcon.colcon_core.package_identification:_identify(src/arduinobot_controller) by extensions ['colcon_meta']
[0.244s] Level 1:colcon.colcon_core.package_identification:_identify(src/arduinobot_controller) by extension 'colcon_meta'
[0.244s] Level 1:colcon.colcon_core.package_identification:_identify(src/arduinobot_controller) by extensions ['ros']
[0.244s] Level 1:colcon.colcon_core.package_identification:_identify(src/arduinobot_controller) by extension 'ros'
[0.246s] DEBUG:colcon.colcon_core.package_identification:Package 'src/arduinobot_controller' with type 'ros.ament_cmake' and name 'arduinobot_controller'
[0.246s] Level 1:colcon.colcon_core.package_identification:_identify(src/arduinobot_cpp_examples) by extensions ['ignore', 'ignore_ament_install']
[0.246s] Level 1:colcon.colcon_core.package_identification:_identify(src/arduinobot_cpp_examples) by extension 'ignore'
[0.246s] Level 1:colcon.colcon_core.package_identification:_identify(src/arduinobot_cpp_examples) by extension 'ignore_ament_install'
[0.246s] Level 1:colcon.colcon_core.package_identification:_identify(src/arduinobot_cpp_examples) by extensions ['colcon_pkg']
[0.246s] Level 1:colcon.colcon_core.package_identification:_identify(src/arduinobot_cpp_examples) by extension 'colcon_pkg'
[0.247s] Level 1:colcon.colcon_core.package_identification:_identify(src/arduinobot_cpp_examples) by extensions ['colcon_meta']
[0.247s] Level 1:colcon.colcon_core.package_identification:_identify(src/arduinobot_cpp_examples) by extension 'colcon_meta'
[0.247s] Level 1:colcon.colcon_core.package_identification:_identify(src/arduinobot_cpp_examples) by extensions ['ros']
[0.247s] Level 1:colcon.colcon_core.package_identification:_identify(src/arduinobot_cpp_examples) by extension 'ros'
[0.247s] DEBUG:colcon.colcon_core.package_identification:Package 'src/arduinobot_cpp_examples' with type 'ros.ament_cmake' and name 'arduinobot_cpp_examples'
[0.247s] Level 1:colcon.colcon_core.package_identification:_identify(src/arduinobot_description) by extensions ['ignore', 'ignore_ament_install']
[0.247s] Level 1:colcon.colcon_core.package_identification:_identify(src/arduinobot_description) by extension 'ignore'
[0.247s] Level 1:colcon.colcon_core.package_identification:_identify(src/arduinobot_description) by extension 'ignore_ament_install'
[0.248s] Level 1:colcon.colcon_core.package_identification:_identify(src/arduinobot_description) by extensions ['colcon_pkg']
[0.248s] Level 1:colcon.colcon_core.package_identification:_identify(src/arduinobot_description) by extension 'colcon_pkg'
[0.248s] Level 1:colcon.colcon_core.package_identification:_identify(src/arduinobot_description) by extensions ['colcon_meta']
[0.248s] Level 1:colcon.colcon_core.package_identification:_identify(src/arduinobot_description) by extension 'colcon_meta'
[0.248s] Level 1:colcon.colcon_core.package_identification:_identify(src/arduinobot_description) by extensions ['ros']
[0.248s] Level 1:colcon.colcon_core.package_identification:_identify(src/arduinobot_description) by extension 'ros'
[0.248s] DEBUG:colcon.colcon_core.package_identification:Package 'src/arduinobot_description' with type 'ros.ament_cmake' and name 'arduinobot_description'
[0.248s] Level 1:colcon.colcon_core.package_identification:_identify(src/arduinobot_py_examples) by extensions ['ignore', 'ignore_ament_install']
[0.248s] Level 1:colcon.colcon_core.package_identification:_identify(src/arduinobot_py_examples) by extension 'ignore'
[0.248s] Level 1:colcon.colcon_core.package_identification:_identify(src/arduinobot_py_examples) by extension 'ignore_ament_install'
[0.248s] Level 1:colcon.colcon_core.package_identification:_identify(src/arduinobot_py_examples) by extensions ['colcon_pkg']
[0.248s] Level 1:colcon.colcon_core.package_identification:_identify(src/arduinobot_py_examples) by extension 'colcon_pkg'
[0.248s] Level 1:colcon.colcon_core.package_identification:_identify(src/arduinobot_py_examples) by extensions ['colcon_meta']
[0.248s] Level 1:colcon.colcon_core.package_identification:_identify(src/arduinobot_py_examples) by extension 'colcon_meta'
[0.248s] Level 1:colcon.colcon_core.package_identification:_identify(src/arduinobot_py_examples) by extensions ['ros']
[0.248s] Level 1:colcon.colcon_core.package_identification:_identify(src/arduinobot_py_examples) by extension 'ros'
[0.249s] DEBUG:colcon.colcon_core.package_identification:Package 'src/arduinobot_py_examples' with type 'ros.ament_python' and name 'arduinobot_py_examples'
[0.249s] Level 1:colcon.colcon_core.package_discovery:discover_packages(recursive) using defaults
[0.249s] Level 1:colcon.colcon_core.package_discovery:discover_packages(ignore) discover
[0.249s] Level 1:colcon.colcon_core.package_discovery:discover_packages(ignore) using defaults
[0.249s] Level 1:colcon.colcon_core.package_discovery:discover_packages(path) discover
[0.249s] Level 1:colcon.colcon_core.package_discovery:discover_packages(path) using defaults
[0.268s] Level 1:colcon.colcon_core.package_discovery:discover_packages(prefix_path) check parameters
[0.268s] Level 1:colcon.colcon_core.package_discovery:discover_packages(prefix_path) discover
[0.270s] DEBUG:colcon.colcon_installed_package_information.package_discovery:Found 4 installed packages in /home/marcos/arduinobot_ws/install
[0.272s] DEBUG:colcon.colcon_installed_package_information.package_discovery:Found 7 installed packages in /home/marcos/ros2_ws/install
[0.273s] DEBUG:colcon.colcon_installed_package_information.package_discovery:Found 354 installed packages in /opt/ros/humble
[0.275s] Level 1:colcon.colcon_core.package_discovery:discover_packages(prefix_path) using defaults
[0.320s] Level 5:colcon.colcon_core.verb:set package 'arduinobot_controller' build argument 'cmake_args' from command line to 'None'
[0.320s] Level 5:colcon.colcon_core.verb:set package 'arduinobot_controller' build argument 'cmake_target' from command line to 'None'
[0.320s] Level 5:colcon.colcon_core.verb:set package 'arduinobot_controller' build argument 'cmake_target_skip_unavailable' from command line to 'False'
[0.320s] Level 5:colcon.colcon_core.verb:set package 'arduinobot_controller' build argument 'cmake_clean_cache' from command line to 'False'
[0.320s] Level 5:colcon.colcon_core.verb:set package 'arduinobot_controller' build argument 'cmake_clean_first' from command line to 'False'
[0.320s] Level 5:colcon.colcon_core.verb:set package 'arduinobot_controller' build argument 'cmake_force_configure' from command line to 'False'
[0.320s] Level 5:colcon.colcon_core.verb:set package 'arduinobot_controller' build argument 'ament_cmake_args' from command line to 'None'
[0.320s] Level 5:colcon.colcon_core.verb:set package 'arduinobot_controller' build argument 'catkin_cmake_args' from command line to 'None'
[0.320s] Level 5:colcon.colcon_core.verb:set package 'arduinobot_controller' build argument 'catkin_skip_building_tests' from command line to 'False'
[0.320s] DEBUG:colcon.colcon_core.verb:Building package 'arduinobot_controller' with the following arguments: {'ament_cmake_args': None, 'build_base': '/home/marcos/arduinobot_ws/build/arduinobot_controller', 'catkin_cmake_args': None, 'catkin_skip_building_tests': False, 'cmake_args': None, 'cmake_clean_cache': False, 'cmake_clean_first': False, 'cmake_force_configure': False, 'cmake_target': None, 'cmake_target_skip_unavailable': False, 'install_base': '/home/marcos/arduinobot_ws/install/arduinobot_controller', 'merge_install': False, 'path': '/home/marcos/arduinobot_ws/src/arduinobot_controller', 'symlink_install': False, 'test_result_base': None}
[0.321s] Level 5:colcon.colcon_core.verb:set package 'arduinobot_cpp_examples' build argument 'cmake_args' from command line to 'None'
[0.321s] Level 5:colcon.colcon_core.verb:set package 'arduinobot_cpp_examples' build argument 'cmake_target' from command line to 'None'
[0.321s] Level 5:colcon.colcon_core.verb:set package 'arduinobot_cpp_examples' build argument 'cmake_target_skip_unavailable' from command line to 'False'
[0.321s] Level 5:colcon.colcon_core.verb:set package 'arduinobot_cpp_examples' build argument 'cmake_clean_cache' from command line to 'False'
[0.321s] Level 5:colcon.colcon_core.verb:set package 'arduinobot_cpp_examples' build argument 'cmake_clean_first' from command line to 'False'
[0.321s] Level 5:colcon.colcon_core.verb:set package 'arduinobot_cpp_examples' build argument 'cmake_force_configure' from command line to 'False'
[0.321s] Level 5:colcon.colcon_core.verb:set package 'arduinobot_cpp_examples' build argument 'ament_cmake_args' from command line to 'None'
[0.321s] Level 5:colcon.colcon_core.verb:set package 'arduinobot_cpp_examples' build argument 'catkin_cmake_args' from command line to 'None'
[0.321s] Level 5:colcon.colcon_core.verb:set package 'arduinobot_cpp_examples' build argument 'catkin_skip_building_tests' from command line to 'False'
[0.321s] DEBUG:colcon.colcon_core.verb:Building package 'arduinobot_cpp_examples' with the following arguments: {'ament_cmake_args': None, 'build_base': '/home/marcos/arduinobot_ws/build/arduinobot_cpp_examples', 'catkin_cmake_args': None, 'catkin_skip_building_tests': False, 'cmake_args': None, 'cmake_clean_cache': False, 'cmake_clean_first': False, 'cmake_force_configure': False, 'cmake_target': None, 'cmake_target_skip_unavailable': False, 'install_base': '/home/marcos/arduinobot_ws/install/arduinobot_cpp_examples', 'merge_install': False, 'path': '/home/marcos/arduinobot_ws/src/arduinobot_cpp_examples', 'symlink_install': False, 'test_result_base': None}
[0.321s] Level 5:colcon.colcon_core.verb:set package 'arduinobot_description' build argument 'cmake_args' from command line to 'None'
[0.321s] Level 5:colcon.colcon_core.verb:set package 'arduinobot_description' build argument 'cmake_target' from command line to 'None'
[0.321s] Level 5:colcon.colcon_core.verb:set package 'arduinobot_description' build argument 'cmake_target_skip_unavailable' from command line to 'False'
[0.321s] Level 5:colcon.colcon_core.verb:set package 'arduinobot_description' build argument 'cmake_clean_cache' from command line to 'False'
[0.321s] Level 5:colcon.colcon_core.verb:set package 'arduinobot_description' build argument 'cmake_clean_first' from command line to 'False'
[0.321s] Level 5:colcon.colcon_core.verb:set package 'arduinobot_description' build argument 'cmake_force_configure' from command line to 'False'
[0.321s] Level 5:colcon.colcon_core.verb:set package 'arduinobot_description' build argument 'ament_cmake_args' from command line to 'None'
[0.321s] Level 5:colcon.colcon_core.verb:set package 'arduinobot_description' build argument 'catkin_cmake_args' from command line to 'None'
[0.321s] Level 5:colcon.colcon_core.verb:set package 'arduinobot_description' build argument 'catkin_skip_building_tests' from command line to 'False'
[0.321s] DEBUG:colcon.colcon_core.verb:Building package 'arduinobot_description' with the following arguments: {'ament_cmake_args': None, 'build_base': '/home/marcos/arduinobot_ws/build/arduinobot_description', 'catkin_cmake_args': None, 'catkin_skip_building_tests': False, 'cmake_args': None, 'cmake_clean_cache': False, 'cmake_clean_first': False, 'cmake_force_configure': False, 'cmake_target': None, 'cmake_target_skip_unavailable': False, 'install_base': '/home/marcos/arduinobot_ws/install/arduinobot_description', 'merge_install': False, 'path': '/home/marcos/arduinobot_ws/src/arduinobot_description', 'symlink_install': False, 'test_result_base': None}
[0.322s] Level 5:colcon.colcon_core.verb:set package 'arduinobot_py_examples' build argument 'cmake_args' from command line to 'None'
[0.322s] Level 5:colcon.colcon_core.verb:set package 'arduinobot_py_examples' build argument 'cmake_target' from command line to 'None'
[0.322s] Level 5:colcon.colcon_core.verb:set package 'arduinobot_py_examples' build argument 'cmake_target_skip_unavailable' from command line to 'False'
[0.322s] Level 5:colcon.colcon_core.verb:set package 'arduinobot_py_examples' build argument 'cmake_clean_cache' from command line to 'False'
[0.322s] Level 5:colcon.colcon_core.verb:set package 'arduinobot_py_examples' build argument 'cmake_clean_first' from command line to 'False'
[0.322s] Level 5:colcon.colcon_core.verb:set package 'arduinobot_py_examples' build argument 'cmake_force_configure' from command line to 'False'
[0.322s] Level 5:colcon.colcon_core.verb:set package 'arduinobot_py_examples' build argument 'ament_cmake_args' from command line to 'None'
[0.322s] Level 5:colcon.colcon_core.verb:set package 'arduinobot_py_examples' build argument 'catkin_cmake_args' from command line to 'None'
[0.322s] Level 5:colcon.colcon_core.verb:set package 'arduinobot_py_examples' build argument 'catkin_skip_building_tests' from command line to 'False'
[0.322s] DEBUG:colcon.colcon_core.verb:Building package 'arduinobot_py_examples' with the following arguments: {'ament_cmake_args': None, 'build_base': '/home/marcos/arduinobot_ws/build/arduinobot_py_examples', 'catkin_cmake_args': None, 'catkin_skip_building_tests': False, 'cmake_args': None, 'cmake_clean_cache': False, 'cmake_clean_first': False, 'cmake_force_configure': False, 'cmake_target': None, 'cmake_target_skip_unavailable': False, 'install_base': '/home/marcos/arduinobot_ws/install/arduinobot_py_examples', 'merge_install': False, 'path': '/home/marcos/arduinobot_ws/src/arduinobot_py_examples', 'symlink_install': False, 'test_result_base': None}
[0.322s] INFO:colcon.colcon_core.executor:Executing jobs using 'parallel' executor
[0.323s] DEBUG:colcon.colcon_parallel_executor.executor.parallel:run_until_complete
[0.323s] INFO:colcon.colcon_ros.task.ament_cmake.build:Building ROS package in '/home/marcos/arduinobot_ws/src/arduinobot_controller' with build type 'ament_cmake'
[0.323s] INFO:colcon.colcon_cmake.task.cmake.build:Building CMake package in '/home/marcos/arduinobot_ws/src/arduinobot_controller'
[0.327s] INFO:colcon.colcon_core.plugin_system:Skipping extension 'colcon_core.shell.bat': Not used on non-Windows systems
[0.327s] INFO:colcon.colcon_core.shell:Skip shell extension 'powershell' for command environment: Not usable outside of PowerShell
[0.327s] DEBUG:colcon.colcon_core.shell:Skip shell extension 'dsv' for command environment
[0.331s] INFO:colcon.colcon_ros.task.ament_cmake.build:Building ROS package in '/home/marcos/arduinobot_ws/src/arduinobot_cpp_examples' with build type 'ament_cmake'
[0.331s] INFO:colcon.colcon_cmake.task.cmake.build:Building CMake package in '/home/marcos/arduinobot_ws/src/arduinobot_cpp_examples'
[0.332s] INFO:colcon.colcon_core.shell:Skip shell extension 'powershell' for command environment: Not usable outside of PowerShell
[0.332s] DEBUG:colcon.colcon_core.shell:Skip shell extension 'dsv' for command environment
[0.353s] DEBUG:colcon.colcon_core.event_handler.log_command:Invoking command in '/home/marcos/arduinobot_ws/build/arduinobot_controller': CMAKE_PREFIX_PATH=${CMAKE_PREFIX_PATH}:/home/marcos/arduinobot_ws/install/arduinobot_py_examples:/home/marcos/ros2_ws/install/turtle_catch_them_all:/home/marcos/ros2_ws/install/my_py_pkg:/home/marcos/ros2_ws/install/exo1_py:/opt/ros/humble /usr/bin/cmake --build /home/marcos/arduinobot_ws/build/arduinobot_controller -- -j2 -l2
[0.353s] DEBUG:colcon.colcon_core.event_handler.log_command:Invoking command in '/home/marcos/arduinobot_ws/build/arduinobot_cpp_examples': CMAKE_PREFIX_PATH=${CMAKE_PREFIX_PATH}:/home/marcos/arduinobot_ws/install/arduinobot_py_examples:/home/marcos/ros2_ws/install/turtle_catch_them_all:/home/marcos/ros2_ws/install/my_py_pkg:/home/marcos/ros2_ws/install/exo1_py:/opt/ros/humble /usr/bin/cmake --build /home/marcos/arduinobot_ws/build/arduinobot_cpp_examples -- -j2 -l2
[0.408s] DEBUG:colcon.colcon_core.event_handler.log_command:Invoked command in '/home/marcos/arduinobot_ws/build/arduinobot_controller' returned '0': CMAKE_PREFIX_PATH=${CMAKE_PREFIX_PATH}:/home/marcos/arduinobot_ws/install/arduinobot_py_examples:/home/marcos/ros2_ws/install/turtle_catch_them_all:/home/marcos/ros2_ws/install/my_py_pkg:/home/marcos/ros2_ws/install/exo1_py:/opt/ros/humble /usr/bin/cmake --build /home/marcos/arduinobot_ws/build/arduinobot_controller -- -j2 -l2
[0.435s] DEBUG:colcon.colcon_core.event_handler.log_command:Invoked command in '/home/marcos/arduinobot_ws/build/arduinobot_cpp_examples' returned '0': CMAKE_PREFIX_PATH=${CMAKE_PREFIX_PATH}:/home/marcos/arduinobot_ws/install/arduinobot_py_examples:/home/marcos/ros2_ws/install/turtle_catch_them_all:/home/marcos/ros2_ws/install/my_py_pkg:/home/marcos/ros2_ws/install/exo1_py:/opt/ros/humble /usr/bin/cmake --build /home/marcos/arduinobot_ws/build/arduinobot_cpp_examples -- -j2 -l2
[0.449s] DEBUG:colcon.colcon_core.event_handler.log_command:Invoking command in '/home/marcos/arduinobot_ws/build/arduinobot_controller': CMAKE_PREFIX_PATH=${CMAKE_PREFIX_PATH}:/home/marcos/arduinobot_ws/install/arduinobot_py_examples:/home/marcos/ros2_ws/install/turtle_catch_them_all:/home/marcos/ros2_ws/install/my_py_pkg:/home/marcos/ros2_ws/install/exo1_py:/opt/ros/humble /usr/bin/cmake --install /home/marcos/arduinobot_ws/build/arduinobot_controller
[0.472s] Level 1:colcon.colcon_core.environment:create_environment_scripts_only(arduinobot_controller)
[0.473s] DEBUG:colcon.colcon_core.event_handler.log_command:Invoked command in '/home/marcos/arduinobot_ws/build/arduinobot_controller' returned '0': CMAKE_PREFIX_PATH=${CMAKE_PREFIX_PATH}:/home/marcos/arduinobot_ws/install/arduinobot_py_examples:/home/marcos/ros2_ws/install/turtle_catch_them_all:/home/marcos/ros2_ws/install/my_py_pkg:/home/marcos/ros2_ws/install/exo1_py:/opt/ros/humble /usr/bin/cmake --install /home/marcos/arduinobot_ws/build/arduinobot_controller
[0.474s] Level 1:colcon.colcon_core.environment:checking '/home/marcos/arduinobot_ws/install/arduinobot_controller' for CMake module files
[0.475s] Level 1:colcon.colcon_core.environment:checking '/home/marcos/arduinobot_ws/install/arduinobot_controller' for CMake config files
[0.476s] Level 1:colcon.colcon_core.shell:create_environment_hook('arduinobot_controller', 'cmake_prefix_path')
[0.476s] INFO:colcon.colcon_core.shell:Creating environment hook '/home/marcos/arduinobot_ws/install/arduinobot_controller/share/arduinobot_controller/hook/cmake_prefix_path.ps1'
[0.476s] INFO:colcon.colcon_core.shell:Creating environment descriptor '/home/marcos/arduinobot_ws/install/arduinobot_controller/share/arduinobot_controller/hook/cmake_prefix_path.dsv'
[0.477s] INFO:colcon.colcon_core.shell:Creating environment hook '/home/marcos/arduinobot_ws/install/arduinobot_controller/share/arduinobot_controller/hook/cmake_prefix_path.sh'
[0.478s] Level 1:colcon.colcon_core.environment:checking '/home/marcos/arduinobot_ws/install/arduinobot_controller/bin'
[0.478s] Level 1:colcon.colcon_core.environment:checking '/home/marcos/arduinobot_ws/install/arduinobot_controller/lib/pkgconfig/arduinobot_controller.pc'
[0.479s] Level 1:colcon.colcon_core.environment:checking '/home/marcos/arduinobot_ws/install/arduinobot_controller/lib/python3.10/site-packages'
[0.479s] Level 1:colcon.colcon_core.environment:checking '/home/marcos/arduinobot_ws/install/arduinobot_controller/bin'
[0.479s] INFO:colcon.colcon_core.shell:Creating package script '/home/marcos/arduinobot_ws/install/arduinobot_controller/share/arduinobot_controller/package.ps1'
[0.480s] INFO:colcon.colcon_core.shell:Creating package descriptor '/home/marcos/arduinobot_ws/install/arduinobot_controller/share/arduinobot_controller/package.dsv'
[0.480s] INFO:colcon.colcon_core.shell:Creating package script '/home/marcos/arduinobot_ws/install/arduinobot_controller/share/arduinobot_controller/package.sh'
[0.481s] INFO:colcon.colcon_core.shell:Creating package script '/home/marcos/arduinobot_ws/install/arduinobot_controller/share/arduinobot_controller/package.bash'
[0.482s] INFO:colcon.colcon_core.shell:Creating package script '/home/marcos/arduinobot_ws/install/arduinobot_controller/share/arduinobot_controller/package.zsh'
[0.482s] Level 1:colcon.colcon_core.environment:create_file_with_runtime_dependencies(/home/marcos/arduinobot_ws/install/arduinobot_controller/share/colcon-core/packages/arduinobot_controller)
[0.485s] DEBUG:colcon.colcon_core.event_handler.log_command:Invoking command in '/home/marcos/arduinobot_ws/build/arduinobot_cpp_examples': CMAKE_PREFIX_PATH=${CMAKE_PREFIX_PATH}:/home/marcos/arduinobot_ws/install/arduinobot_py_examples:/home/marcos/ros2_ws/install/turtle_catch_them_all:/home/marcos/ros2_ws/install/my_py_pkg:/home/marcos/ros2_ws/install/exo1_py:/opt/ros/humble /usr/bin/cmake --install /home/marcos/arduinobot_ws/build/arduinobot_cpp_examples
[0.500s] Level 1:colcon.colcon_core.environment:create_environment_scripts_only(arduinobot_cpp_examples)
[0.500s] Level 1:colcon.colcon_core.environment:checking '/home/marcos/arduinobot_ws/install/arduinobot_cpp_examples' for CMake module files
[0.500s] DEBUG:colcon.colcon_core.event_handler.log_command:Invoked command in '/home/marcos/arduinobot_ws/build/arduinobot_cpp_examples' returned '0': CMAKE_PREFIX_PATH=${CMAKE_PREFIX_PATH}:/home/marcos/arduinobot_ws/install/arduinobot_py_examples:/home/marcos/ros2_ws/install/turtle_catch_them_all:/home/marcos/ros2_ws/install/my_py_pkg:/home/marcos/ros2_ws/install/exo1_py:/opt/ros/humble /usr/bin/cmake --install /home/marcos/arduinobot_ws/build/arduinobot_cpp_examples
[0.502s] Level 1:colcon.colcon_core.environment:checking '/home/marcos/arduinobot_ws/install/arduinobot_cpp_examples' for CMake config files
[0.502s] Level 1:colcon.colcon_core.shell:create_environment_hook('arduinobot_cpp_examples', 'cmake_prefix_path')
[0.502s] INFO:colcon.colcon_core.shell:Creating environment hook '/home/marcos/arduinobot_ws/install/arduinobot_cpp_examples/share/arduinobot_cpp_examples/hook/cmake_prefix_path.ps1'
[0.503s] INFO:colcon.colcon_core.shell:Creating environment descriptor '/home/marcos/arduinobot_ws/install/arduinobot_cpp_examples/share/arduinobot_cpp_examples/hook/cmake_prefix_path.dsv'
[0.504s] INFO:colcon.colcon_core.shell:Creating environment hook '/home/marcos/arduinobot_ws/install/arduinobot_cpp_examples/share/arduinobot_cpp_examples/hook/cmake_prefix_path.sh'
[0.507s] Level 1:colcon.colcon_core.environment:checking '/home/marcos/arduinobot_ws/install/arduinobot_cpp_examples/lib'
[0.507s] Level 1:colcon.colcon_core.environment:checking '/home/marcos/arduinobot_ws/install/arduinobot_cpp_examples/bin'
[0.507s] Level 1:colcon.colcon_core.environment:checking '/home/marcos/arduinobot_ws/install/arduinobot_cpp_examples/lib/pkgconfig/arduinobot_cpp_examples.pc'
[0.508s] Level 1:colcon.colcon_core.environment:checking '/home/marcos/arduinobot_ws/install/arduinobot_cpp_examples/lib/python3.10/site-packages'
[0.508s] Level 1:colcon.colcon_core.environment:checking '/home/marcos/arduinobot_ws/install/arduinobot_cpp_examples/bin'
[0.508s] INFO:colcon.colcon_core.shell:Creating package script '/home/marcos/arduinobot_ws/install/arduinobot_cpp_examples/share/arduinobot_cpp_examples/package.ps1'
[0.510s] INFO:colcon.colcon_core.shell:Creating package descriptor '/home/marcos/arduinobot_ws/install/arduinobot_cpp_examples/share/arduinobot_cpp_examples/package.dsv'
[0.512s] INFO:colcon.colcon_core.shell:Creating package script '/home/marcos/arduinobot_ws/install/arduinobot_cpp_examples/share/arduinobot_cpp_examples/package.sh'
[0.512s] INFO:colcon.colcon_core.shell:Creating package script '/home/marcos/arduinobot_ws/install/arduinobot_cpp_examples/share/arduinobot_cpp_examples/package.bash'
[0.512s] INFO:colcon.colcon_core.shell:Creating package script '/home/marcos/arduinobot_ws/install/arduinobot_cpp_examples/share/arduinobot_cpp_examples/package.zsh'
[0.513s] Level 1:colcon.colcon_core.environment:create_file_with_runtime_dependencies(/home/marcos/arduinobot_ws/install/arduinobot_cpp_examples/share/colcon-core/packages/arduinobot_cpp_examples)
[0.518s] Level 1:colcon.colcon_core.environment:create_environment_scripts_only(arduinobot_controller)
[0.519s] Level 1:colcon.colcon_core.environment:checking '/home/marcos/arduinobot_ws/install/arduinobot_controller' for CMake module files
[0.520s] Level 1:colcon.colcon_core.environment:checking '/home/marcos/arduinobot_ws/install/arduinobot_controller' for CMake config files
[0.521s] Level 1:colcon.colcon_core.shell:create_environment_hook('arduinobot_controller', 'cmake_prefix_path')
[0.521s] INFO:colcon.colcon_core.shell:Creating environment hook '/home/marcos/arduinobot_ws/install/arduinobot_controller/share/arduinobot_controller/hook/cmake_prefix_path.ps1'
[0.521s] INFO:colcon.colcon_core.shell:Creating environment descriptor '/home/marcos/arduinobot_ws/install/arduinobot_controller/share/arduinobot_controller/hook/cmake_prefix_path.dsv'
[0.522s] INFO:colcon.colcon_core.shell:Creating environment hook '/home/marcos/arduinobot_ws/install/arduinobot_controller/share/arduinobot_controller/hook/cmake_prefix_path.sh'
[0.522s] Level 1:colcon.colcon_core.environment:checking '/home/marcos/arduinobot_ws/install/arduinobot_controller/bin'
[0.522s] Level 1:colcon.colcon_core.environment:checking '/home/marcos/arduinobot_ws/install/arduinobot_controller/lib/pkgconfig/arduinobot_controller.pc'
[0.523s] Level 1:colcon.colcon_core.environment:checking '/home/marcos/arduinobot_ws/install/arduinobot_controller/lib/python3.10/site-packages'
[0.523s] Level 1:colcon.colcon_core.environment:checking '/home/marcos/arduinobot_ws/install/arduinobot_controller/bin'
[0.523s] INFO:colcon.colcon_core.shell:Creating package script '/home/marcos/arduinobot_ws/install/arduinobot_controller/share/arduinobot_controller/package.ps1'
[0.524s] INFO:colcon.colcon_core.shell:Creating package descriptor '/home/marcos/arduinobot_ws/install/arduinobot_controller/share/arduinobot_controller/package.dsv'
[0.525s] INFO:colcon.colcon_core.shell:Creating package script '/home/marcos/arduinobot_ws/install/arduinobot_controller/share/arduinobot_controller/package.sh'
[0.525s] INFO:colcon.colcon_core.shell:Creating package script '/home/marcos/arduinobot_ws/install/arduinobot_controller/share/arduinobot_controller/package.bash'
[0.526s] INFO:colcon.colcon_core.shell:Creating package script '/home/marcos/arduinobot_ws/install/arduinobot_controller/share/arduinobot_controller/package.zsh'
[0.526s] Level 1:colcon.colcon_core.environment:create_file_with_runtime_dependencies(/home/marcos/arduinobot_ws/install/arduinobot_controller/share/colcon-core/packages/arduinobot_controller)
[0.527s] INFO:colcon.colcon_ros.task.ament_cmake.build:Building ROS package in '/home/marcos/arduinobot_ws/src/arduinobot_description' with build type 'ament_cmake'
[0.528s] INFO:colcon.colcon_cmake.task.cmake.build:Building CMake package in '/home/marcos/arduinobot_ws/src/arduinobot_description'
[0.528s] INFO:colcon.colcon_core.shell:Skip shell extension 'powershell' for command environment: Not usable outside of PowerShell
[0.528s] DEBUG:colcon.colcon_core.shell:Skip shell extension 'dsv' for command environment
[0.536s] DEBUG:colcon.colcon_core.event_handler.log_command:Invoking command in '/home/marcos/arduinobot_ws/build/arduinobot_description': CMAKE_PREFIX_PATH=${CMAKE_PREFIX_PATH}:/home/marcos/arduinobot_ws/install/arduinobot_py_examples:/home/marcos/ros2_ws/install/turtle_catch_them_all:/home/marcos/ros2_ws/install/my_py_pkg:/home/marcos/ros2_ws/install/exo1_py:/opt/ros/humble /usr/bin/cmake --build /home/marcos/arduinobot_ws/build/arduinobot_description -- -j2 -l2
[0.549s] Level 1:colcon.colcon_core.environment:create_environment_scripts_only(arduinobot_cpp_examples)
[0.550s] Level 1:colcon.colcon_core.environment:checking '/home/marcos/arduinobot_ws/install/arduinobot_cpp_examples' for CMake module files
[0.551s] Level 1:colcon.colcon_core.environment:checking '/home/marcos/arduinobot_ws/install/arduinobot_cpp_examples' for CMake config files
[0.552s] Level 1:colcon.colcon_core.shell:create_environment_hook('arduinobot_cpp_examples', 'cmake_prefix_path')
[0.552s] INFO:colcon.colcon_core.shell:Creating environment hook '/home/marcos/arduinobot_ws/install/arduinobot_cpp_examples/share/arduinobot_cpp_examples/hook/cmake_prefix_path.ps1'
[0.553s] INFO:colcon.colcon_core.shell:Creating environment descriptor '/home/marcos/arduinobot_ws/install/arduinobot_cpp_examples/share/arduinobot_cpp_examples/hook/cmake_prefix_path.dsv'
[0.554s] INFO:colcon.colcon_core.shell:Creating environment hook '/home/marcos/arduinobot_ws/install/arduinobot_cpp_examples/share/arduinobot_cpp_examples/hook/cmake_prefix_path.sh'
[0.556s] Level 1:colcon.colcon_core.environment:checking '/home/marcos/arduinobot_ws/install/arduinobot_cpp_examples/lib'
[0.556s] Level 1:colcon.colcon_core.environment:checking '/home/marcos/arduinobot_ws/install/arduinobot_cpp_examples/bin'
[0.556s] Level 1:colcon.colcon_core.environment:checking '/home/marcos/arduinobot_ws/install/arduinobot_cpp_examples/lib/pkgconfig/arduinobot_cpp_examples.pc'
[0.556s] Level 1:colcon.colcon_core.environment:checking '/home/marcos/arduinobot_ws/install/arduinobot_cpp_examples/lib/python3.10/site-packages'
[0.556s] Level 1:colcon.colcon_core.environment:checking '/home/marcos/arduinobot_ws/install/arduinobot_cpp_examples/bin'
[0.557s] INFO:colcon.colcon_core.shell:Creating package script '/home/marcos/arduinobot_ws/install/arduinobot_cpp_examples/share/arduinobot_cpp_examples/package.ps1'
[0.559s] INFO:colcon.colcon_core.shell:Creating package descriptor '/home/marcos/arduinobot_ws/install/arduinobot_cpp_examples/share/arduinobot_cpp_examples/package.dsv'
[0.560s] INFO:colcon.colcon_core.shell:Creating package script '/home/marcos/arduinobot_ws/install/arduinobot_cpp_examples/share/arduinobot_cpp_examples/package.sh'
[0.561s] INFO:colcon.colcon_core.shell:Creating package script '/home/marcos/arduinobot_ws/install/arduinobot_cpp_examples/share/arduinobot_cpp_examples/package.bash'
[0.561s] INFO:colcon.colcon_core.shell:Creating package script '/home/marcos/arduinobot_ws/install/arduinobot_cpp_examples/share/arduinobot_cpp_examples/package.zsh'
[0.562s] Level 1:colcon.colcon_core.environment:create_file_with_runtime_dependencies(/home/marcos/arduinobot_ws/install/arduinobot_cpp_examples/share/colcon-core/packages/arduinobot_cpp_examples)
[0.562s] INFO:colcon.colcon_ros.task.ament_python.build:Building ROS package in '/home/marcos/arduinobot_ws/src/arduinobot_py_examples' with build type 'ament_python'
[0.562s] Level 1:colcon.colcon_core.shell:create_environment_hook('arduinobot_py_examples', 'ament_prefix_path')
[0.562s] INFO:colcon.colcon_core.shell:Creating environment hook '/home/marcos/arduinobot_ws/install/arduinobot_py_examples/share/arduinobot_py_examples/hook/ament_prefix_path.ps1'
[0.563s] INFO:colcon.colcon_core.shell:Creating environment descriptor '/home/marcos/arduinobot_ws/install/arduinobot_py_examples/share/arduinobot_py_examples/hook/ament_prefix_path.dsv'
[0.564s] INFO:colcon.colcon_core.shell:Creating environment hook '/home/marcos/arduinobot_ws/install/arduinobot_py_examples/share/arduinobot_py_examples/hook/ament_prefix_path.sh'
[0.564s] INFO:colcon.colcon_core.shell:Skip shell extension 'powershell' for command environment: Not usable outside of PowerShell
[0.565s] DEBUG:colcon.colcon_core.shell:Skip shell extension 'dsv' for command environment
[0.841s] INFO:colcon.colcon_core.task.python.build:Building Python package in '/home/marcos/arduinobot_ws/src/arduinobot_py_examples'
[0.841s] INFO:colcon.colcon_core.shell:Skip shell extension 'powershell' for command environment: Not usable outside of PowerShell
[0.842s] DEBUG:colcon.colcon_core.shell:Skip shell extension 'dsv' for command environment
[0.847s] DEBUG:colcon.colcon_core.event_handler.log_command:Invoked command in '/home/marcos/arduinobot_ws/build/arduinobot_description' returned '0': CMAKE_PREFIX_PATH=${CMAKE_PREFIX_PATH}:/home/marcos/arduinobot_ws/install/arduinobot_py_examples:/home/marcos/ros2_ws/install/turtle_catch_them_all:/home/marcos/ros2_ws/install/my_py_pkg:/home/marcos/ros2_ws/install/exo1_py:/opt/ros/humble /usr/bin/cmake --build /home/marcos/arduinobot_ws/build/arduinobot_description -- -j2 -l2
[0.870s] DEBUG:colcon.colcon_core.event_handler.log_command:Invoking command in '/home/marcos/arduinobot_ws/build/arduinobot_description': CMAKE_PREFIX_PATH=${CMAKE_PREFIX_PATH}:/home/marcos/arduinobot_ws/install/arduinobot_py_examples:/home/marcos/ros2_ws/install/turtle_catch_them_all:/home/marcos/ros2_ws/install/my_py_pkg:/home/marcos/ros2_ws/install/exo1_py:/opt/ros/humble /usr/bin/cmake --install /home/marcos/arduinobot_ws/build/arduinobot_description
[0.919s] Level 1:colcon.colcon_core.environment:create_environment_scripts_only(arduinobot_description)
[0.920s] Level 1:colcon.colcon_core.environment:checking '/home/marcos/arduinobot_ws/install/arduinobot_description' for CMake module files
[0.921s] Level 1:colcon.colcon_core.environment:checking '/home/marcos/arduinobot_ws/install/arduinobot_description' for CMake config files
[0.922s] Level 1:colcon.colcon_core.shell:create_environment_hook('arduinobot_description', 'cmake_prefix_path')
[0.922s] INFO:colcon.colcon_core.shell:Creating environment hook '/home/marcos/arduinobot_ws/install/arduinobot_description/share/arduinobot_description/hook/cmake_prefix_path.ps1'
[0.923s] DEBUG:colcon.colcon_core.event_handler.log_command:Invoked command in '/home/marcos/arduinobot_ws/build/arduinobot_description' returned '0': CMAKE_PREFIX_PATH=${CMAKE_PREFIX_PATH}:/home/marcos/arduinobot_ws/install/arduinobot_py_examples:/home/marcos/ros2_ws/install/turtle_catch_them_all:/home/marcos/ros2_ws/install/my_py_pkg:/home/marcos/ros2_ws/install/exo1_py:/opt/ros/humble /usr/bin/cmake --install /home/marcos/arduinobot_ws/build/arduinobot_description
[0.923s] INFO:colcon.colcon_core.shell:Creating environment descriptor '/home/marcos/arduinobot_ws/install/arduinobot_description/share/arduinobot_description/hook/cmake_prefix_path.dsv'
[0.924s] INFO:colcon.colcon_core.shell:Creating environment hook '/home/marcos/arduinobot_ws/install/arduinobot_description/share/arduinobot_description/hook/cmake_prefix_path.sh'
[0.924s] Level 1:colcon.colcon_core.environment:checking '/home/marcos/arduinobot_ws/install/arduinobot_description/bin'
[0.924s] Level 1:colcon.colcon_core.environment:checking '/home/marcos/arduinobot_ws/install/arduinobot_description/lib/pkgconfig/arduinobot_description.pc'
[0.925s] Level 1:colcon.colcon_core.environment:checking '/home/marcos/arduinobot_ws/install/arduinobot_description/lib/python3.10/site-packages'
[0.925s] Level 1:colcon.colcon_core.environment:checking '/home/marcos/arduinobot_ws/install/arduinobot_description/bin'
[0.925s] INFO:colcon.colcon_core.shell:Creating package script '/home/marcos/arduinobot_ws/install/arduinobot_description/share/arduinobot_description/package.ps1'
[0.927s] INFO:colcon.colcon_core.shell:Creating package descriptor '/home/marcos/arduinobot_ws/install/arduinobot_description/share/arduinobot_description/package.dsv'
[0.927s] INFO:colcon.colcon_core.shell:Creating package script '/home/marcos/arduinobot_ws/install/arduinobot_description/share/arduinobot_description/package.sh'
[0.928s] INFO:colcon.colcon_core.shell:Creating package script '/home/marcos/arduinobot_ws/install/arduinobot_description/share/arduinobot_description/package.bash'
[0.928s] INFO:colcon.colcon_core.shell:Creating package script '/home/marcos/arduinobot_ws/install/arduinobot_description/share/arduinobot_description/package.zsh'
[0.929s] Level 1:colcon.colcon_core.environment:create_file_with_runtime_dependencies(/home/marcos/arduinobot_ws/install/arduinobot_description/share/colcon-core/packages/arduinobot_description)
[0.964s] Level 1:colcon.colcon_core.environment:create_environment_scripts_only(arduinobot_description)
[0.966s] Level 1:colcon.colcon_core.environment:checking '/home/marcos/arduinobot_ws/install/arduinobot_description' for CMake module files
[0.966s] Level 1:colcon.colcon_core.environment:checking '/home/marcos/arduinobot_ws/install/arduinobot_description' for CMake config files
[0.967s] Level 1:colcon.colcon_core.shell:create_environment_hook('arduinobot_description', 'cmake_prefix_path')
[0.967s] INFO:colcon.colcon_core.shell:Creating environment hook '/home/marcos/arduinobot_ws/install/arduinobot_description/share/arduinobot_description/hook/cmake_prefix_path.ps1'
[0.967s] INFO:colcon.colcon_core.shell:Creating environment descriptor '/home/marcos/arduinobot_ws/install/arduinobot_description/share/arduinobot_description/hook/cmake_prefix_path.dsv'
[0.968s] INFO:colcon.colcon_core.shell:Creating environment hook '/home/marcos/arduinobot_ws/install/arduinobot_description/share/arduinobot_description/hook/cmake_prefix_path.sh'
[0.970s] Level 1:colcon.colcon_core.environment:checking '/home/marcos/arduinobot_ws/install/arduinobot_description/bin'
[0.971s] Level 1:colcon.colcon_core.environment:checking '/home/marcos/arduinobot_ws/install/arduinobot_description/lib/pkgconfig/arduinobot_description.pc'
[0.971s] Level 1:colcon.colcon_core.environment:checking '/home/marcos/arduinobot_ws/install/arduinobot_description/lib/python3.10/site-packages'
[0.971s] Level 1:colcon.colcon_core.environment:checking '/home/marcos/arduinobot_ws/install/arduinobot_description/bin'
[0.975s] INFO:colcon.colcon_core.shell:Creating package script '/home/marcos/arduinobot_ws/install/arduinobot_description/share/arduinobot_description/package.ps1'
[0.976s] INFO:colcon.colcon_core.shell:Creating package descriptor '/home/marcos/arduinobot_ws/install/arduinobot_description/share/arduinobot_description/package.dsv'
[0.976s] INFO:colcon.colcon_core.shell:Creating package script '/home/marcos/arduinobot_ws/install/arduinobot_description/share/arduinobot_description/package.sh'
[0.977s] INFO:colcon.colcon_core.shell:Creating package script '/home/marcos/arduinobot_ws/install/arduinobot_description/share/arduinobot_description/package.bash'
[0.977s] INFO:colcon.colcon_core.shell:Creating package script '/home/marcos/arduinobot_ws/install/arduinobot_description/share/arduinobot_description/package.zsh'
[0.977s] Level 1:colcon.colcon_core.environment:create_file_with_runtime_dependencies(/home/marcos/arduinobot_ws/install/arduinobot_description/share/colcon-core/packages/arduinobot_description)
[1.227s] DEBUG:colcon.colcon_core.event_handler.log_command:Invoking command in '/home/marcos/arduinobot_ws/src/arduinobot_py_examples': PYTHONPATH=/home/marcos/arduinobot_ws/build/arduinobot_py_examples/prefix_override:/usr/lib/python3/dist-packages/colcon_core/task/python/colcon_distutils_commands:/home/marcos/arduinobot_ws/install/arduinobot_py_examples/lib/python3.10/site-packages:${PYTHONPATH} /usr/bin/python3 -W ignore:setup.py install is deprecated setup.py egg_info --egg-base ../../build/arduinobot_py_examples build --build-base /home/marcos/arduinobot_ws/build/arduinobot_py_examples/build install --record /home/marcos/arduinobot_ws/build/arduinobot_py_examples/install.log --single-version-externally-managed install_data
[1.506s] Level 1:colcon.colcon_core.environment:checking '/home/marcos/arduinobot_ws/install/arduinobot_py_examples' for CMake module files
[1.506s] Level 1:colcon.colcon_core.environment:checking '/home/marcos/arduinobot_ws/install/arduinobot_py_examples' for CMake config files
[1.507s] DEBUG:colcon.colcon_core.event_handler.log_command:Invoked command in '/home/marcos/arduinobot_ws/src/arduinobot_py_examples' returned '0': PYTHONPATH=/home/marcos/arduinobot_ws/build/arduinobot_py_examples/prefix_override:/usr/lib/python3/dist-packages/colcon_core/task/python/colcon_distutils_commands:/home/marcos/arduinobot_ws/install/arduinobot_py_examples/lib/python3.10/site-packages:${PYTHONPATH} /usr/bin/python3 -W ignore:setup.py install is deprecated setup.py egg_info --egg-base ../../build/arduinobot_py_examples build --build-base /home/marcos/arduinobot_ws/build/arduinobot_py_examples/build install --record /home/marcos/arduinobot_ws/build/arduinobot_py_examples/install.log --single-version-externally-managed install_data
[1.509s] Level 1:colcon.colcon_core.environment:checking '/home/marcos/arduinobot_ws/install/arduinobot_py_examples/lib'
[1.509s] Level 1:colcon.colcon_core.environment:checking '/home/marcos/arduinobot_ws/install/arduinobot_py_examples/bin'
[1.509s] Level 1:colcon.colcon_core.environment:checking '/home/marcos/arduinobot_ws/install/arduinobot_py_examples/lib/pkgconfig/arduinobot_py_examples.pc'
[1.509s] Level 1:colcon.colcon_core.environment:checking '/home/marcos/arduinobot_ws/install/arduinobot_py_examples/lib/python3.10/site-packages'
[1.509s] Level 1:colcon.colcon_core.shell:create_environment_hook('arduinobot_py_examples', 'pythonpath')
[1.509s] INFO:colcon.colcon_core.shell:Creating environment hook '/home/marcos/arduinobot_ws/install/arduinobot_py_examples/share/arduinobot_py_examples/hook/pythonpath.ps1'
[1.510s] INFO:colcon.colcon_core.shell:Creating environment descriptor '/home/marcos/arduinobot_ws/install/arduinobot_py_examples/share/arduinobot_py_examples/hook/pythonpath.dsv'
[1.510s] INFO:colcon.colcon_core.shell:Creating environment hook '/home/marcos/arduinobot_ws/install/arduinobot_py_examples/share/arduinobot_py_examples/hook/pythonpath.sh'
[1.511s] Level 1:colcon.colcon_core.environment:checking '/home/marcos/arduinobot_ws/install/arduinobot_py_examples/bin'
[1.511s] Level 1:colcon.colcon_core.environment:create_environment_scripts_only(arduinobot_py_examples)
[1.512s] INFO:colcon.colcon_core.shell:Creating package script '/home/marcos/arduinobot_ws/install/arduinobot_py_examples/share/arduinobot_py_examples/package.ps1'
[1.512s] INFO:colcon.colcon_core.shell:Creating package descriptor '/home/marcos/arduinobot_ws/install/arduinobot_py_examples/share/arduinobot_py_examples/package.dsv'
[1.513s] INFO:colcon.colcon_core.shell:Creating package script '/home/marcos/arduinobot_ws/install/arduinobot_py_examples/share/arduinobot_py_examples/package.sh'
[1.513s] INFO:colcon.colcon_core.shell:Creating package script '/home/marcos/arduinobot_ws/install/arduinobot_py_examples/share/arduinobot_py_examples/package.bash'
[1.513s] INFO:colcon.colcon_core.shell:Creating package script '/home/marcos/arduinobot_ws/install/arduinobot_py_examples/share/arduinobot_py_examples/package.zsh'
[1.514s] Level 1:colcon.colcon_core.environment:create_file_with_runtime_dependencies(/home/marcos/arduinobot_ws/install/arduinobot_py_examples/share/colcon-core/packages/arduinobot_py_examples)
[1.514s] DEBUG:colcon.colcon_parallel_executor.executor.parallel:closing loop
[1.514s] DEBUG:colcon.colcon_parallel_executor.executor.parallel:loop closed
[1.514s] DEBUG:colcon.colcon_parallel_executor.executor.parallel:run_until_complete finished with '0'
[1.515s] DEBUG:colcon.colcon_core.event_reactor:joining thread
[1.521s] INFO:colcon.colcon_core.plugin_system:Skipping extension 'colcon_notification.desktop_notification.terminal_notifier': Not used on non-Darwin systems
[1.521s] INFO:colcon.colcon_core.plugin_system:Skipping extension 'colcon_notification.desktop_notification.win32': Not used on non-Windows systems
[1.522s] INFO:colcon.colcon_notification.desktop_notification:Sending desktop notification using 'notify2'
[1.533s] DEBUG:colcon.colcon_core.event_reactor:joined thread
[1.534s] INFO:colcon.colcon_core.shell:Creating prefix script '/home/marcos/arduinobot_ws/install/local_setup.ps1'
[1.535s] INFO:colcon.colcon_core.shell:Creating prefix util module '/home/marcos/arduinobot_ws/install/_local_setup_util_ps1.py'
[1.536s] INFO:colcon.colcon_core.shell:Creating prefix chain script '/home/marcos/arduinobot_ws/install/setup.ps1'
[1.538s] INFO:colcon.colcon_core.shell:Creating prefix script '/home/marcos/arduinobot_ws/install/local_setup.sh'
[1.539s] INFO:colcon.colcon_core.shell:Creating prefix util module '/home/marcos/arduinobot_ws/install/_local_setup_util_sh.py'
[1.539s] INFO:colcon.colcon_core.shell:Creating prefix chain script '/home/marcos/arduinobot_ws/install/setup.sh'
[1.542s] INFO:colcon.colcon_core.shell:Creating prefix script '/home/marcos/arduinobot_ws/install/local_setup.bash'
[1.542s] INFO:colcon.colcon_core.shell:Creating prefix chain script '/home/marcos/arduinobot_ws/install/setup.bash'
[1.543s] INFO:colcon.colcon_core.shell:Creating prefix script '/home/marcos/arduinobot_ws/install/local_setup.zsh'
[1.544s] INFO:colcon.colcon_core.shell:Creating prefix chain script '/home/marcos/arduinobot_ws/install/setup.zsh'
