[0.031s] Invoking command in '/home/marcos/arduinobot_ws/src/build/arduinobot_moveit': CMAKE_PREFIX_PATH=${CMAKE_PREFIX_PATH}:/home/marcos/ros2_ws/install/turtle_catch_them_all:/home/marcos/ros2_ws/install/my_py_pkg:/home/marcos/ros2_ws/install/exo1_py:/opt/ros/humble /usr/bin/cmake /home/marcos/arduinobot_ws/src/arduinobot_moveit -DCMAKE_INSTALL_PREFIX=/home/marcos/arduinobot_ws/src/install/arduinobot_moveit
[0.278s] -- The C compiler identification is GNU 11.4.0
[0.725s] -- The CXX compiler identification is GNU 11.4.0
[0.776s] -- Detecting C compiler ABI info
[1.086s] -- Detecting C compiler ABI info - done
[1.134s] -- Check for working C compiler: /usr/bin/cc - skipped
[1.136s] -- Detecting C compile features
[1.137s] -- Detecting C compile features - done
[1.157s] -- Detecting CXX compiler ABI info
[1.497s] -- Detecting CXX compiler ABI info - done
[1.537s] -- Check for working CXX compiler: /usr/bin/c++ - skipped
[1.538s] -- Detecting CXX compile features
[1.540s] -- Detecting CXX compile features - done
[1.558s] -- Found ament_cmake: 1.3.10 (/opt/ros/humble/share/ament_cmake/cmake)
[2.409s] -- Found Python3: /usr/bin/python3 (found version "3.10.12") found components: Interpreter 
[2.914s] -- Found ament_lint_auto: 0.12.11 (/opt/ros/humble/share/ament_lint_auto/cmake)
[3.365s] -- Added test 'lint_cmake' to check CMake code style
[3.370s] -- Added test 'xmllint' to check XML markup files
[3.378s] -- Configuring done
[3.392s] -- Generating done
[3.400s] -- Build files have been written to: /home/marcos/arduinobot_ws/src/build/arduinobot_moveit
[3.418s] Invoked command in '/home/marcos/arduinobot_ws/src/build/arduinobot_moveit' returned '0': CMAKE_PREFIX_PATH=${CMAKE_PREFIX_PATH}:/home/marcos/ros2_ws/install/turtle_catch_them_all:/home/marcos/ros2_ws/install/my_py_pkg:/home/marcos/ros2_ws/install/exo1_py:/opt/ros/humble /usr/bin/cmake /home/marcos/arduinobot_ws/src/arduinobot_moveit -DCMAKE_INSTALL_PREFIX=/home/marcos/arduinobot_ws/src/install/arduinobot_moveit
[3.426s] Invoking command in '/home/marcos/arduinobot_ws/src/build/arduinobot_moveit': CMAKE_PREFIX_PATH=${CMAKE_PREFIX_PATH}:/home/marcos/ros2_ws/install/turtle_catch_them_all:/home/marcos/ros2_ws/install/my_py_pkg:/home/marcos/ros2_ws/install/exo1_py:/opt/ros/humble /usr/bin/cmake --build /home/marcos/arduinobot_ws/src/build/arduinobot_moveit -- -j2 -l2
[3.701s] Invoked command in '/home/marcos/arduinobot_ws/src/build/arduinobot_moveit' returned '0': CMAKE_PREFIX_PATH=${CMAKE_PREFIX_PATH}:/home/marcos/ros2_ws/install/turtle_catch_them_all:/home/marcos/ros2_ws/install/my_py_pkg:/home/marcos/ros2_ws/install/exo1_py:/opt/ros/humble /usr/bin/cmake --build /home/marcos/arduinobot_ws/src/build/arduinobot_moveit -- -j2 -l2
[3.830s] Invoking command in '/home/marcos/arduinobot_ws/src/build/arduinobot_moveit': CMAKE_PREFIX_PATH=${CMAKE_PREFIX_PATH}:/home/marcos/ros2_ws/install/turtle_catch_them_all:/home/marcos/ros2_ws/install/my_py_pkg:/home/marcos/ros2_ws/install/exo1_py:/opt/ros/humble /usr/bin/cmake --install /home/marcos/arduinobot_ws/src/build/arduinobot_moveit
[3.881s] -- Install configuration: ""
[3.891s] -- Installing: /home/marcos/arduinobot_ws/src/install/arduinobot_moveit/share/ament_index/resource_index/package_run_dependencies/arduinobot_moveit
[3.891s] -- Installing: /home/marcos/arduinobot_ws/src/install/arduinobot_moveit/share/ament_index/resource_index/parent_prefix_path/arduinobot_moveit
[3.895s] -- Installing: /home/marcos/arduinobot_ws/src/install/arduinobot_moveit/share/arduinobot_moveit/environment/ament_prefix_path.sh
[3.895s] -- Installing: /home/marcos/arduinobot_ws/src/install/arduinobot_moveit/share/arduinobot_moveit/environment/ament_prefix_path.dsv
[3.895s] -- Installing: /home/marcos/arduinobot_ws/src/install/arduinobot_moveit/share/arduinobot_moveit/environment/path.sh
[3.898s] -- Installing: /home/marcos/arduinobot_ws/src/install/arduinobot_moveit/share/arduinobot_moveit/environment/path.dsv
[3.898s] -- Installing: /home/marcos/arduinobot_ws/src/install/arduinobot_moveit/share/arduinobot_moveit/local_setup.bash
[3.899s] -- Installing: /home/marcos/arduinobot_ws/src/install/arduinobot_moveit/share/arduinobot_moveit/local_setup.sh
[3.900s] -- Installing: /home/marcos/arduinobot_ws/src/install/arduinobot_moveit/share/arduinobot_moveit/local_setup.zsh
[3.901s] -- Installing: /home/marcos/arduinobot_ws/src/install/arduinobot_moveit/share/arduinobot_moveit/local_setup.dsv
[3.902s] -- Installing: /home/marcos/arduinobot_ws/src/install/arduinobot_moveit/share/arduinobot_moveit/package.dsv
[3.904s] -- Installing: /home/marcos/arduinobot_ws/src/install/arduinobot_moveit/share/ament_index/resource_index/packages/arduinobot_moveit
[3.908s] -- Installing: /home/marcos/arduinobot_ws/src/install/arduinobot_moveit/share/arduinobot_moveit/cmake/arduinobot_moveitConfig.cmake
[3.908s] -- Installing: /home/marcos/arduinobot_ws/src/install/arduinobot_moveit/share/arduinobot_moveit/cmake/arduinobot_moveitConfig-version.cmake
[3.911s] -- Installing: /home/marcos/arduinobot_ws/src/install/arduinobot_moveit/share/arduinobot_moveit/package.xml
[3.924s] Invoked command in '/home/marcos/arduinobot_ws/src/build/arduinobot_moveit' returned '0': CMAKE_PREFIX_PATH=${CMAKE_PREFIX_PATH}:/home/marcos/ros2_ws/install/turtle_catch_them_all:/home/marcos/ros2_ws/install/my_py_pkg:/home/marcos/ros2_ws/install/exo1_py:/opt/ros/humble /usr/bin/cmake --install /home/marcos/arduinobot_ws/src/build/arduinobot_moveit
