[0.931s] DEBUG:colcon:Command line arguments: ['/usr/bin/colcon', 'build', '--packages-select', 'arduinobot_description']
[0.931s] DEBUG:colcon:Parsed command line arguments: Namespace(log_base=None, log_level=None, verb_name='build', build_base='build', install_base='install', merge_install=False, symlink_install=False, test_result_base=None, continue_on_error=False, executor='parallel', parallel_workers=2, event_handlers=None, ignore_user_meta=False, metas=['./colcon.meta'], base_paths=['.'], packages_ignore=None, packages_ignore_regex=None, paths=None, packages_up_to=None, packages_up_to_regex=None, packages_above=None, packages_above_and_dependencies=None, packages_above_depth=None, packages_select_by_dep=None, packages_skip_by_dep=None, packages_skip_up_to=None, packages_select_build_failed=False, packages_skip_build_finished=False, packages_select_test_failures=False, packages_skip_test_passed=False, packages_select=['arduinobot_description'], packages_skip=None, packages_select_regex=None, packages_skip_regex=None, packages_start=None, packages_end=None, allow_overriding=[], cmake_args=None, cmake_target=None, cmake_target_skip_unavailable=False, cmake_clean_cache=False, cmake_clean_first=False, cmake_force_configure=False, ament_cmake_args=None, catkin_cmake_args=None, catkin_skip_building_tests=False, verb_parser=<colcon_defaults.argument_parser.defaults.DefaultArgumentsDecorator object at 0x7f47bc594040>, verb_extension=<colcon_core.verb.build.BuildVerb object at 0x7f47bc597550>, main=<bound method BuildVerb.main of <colcon_core.verb.build.BuildVerb object at 0x7f47bc597550>>)
[0.973s] Level 1:colcon.colcon_core.package_discovery:discover_packages(colcon_meta) check parameters
[0.973s] Level 1:colcon.colcon_core.package_discovery:discover_packages(recursive) check parameters
[0.973s] Level 1:colcon.colcon_core.package_discovery:discover_packages(ignore) check parameters
[0.973s] Level 1:colcon.colcon_core.package_discovery:discover_packages(path) check parameters
[0.973s] Level 1:colcon.colcon_core.package_discovery:discover_packages(colcon_meta) discover
[0.973s] Level 1:colcon.colcon_core.package_discovery:discover_packages(recursive) discover
[0.974s] INFO:colcon.colcon_core.package_discovery:Crawling recursively for packages in '/home/marcos/arduinobot_ws'
[0.974s] Level 1:colcon.colcon_core.package_identification:_identify(.) by extensions ['ignore', 'ignore_ament_install']
[0.974s] Level 1:colcon.colcon_core.package_identification:_identify(.) by extension 'ignore'
[0.974s] Level 1:colcon.colcon_core.package_identification:_identify(.) by extension 'ignore_ament_install'
[0.974s] Level 1:colcon.colcon_core.package_identification:_identify(.) by extensions ['colcon_pkg']
[0.974s] Level 1:colcon.colcon_core.package_identification:_identify(.) by extension 'colcon_pkg'
[0.974s] Level 1:colcon.colcon_core.package_identification:_identify(.) by extensions ['colcon_meta']
[0.974s] Level 1:colcon.colcon_core.package_identification:_identify(.) by extension 'colcon_meta'
[0.974s] Level 1:colcon.colcon_core.package_identification:_identify(.) by extensions ['ros']
[0.974s] Level 1:colcon.colcon_core.package_identification:_identify(.) by extension 'ros'
[0.983s] Level 1:colcon.colcon_core.package_identification:_identify(.) by extensions ['cmake', 'python']
[0.983s] Level 1:colcon.colcon_core.package_identification:_identify(.) by extension 'cmake'
[0.983s] Level 1:colcon.colcon_core.package_identification:_identify(.) by extension 'python'
[0.983s] Level 1:colcon.colcon_core.package_identification:_identify(.) by extensions ['python_setup_py']
[0.983s] Level 1:colcon.colcon_core.package_identification:_identify(.) by extension 'python_setup_py'
[0.983s] Level 1:colcon.colcon_core.package_identification:_identify(build) by extensions ['ignore', 'ignore_ament_install']
[0.983s] Level 1:colcon.colcon_core.package_identification:_identify(build) by extension 'ignore'
[0.984s] Level 1:colcon.colcon_core.package_identification:_identify(build) ignored
[0.984s] Level 1:colcon.colcon_core.package_identification:_identify(install) by extensions ['ignore', 'ignore_ament_install']
[0.984s] Level 1:colcon.colcon_core.package_identification:_identify(install) by extension 'ignore'
[0.984s] Level 1:colcon.colcon_core.package_identification:_identify(install) ignored
[0.984s] Level 1:colcon.colcon_core.package_identification:_identify(log) by extensions ['ignore', 'ignore_ament_install']
[0.984s] Level 1:colcon.colcon_core.package_identification:_identify(log) by extension 'ignore'
[0.984s] Level 1:colcon.colcon_core.package_identification:_identify(log) ignored
[0.984s] Level 1:colcon.colcon_core.package_identification:_identify(src) by extensions ['ignore', 'ignore_ament_install']
[0.984s] Level 1:colcon.colcon_core.package_identification:_identify(src) by extension 'ignore'
[0.984s] Level 1:colcon.colcon_core.package_identification:_identify(src) by extension 'ignore_ament_install'
[0.984s] Level 1:colcon.colcon_core.package_identification:_identify(src) by extensions ['colcon_pkg']
[0.984s] Level 1:colcon.colcon_core.package_identification:_identify(src) by extension 'colcon_pkg'
[0.984s] Level 1:colcon.colcon_core.package_identification:_identify(src) by extensions ['colcon_meta']
[0.984s] Level 1:colcon.colcon_core.package_identification:_identify(src) by extension 'colcon_meta'
[0.984s] Level 1:colcon.colcon_core.package_identification:_identify(src) by extensions ['ros']
[0.984s] Level 1:colcon.colcon_core.package_identification:_identify(src) by extension 'ros'
[0.984s] Level 1:colcon.colcon_core.package_identification:_identify(src) by extensions ['cmake', 'python']
[0.984s] Level 1:colcon.colcon_core.package_identification:_identify(src) by extension 'cmake'
[0.984s] Level 1:colcon.colcon_core.package_identification:_identify(src) by extension 'python'
[0.984s] Level 1:colcon.colcon_core.package_identification:_identify(src) by extensions ['python_setup_py']
[0.984s] Level 1:colcon.colcon_core.package_identification:_identify(src) by extension 'python_setup_py'
[0.985s] Level 1:colcon.colcon_core.package_identification:_identify(src/arduinobot_cpp_examples) by extensions ['ignore', 'ignore_ament_install']
[0.985s] Level 1:colcon.colcon_core.package_identification:_identify(src/arduinobot_cpp_examples) by extension 'ignore'
[0.985s] Level 1:colcon.colcon_core.package_identification:_identify(src/arduinobot_cpp_examples) by extension 'ignore_ament_install'
[0.985s] Level 1:colcon.colcon_core.package_identification:_identify(src/arduinobot_cpp_examples) by extensions ['colcon_pkg']
[0.985s] Level 1:colcon.colcon_core.package_identification:_identify(src/arduinobot_cpp_examples) by extension 'colcon_pkg'
[0.985s] Level 1:colcon.colcon_core.package_identification:_identify(src/arduinobot_cpp_examples) by extensions ['colcon_meta']
[0.985s] Level 1:colcon.colcon_core.package_identification:_identify(src/arduinobot_cpp_examples) by extension 'colcon_meta'
[0.985s] Level 1:colcon.colcon_core.package_identification:_identify(src/arduinobot_cpp_examples) by extensions ['ros']
[0.985s] Level 1:colcon.colcon_core.package_identification:_identify(src/arduinobot_cpp_examples) by extension 'ros'
[0.987s] DEBUG:colcon.colcon_core.package_identification:Package 'src/arduinobot_cpp_examples' with type 'ros.ament_cmake' and name 'arduinobot_cpp_examples'
[0.987s] Level 1:colcon.colcon_core.package_identification:_identify(src/arduinobot_description) by extensions ['ignore', 'ignore_ament_install']
[0.987s] Level 1:colcon.colcon_core.package_identification:_identify(src/arduinobot_description) by extension 'ignore'
[0.987s] Level 1:colcon.colcon_core.package_identification:_identify(src/arduinobot_description) by extension 'ignore_ament_install'
[0.987s] Level 1:colcon.colcon_core.package_identification:_identify(src/arduinobot_description) by extensions ['colcon_pkg']
[0.987s] Level 1:colcon.colcon_core.package_identification:_identify(src/arduinobot_description) by extension 'colcon_pkg'
[0.987s] Level 1:colcon.colcon_core.package_identification:_identify(src/arduinobot_description) by extensions ['colcon_meta']
[0.987s] Level 1:colcon.colcon_core.package_identification:_identify(src/arduinobot_description) by extension 'colcon_meta'
[0.987s] Level 1:colcon.colcon_core.package_identification:_identify(src/arduinobot_description) by extensions ['ros']
[0.987s] Level 1:colcon.colcon_core.package_identification:_identify(src/arduinobot_description) by extension 'ros'
[0.988s] DEBUG:colcon.colcon_core.package_identification:Package 'src/arduinobot_description' with type 'ros.ament_cmake' and name 'arduinobot_description'
[0.988s] Level 1:colcon.colcon_core.package_identification:_identify(src/arduinobot_py_examples) by extensions ['ignore', 'ignore_ament_install']
[0.988s] Level 1:colcon.colcon_core.package_identification:_identify(src/arduinobot_py_examples) by extension 'ignore'
[0.988s] Level 1:colcon.colcon_core.package_identification:_identify(src/arduinobot_py_examples) by extension 'ignore_ament_install'
[0.988s] Level 1:colcon.colcon_core.package_identification:_identify(src/arduinobot_py_examples) by extensions ['colcon_pkg']
[0.988s] Level 1:colcon.colcon_core.package_identification:_identify(src/arduinobot_py_examples) by extension 'colcon_pkg'
[0.988s] Level 1:colcon.colcon_core.package_identification:_identify(src/arduinobot_py_examples) by extensions ['colcon_meta']
[0.988s] Level 1:colcon.colcon_core.package_identification:_identify(src/arduinobot_py_examples) by extension 'colcon_meta'
[0.988s] Level 1:colcon.colcon_core.package_identification:_identify(src/arduinobot_py_examples) by extensions ['ros']
[0.989s] Level 1:colcon.colcon_core.package_identification:_identify(src/arduinobot_py_examples) by extension 'ros'
[0.989s] DEBUG:colcon.colcon_core.package_identification:Package 'src/arduinobot_py_examples' with type 'ros.ament_python' and name 'arduinobot_py_examples'
[0.989s] Level 1:colcon.colcon_core.package_discovery:discover_packages(recursive) using defaults
[0.990s] Level 1:colcon.colcon_core.package_discovery:discover_packages(ignore) discover
[0.990s] Level 1:colcon.colcon_core.package_discovery:discover_packages(ignore) using defaults
[0.990s] Level 1:colcon.colcon_core.package_discovery:discover_packages(path) discover
[0.990s] Level 1:colcon.colcon_core.package_discovery:discover_packages(path) using defaults
[1.046s] INFO:colcon.colcon_core.package_selection:Skipping not selected package 'arduinobot_cpp_examples' in 'src/arduinobot_cpp_examples'
[1.046s] INFO:colcon.colcon_core.package_selection:Skipping not selected package 'arduinobot_py_examples' in 'src/arduinobot_py_examples'
[1.072s] Level 1:colcon.colcon_core.package_discovery:discover_packages(prefix_path) check parameters
[1.072s] Level 1:colcon.colcon_core.package_discovery:discover_packages(prefix_path) discover
[1.098s] DEBUG:colcon.colcon_installed_package_information.package_discovery:Found 7 installed packages in /home/marcos/ros2_ws/install
[1.111s] DEBUG:colcon.colcon_installed_package_information.package_discovery:Found 354 installed packages in /opt/ros/humble
[1.112s] Level 1:colcon.colcon_core.package_discovery:discover_packages(prefix_path) using defaults
[1.204s] Level 5:colcon.colcon_core.verb:set package 'arduinobot_description' build argument 'cmake_args' from command line to 'None'
[1.204s] Level 5:colcon.colcon_core.verb:set package 'arduinobot_description' build argument 'cmake_target' from command line to 'None'
[1.204s] Level 5:colcon.colcon_core.verb:set package 'arduinobot_description' build argument 'cmake_target_skip_unavailable' from command line to 'False'
[1.204s] Level 5:colcon.colcon_core.verb:set package 'arduinobot_description' build argument 'cmake_clean_cache' from command line to 'False'
[1.204s] Level 5:colcon.colcon_core.verb:set package 'arduinobot_description' build argument 'cmake_clean_first' from command line to 'False'
[1.204s] Level 5:colcon.colcon_core.verb:set package 'arduinobot_description' build argument 'cmake_force_configure' from command line to 'False'
[1.204s] Level 5:colcon.colcon_core.verb:set package 'arduinobot_description' build argument 'ament_cmake_args' from command line to 'None'
[1.204s] Level 5:colcon.colcon_core.verb:set package 'arduinobot_description' build argument 'catkin_cmake_args' from command line to 'None'
[1.205s] Level 5:colcon.colcon_core.verb:set package 'arduinobot_description' build argument 'catkin_skip_building_tests' from command line to 'False'
[1.205s] DEBUG:colcon.colcon_core.verb:Building package 'arduinobot_description' with the following arguments: {'ament_cmake_args': None, 'build_base': '/home/marcos/arduinobot_ws/build/arduinobot_description', 'catkin_cmake_args': None, 'catkin_skip_building_tests': False, 'cmake_args': None, 'cmake_clean_cache': False, 'cmake_clean_first': False, 'cmake_force_configure': False, 'cmake_target': None, 'cmake_target_skip_unavailable': False, 'install_base': '/home/marcos/arduinobot_ws/install/arduinobot_description', 'merge_install': False, 'path': '/home/marcos/arduinobot_ws/src/arduinobot_description', 'symlink_install': False, 'test_result_base': None}
[1.223s] INFO:colcon.colcon_core.executor:Executing jobs using 'parallel' executor
[1.240s] DEBUG:colcon.colcon_parallel_executor.executor.parallel:run_until_complete
[1.240s] INFO:colcon.colcon_ros.task.ament_cmake.build:Building ROS package in '/home/marcos/arduinobot_ws/src/arduinobot_description' with build type 'ament_cmake'
[1.241s] INFO:colcon.colcon_cmake.task.cmake.build:Building CMake package in '/home/marcos/arduinobot_ws/src/arduinobot_description'
[1.260s] INFO:colcon.colcon_core.plugin_system:Skipping extension 'colcon_core.shell.bat': Not used on non-Windows systems
[1.261s] INFO:colcon.colcon_core.shell:Skip shell extension 'powershell' for command environment: Not usable outside of PowerShell
[1.261s] DEBUG:colcon.colcon_core.shell:Skip shell extension 'dsv' for command environment
[1.330s] DEBUG:colcon.colcon_core.event_handler.log_command:Invoking command in '/home/marcos/arduinobot_ws/build/arduinobot_description': CMAKE_PREFIX_PATH=${CMAKE_PREFIX_PATH}:/home/marcos/ros2_ws/install/turtle_catch_them_all:/home/marcos/ros2_ws/install/my_py_pkg:/home/marcos/ros2_ws/install/exo1_py:/opt/ros/humble /usr/bin/cmake --build /home/marcos/arduinobot_ws/build/arduinobot_description -- -j2 -l2
[1.386s] DEBUG:colcon.colcon_core.event_handler.log_command:Invoked command in '/home/marcos/arduinobot_ws/build/arduinobot_description' returned '0': CMAKE_PREFIX_PATH=${CMAKE_PREFIX_PATH}:/home/marcos/ros2_ws/install/turtle_catch_them_all:/home/marcos/ros2_ws/install/my_py_pkg:/home/marcos/ros2_ws/install/exo1_py:/opt/ros/humble /usr/bin/cmake --build /home/marcos/arduinobot_ws/build/arduinobot_description -- -j2 -l2
[1.428s] DEBUG:colcon.colcon_core.event_handler.log_command:Invoking command in '/home/marcos/arduinobot_ws/build/arduinobot_description': CMAKE_PREFIX_PATH=${CMAKE_PREFIX_PATH}:/home/marcos/ros2_ws/install/turtle_catch_them_all:/home/marcos/ros2_ws/install/my_py_pkg:/home/marcos/ros2_ws/install/exo1_py:/opt/ros/humble /usr/bin/cmake --install /home/marcos/arduinobot_ws/build/arduinobot_description
[1.443s] Level 1:colcon.colcon_core.environment:create_environment_scripts_only(arduinobot_description)
[1.446s] DEBUG:colcon.colcon_core.event_handler.log_command:Invoked command in '/home/marcos/arduinobot_ws/build/arduinobot_description' returned '0': CMAKE_PREFIX_PATH=${CMAKE_PREFIX_PATH}:/home/marcos/ros2_ws/install/turtle_catch_them_all:/home/marcos/ros2_ws/install/my_py_pkg:/home/marcos/ros2_ws/install/exo1_py:/opt/ros/humble /usr/bin/cmake --install /home/marcos/arduinobot_ws/build/arduinobot_description
[1.459s] Level 1:colcon.colcon_core.environment:checking '/home/marcos/arduinobot_ws/install/arduinobot_description' for CMake module files
[1.460s] Level 1:colcon.colcon_core.environment:checking '/home/marcos/arduinobot_ws/install/arduinobot_description' for CMake config files
[1.461s] Level 1:colcon.colcon_core.shell:create_environment_hook('arduinobot_description', 'cmake_prefix_path')
[1.477s] INFO:colcon.colcon_core.shell:Creating environment hook '/home/marcos/arduinobot_ws/install/arduinobot_description/share/arduinobot_description/hook/cmake_prefix_path.ps1'
[1.478s] INFO:colcon.colcon_core.shell:Creating environment descriptor '/home/marcos/arduinobot_ws/install/arduinobot_description/share/arduinobot_description/hook/cmake_prefix_path.dsv'
[1.478s] INFO:colcon.colcon_core.shell:Creating environment hook '/home/marcos/arduinobot_ws/install/arduinobot_description/share/arduinobot_description/hook/cmake_prefix_path.sh'
[1.479s] Level 1:colcon.colcon_core.environment:checking '/home/marcos/arduinobot_ws/install/arduinobot_description/bin'
[1.479s] Level 1:colcon.colcon_core.environment:checking '/home/marcos/arduinobot_ws/install/arduinobot_description/lib/pkgconfig/arduinobot_description.pc'
[1.480s] Level 1:colcon.colcon_core.environment:checking '/home/marcos/arduinobot_ws/install/arduinobot_description/lib/python3.10/site-packages'
[1.480s] Level 1:colcon.colcon_core.environment:checking '/home/marcos/arduinobot_ws/install/arduinobot_description/bin'
[1.508s] INFO:colcon.colcon_core.shell:Creating package script '/home/marcos/arduinobot_ws/install/arduinobot_description/share/arduinobot_description/package.ps1'
[1.509s] INFO:colcon.colcon_core.shell:Creating package descriptor '/home/marcos/arduinobot_ws/install/arduinobot_description/share/arduinobot_description/package.dsv'
[1.510s] INFO:colcon.colcon_core.shell:Creating package script '/home/marcos/arduinobot_ws/install/arduinobot_description/share/arduinobot_description/package.sh'
[1.510s] INFO:colcon.colcon_core.shell:Creating package script '/home/marcos/arduinobot_ws/install/arduinobot_description/share/arduinobot_description/package.bash'
[1.511s] INFO:colcon.colcon_core.shell:Creating package script '/home/marcos/arduinobot_ws/install/arduinobot_description/share/arduinobot_description/package.zsh'
[1.512s] Level 1:colcon.colcon_core.environment:create_file_with_runtime_dependencies(/home/marcos/arduinobot_ws/install/arduinobot_description/share/colcon-core/packages/arduinobot_description)
[1.563s] Level 1:colcon.colcon_core.environment:create_environment_scripts_only(arduinobot_description)
[1.582s] Level 1:colcon.colcon_core.environment:checking '/home/marcos/arduinobot_ws/install/arduinobot_description' for CMake module files
[1.582s] Level 1:colcon.colcon_core.environment:checking '/home/marcos/arduinobot_ws/install/arduinobot_description' for CMake config files
[1.583s] Level 1:colcon.colcon_core.shell:create_environment_hook('arduinobot_description', 'cmake_prefix_path')
[1.595s] INFO:colcon.colcon_core.shell:Creating environment hook '/home/marcos/arduinobot_ws/install/arduinobot_description/share/arduinobot_description/hook/cmake_prefix_path.ps1'
[1.595s] INFO:colcon.colcon_core.shell:Creating environment descriptor '/home/marcos/arduinobot_ws/install/arduinobot_description/share/arduinobot_description/hook/cmake_prefix_path.dsv'
[1.596s] INFO:colcon.colcon_core.shell:Creating environment hook '/home/marcos/arduinobot_ws/install/arduinobot_description/share/arduinobot_description/hook/cmake_prefix_path.sh'
[1.596s] Level 1:colcon.colcon_core.environment:checking '/home/marcos/arduinobot_ws/install/arduinobot_description/bin'
[1.596s] Level 1:colcon.colcon_core.environment:checking '/home/marcos/arduinobot_ws/install/arduinobot_description/lib/pkgconfig/arduinobot_description.pc'
[1.597s] Level 1:colcon.colcon_core.environment:checking '/home/marcos/arduinobot_ws/install/arduinobot_description/lib/python3.10/site-packages'
[1.597s] Level 1:colcon.colcon_core.environment:checking '/home/marcos/arduinobot_ws/install/arduinobot_description/bin'
[1.611s] INFO:colcon.colcon_core.shell:Creating package script '/home/marcos/arduinobot_ws/install/arduinobot_description/share/arduinobot_description/package.ps1'
[1.612s] INFO:colcon.colcon_core.shell:Creating package descriptor '/home/marcos/arduinobot_ws/install/arduinobot_description/share/arduinobot_description/package.dsv'
[1.612s] INFO:colcon.colcon_core.shell:Creating package script '/home/marcos/arduinobot_ws/install/arduinobot_description/share/arduinobot_description/package.sh'
[1.613s] INFO:colcon.colcon_core.shell:Creating package script '/home/marcos/arduinobot_ws/install/arduinobot_description/share/arduinobot_description/package.bash'
[1.614s] INFO:colcon.colcon_core.shell:Creating package script '/home/marcos/arduinobot_ws/install/arduinobot_description/share/arduinobot_description/package.zsh'
[1.615s] Level 1:colcon.colcon_core.environment:create_file_with_runtime_dependencies(/home/marcos/arduinobot_ws/install/arduinobot_description/share/colcon-core/packages/arduinobot_description)
[1.615s] DEBUG:colcon.colcon_parallel_executor.executor.parallel:closing loop
[1.615s] DEBUG:colcon.colcon_parallel_executor.executor.parallel:loop closed
[1.616s] DEBUG:colcon.colcon_parallel_executor.executor.parallel:run_until_complete finished with '0'
[1.616s] DEBUG:colcon.colcon_core.event_reactor:joining thread
[1.636s] INFO:colcon.colcon_core.plugin_system:Skipping extension 'colcon_notification.desktop_notification.terminal_notifier': Not used on non-Darwin systems
[1.636s] INFO:colcon.colcon_core.plugin_system:Skipping extension 'colcon_notification.desktop_notification.win32': Not used on non-Windows systems
[1.636s] INFO:colcon.colcon_notification.desktop_notification:Sending desktop notification using 'notify2'
[1.652s] DEBUG:colcon.colcon_core.event_reactor:joined thread
[1.664s] INFO:colcon.colcon_core.shell:Creating prefix script '/home/marcos/arduinobot_ws/install/local_setup.ps1'
[1.665s] INFO:colcon.colcon_core.shell:Creating prefix util module '/home/marcos/arduinobot_ws/install/_local_setup_util_ps1.py'
[1.666s] INFO:colcon.colcon_core.shell:Creating prefix chain script '/home/marcos/arduinobot_ws/install/setup.ps1'
[1.683s] INFO:colcon.colcon_core.shell:Creating prefix script '/home/marcos/arduinobot_ws/install/local_setup.sh'
[1.684s] INFO:colcon.colcon_core.shell:Creating prefix util module '/home/marcos/arduinobot_ws/install/_local_setup_util_sh.py'
[1.684s] INFO:colcon.colcon_core.shell:Creating prefix chain script '/home/marcos/arduinobot_ws/install/setup.sh'
[1.698s] INFO:colcon.colcon_core.shell:Creating prefix script '/home/marcos/arduinobot_ws/install/local_setup.bash'
[1.700s] INFO:colcon.colcon_core.shell:Creating prefix chain script '/home/marcos/arduinobot_ws/install/setup.bash'
[1.715s] INFO:colcon.colcon_core.shell:Creating prefix script '/home/marcos/arduinobot_ws/install/local_setup.zsh'
[1.715s] INFO:colcon.colcon_core.shell:Creating prefix chain script '/home/marcos/arduinobot_ws/install/setup.zsh'
