[0.031s] Invoking command in '/home/marcos/arduinobot_ws/build/arduinobot_controller': CMAKE_PREFIX_PATH=${CMAKE_PREFIX_PATH}:/home/marcos/arduinobot_ws/install/arduinobot_py_examples:/home/marcos/ros2_ws/install/turtle_catch_them_all:/home/marcos/ros2_ws/install/my_py_pkg:/home/marcos/ros2_ws/install/exo1_py:/opt/ros/humble /usr/bin/cmake --build /home/marcos/arduinobot_ws/build/arduinobot_controller -- -j2 -l2
[0.077s] -- Found ament_cmake: 1.3.10 (/opt/ros/humble/share/ament_cmake/cmake)
[0.360s] -- Found ament_lint_auto: 0.12.11 (/opt/ros/humble/share/ament_lint_auto/cmake)
[0.552s] -- Added test 'lint_cmake' to check CMake code style
[0.561s] -- Added test 'xmllint' to check XML markup files
[0.563s] -- Configuring done
[0.570s] -- Generating done
[0.575s] -- Build files have been written to: /home/marcos/arduinobot_ws/build/arduinobot_controller
[0.631s] Invoked command in '/home/marcos/arduinobot_ws/build/arduinobot_controller' returned '0': CMAKE_PREFIX_PATH=${CMAKE_PREFIX_PATH}:/home/marcos/arduinobot_ws/install/arduinobot_py_examples:/home/marcos/ros2_ws/install/turtle_catch_them_all:/home/marcos/ros2_ws/install/my_py_pkg:/home/marcos/ros2_ws/install/exo1_py:/opt/ros/humble /usr/bin/cmake --build /home/marcos/arduinobot_ws/build/arduinobot_controller -- -j2 -l2
[0.699s] Invoking command in '/home/marcos/arduinobot_ws/build/arduinobot_controller': CMAKE_PREFIX_PATH=${CMAKE_PREFIX_PATH}:/home/marcos/arduinobot_ws/install/arduinobot_py_examples:/home/marcos/ros2_ws/install/turtle_catch_them_all:/home/marcos/ros2_ws/install/my_py_pkg:/home/marcos/ros2_ws/install/exo1_py:/opt/ros/humble /usr/bin/cmake --install /home/marcos/arduinobot_ws/build/arduinobot_controller
[0.707s] -- Install configuration: ""
[0.709s] -- Installing: /home/marcos/arduinobot_ws/install/arduinobot_controller/share/arduinobot_controller/config
[0.709s] -- Installing: /home/marcos/arduinobot_ws/install/arduinobot_controller/share/arduinobot_controller/config/arduinobot_controllers.yaml
[0.709s] -- Up-to-date: /home/marcos/arduinobot_ws/install/arduinobot_controller/share/ament_index/resource_index/package_run_dependencies/arduinobot_controller
[0.709s] -- Up-to-date: /home/marcos/arduinobot_ws/install/arduinobot_controller/share/ament_index/resource_index/parent_prefix_path/arduinobot_controller
[0.710s] -- Up-to-date: /home/marcos/arduinobot_ws/install/arduinobot_controller/share/arduinobot_controller/environment/ament_prefix_path.sh
[0.710s] -- Installing: /home/marcos/arduinobot_ws/install/arduinobot_controller/share/arduinobot_controller/environment/ament_prefix_path.dsv
[0.710s] -- Up-to-date: /home/marcos/arduinobot_ws/install/arduinobot_controller/share/arduinobot_controller/environment/path.sh
[0.710s] -- Installing: /home/marcos/arduinobot_ws/install/arduinobot_controller/share/arduinobot_controller/environment/path.dsv
[0.710s] -- Up-to-date: /home/marcos/arduinobot_ws/install/arduinobot_controller/share/arduinobot_controller/local_setup.bash
[0.710s] -- Up-to-date: /home/marcos/arduinobot_ws/install/arduinobot_controller/share/arduinobot_controller/local_setup.sh
[0.710s] -- Up-to-date: /home/marcos/arduinobot_ws/install/arduinobot_controller/share/arduinobot_controller/local_setup.zsh
[0.710s] -- Installing: /home/marcos/arduinobot_ws/install/arduinobot_controller/share/arduinobot_controller/local_setup.dsv
[0.710s] -- Installing: /home/marcos/arduinobot_ws/install/arduinobot_controller/share/arduinobot_controller/package.dsv
[0.710s] -- Up-to-date: /home/marcos/arduinobot_ws/install/arduinobot_controller/share/ament_index/resource_index/packages/arduinobot_controller
[0.710s] -- Up-to-date: /home/marcos/arduinobot_ws/install/arduinobot_controller/share/arduinobot_controller/cmake/arduinobot_controllerConfig.cmake
[0.710s] -- Up-to-date: /home/marcos/arduinobot_ws/install/arduinobot_controller/share/arduinobot_controller/cmake/arduinobot_controllerConfig-version.cmake
[0.710s] -- Up-to-date: /home/marcos/arduinobot_ws/install/arduinobot_controller/share/arduinobot_controller/package.xml
[0.729s] Invoked command in '/home/marcos/arduinobot_ws/build/arduinobot_controller' returned '0': CMAKE_PREFIX_PATH=${CMAKE_PREFIX_PATH}:/home/marcos/arduinobot_ws/install/arduinobot_py_examples:/home/marcos/ros2_ws/install/turtle_catch_them_all:/home/marcos/ros2_ws/install/my_py_pkg:/home/marcos/ros2_ws/install/exo1_py:/opt/ros/humble /usr/bin/cmake --install /home/marcos/arduinobot_ws/build/arduinobot_controller
