[0.085s] Invoking command in '/home/marcos/arduinobot_ws/src/build/arduinobot_description': CMAKE_PREFIX_PATH=${CMAKE_PREFIX_PATH}:/home/marcos/ros2_ws/install/turtle_catch_them_all:/home/marcos/ros2_ws/install/my_py_pkg:/home/marcos/ros2_ws/install/exo1_py:/opt/ros/humble /usr/bin/cmake /home/marcos/arduinobot_ws/src/arduinobot_description -DCMAKE_INSTALL_PREFIX=/home/marcos/arduinobot_ws/src/install/arduinobot_description
[0.572s] -- The C compiler identification is GNU 11.4.0
[1.161s] -- The CXX compiler identification is GNU 11.4.0
[1.242s] -- Detecting C compiler ABI info
[1.688s] -- Detecting C compiler ABI info - done
[1.746s] -- Check for working C compiler: /usr/bin/cc - skipped
[1.749s] -- Detecting C compile features
[1.755s] -- Detecting C compile features - done
[1.784s] -- Detecting CXX compiler ABI info
[2.266s] -- Detecting CXX compiler ABI info - done
[2.353s] -- Check for working CXX compiler: /usr/bin/c++ - skipped
[2.353s] -- Detecting CXX compile features
[2.356s] -- Detecting CXX compile features - done
[2.376s] -- Found ament_cmake: 1.3.10 (/opt/ros/humble/share/ament_cmake/cmake)
[3.427s] -- Found Python3: /usr/bin/python3 (found version "3.10.12") found components: Interpreter 
[4.227s] -- Found ament_lint_auto: 0.12.11 (/opt/ros/humble/share/ament_lint_auto/cmake)
[4.949s] -- Added test 'flake8' to check Python code syntax and style conventions
[4.962s] -- Added test 'lint_cmake' to check CMake code style
[4.965s] -- Added test 'pep257' to check Python code against some of the docstring style conventions in PEP 257
[4.978s] -- Added test 'xmllint' to check XML markup files
[4.994s] -- Configuring done
[5.015s] -- Generating done
[5.017s] -- Build files have been written to: /home/marcos/arduinobot_ws/src/build/arduinobot_description
[5.043s] Invoked command in '/home/marcos/arduinobot_ws/src/build/arduinobot_description' returned '0': CMAKE_PREFIX_PATH=${CMAKE_PREFIX_PATH}:/home/marcos/ros2_ws/install/turtle_catch_them_all:/home/marcos/ros2_ws/install/my_py_pkg:/home/marcos/ros2_ws/install/exo1_py:/opt/ros/humble /usr/bin/cmake /home/marcos/arduinobot_ws/src/arduinobot_description -DCMAKE_INSTALL_PREFIX=/home/marcos/arduinobot_ws/src/install/arduinobot_description
[5.053s] Invoking command in '/home/marcos/arduinobot_ws/src/build/arduinobot_description': CMAKE_PREFIX_PATH=${CMAKE_PREFIX_PATH}:/home/marcos/ros2_ws/install/turtle_catch_them_all:/home/marcos/ros2_ws/install/my_py_pkg:/home/marcos/ros2_ws/install/exo1_py:/opt/ros/humble /usr/bin/cmake --build /home/marcos/arduinobot_ws/src/build/arduinobot_description -- -j2 -l2
[5.350s] Invoked command in '/home/marcos/arduinobot_ws/src/build/arduinobot_description' returned '0': CMAKE_PREFIX_PATH=${CMAKE_PREFIX_PATH}:/home/marcos/ros2_ws/install/turtle_catch_them_all:/home/marcos/ros2_ws/install/my_py_pkg:/home/marcos/ros2_ws/install/exo1_py:/opt/ros/humble /usr/bin/cmake --build /home/marcos/arduinobot_ws/src/build/arduinobot_description -- -j2 -l2
[5.564s] Invoking command in '/home/marcos/arduinobot_ws/src/build/arduinobot_description': CMAKE_PREFIX_PATH=${CMAKE_PREFIX_PATH}:/home/marcos/ros2_ws/install/turtle_catch_them_all:/home/marcos/ros2_ws/install/my_py_pkg:/home/marcos/ros2_ws/install/exo1_py:/opt/ros/humble /usr/bin/cmake --install /home/marcos/arduinobot_ws/src/build/arduinobot_description
[5.608s] -- Install configuration: ""
[5.613s] -- Installing: /home/marcos/arduinobot_ws/src/install/arduinobot_description/share/arduinobot_description/meshes
[5.613s] -- Installing: /home/marcos/arduinobot_ws/src/install/arduinobot_description/share/arduinobot_description/meshes/link.STL
[5.775s] -- Installing: /home/marcos/arduinobot_ws/src/install/arduinobot_description/share/arduinobot_description/meshes/plate.STL
[6.384s] -- Installing: /home/marcos/arduinobot_ws/src/install/arduinobot_description/share/arduinobot_description/meshes/triangular_link.STL
[6.656s] -- Installing: /home/marcos/arduinobot_ws/src/install/arduinobot_description/share/arduinobot_description/meshes/base_plate.STL
[7.169s] -- Installing: /home/marcos/arduinobot_ws/src/install/arduinobot_description/share/arduinobot_description/meshes/left_finger.STL
[7.267s] -- Installing: /home/marcos/arduinobot_ws/src/install/arduinobot_description/share/arduinobot_description/meshes/basement.STL
[8.344s] -- Installing: /home/marcos/arduinobot_ws/src/install/arduinobot_description/share/arduinobot_description/meshes/claw_support.STL
[9.190s] -- Installing: /home/marcos/arduinobot_ws/src/install/arduinobot_description/share/arduinobot_description/meshes/pi_camera.STL
[9.695s] -- Installing: /home/marcos/arduinobot_ws/src/install/arduinobot_description/share/arduinobot_description/meshes/horizontal_arm.STL
[12.004s] -- Installing: /home/marcos/arduinobot_ws/src/install/arduinobot_description/share/arduinobot_description/meshes/forward_drive_arm.STL
[15.106s] -- Installing: /home/marcos/arduinobot_ws/src/install/arduinobot_description/share/arduinobot_description/meshes/servo_plate.STL
[15.818s] -- Installing: /home/marcos/arduinobot_ws/src/install/arduinobot_description/share/arduinobot_description/meshes/vertical_drive_arm.STL
[17.604s] -- Installing: /home/marcos/arduinobot_ws/src/install/arduinobot_description/share/arduinobot_description/meshes/right_finger.STL
[18.240s] -- Installing: /home/marcos/arduinobot_ws/src/install/arduinobot_description/share/arduinobot_description/meshes/round_plate.STL
[19.001s] -- Installing: /home/marcos/arduinobot_ws/src/install/arduinobot_description/share/arduinobot_description/models
[19.001s] -- Installing: /home/marcos/arduinobot_ws/src/install/arduinobot_description/share/arduinobot_description/models/sun
[19.005s] -- Installing: /home/marcos/arduinobot_ws/src/install/arduinobot_description/share/arduinobot_description/models/sun/model-1_3.sdf
[19.273s] -- Installing: /home/marcos/arduinobot_ws/src/install/arduinobot_description/share/arduinobot_description/models/sun/model.config
[20.317s] -- Installing: /home/marcos/arduinobot_ws/src/install/arduinobot_description/share/arduinobot_description/models/sun/model.sdf
[20.458s] -- Installing: /home/marcos/arduinobot_ws/src/install/arduinobot_description/share/arduinobot_description/models/sun/model-1_2.sdf
[20.703s] -- Installing: /home/marcos/arduinobot_ws/src/install/arduinobot_description/share/arduinobot_description/models/sun/model-1_4.sdf
[20.947s] -- Installing: /home/marcos/arduinobot_ws/src/install/arduinobot_description/share/arduinobot_description/models/ground_plane
[20.948s] -- Installing: /home/marcos/arduinobot_ws/src/install/arduinobot_description/share/arduinobot_description/models/ground_plane/model-1_3.sdf
[21.193s] -- Installing: /home/marcos/arduinobot_ws/src/install/arduinobot_description/share/arduinobot_description/models/ground_plane/model.config
[21.438s] -- Installing: /home/marcos/arduinobot_ws/src/install/arduinobot_description/share/arduinobot_description/models/ground_plane/model.sdf
[21.686s] -- Installing: /home/marcos/arduinobot_ws/src/install/arduinobot_description/share/arduinobot_description/models/ground_plane/model-1_2.sdf
[21.927s] -- Installing: /home/marcos/arduinobot_ws/src/install/arduinobot_description/share/arduinobot_description/models/ground_plane/model-1_4.sdf
[22.173s] -- Installing: /home/marcos/arduinobot_ws/src/install/arduinobot_description/share/arduinobot_description/urdf
[22.174s] -- Installing: /home/marcos/arduinobot_ws/src/install/arduinobot_description/share/arduinobot_description/urdf/arduinobot.urdf.xacro
[22.407s] -- Installing: /home/marcos/arduinobot_ws/src/install/arduinobot_description/share/arduinobot_description/urdf/arduinobot_ros2_control.xacro
[22.648s] -- Installing: /home/marcos/arduinobot_ws/src/install/arduinobot_description/share/arduinobot_description/urdf/arduinobot_gazebo.xacro
[23.038s] -- Installing: /home/marcos/arduinobot_ws/src/install/arduinobot_description/share/arduinobot_description/launch
[23.043s] -- Installing: /home/marcos/arduinobot_ws/src/install/arduinobot_description/share/arduinobot_description/launch/gazebo.launch.py
[23.043s] -- Installing: /home/marcos/arduinobot_ws/src/install/arduinobot_description/share/arduinobot_description/launch/display.launch.py
[23.044s] -- Installing: /home/marcos/arduinobot_ws/src/install/arduinobot_description/share/arduinobot_description/rviz
[23.044s] -- Installing: /home/marcos/arduinobot_ws/src/install/arduinobot_description/share/arduinobot_description/rviz/display.rviz
[23.364s] -- Installing: /home/marcos/arduinobot_ws/src/install/arduinobot_description/share/ament_index/resource_index/package_run_dependencies/arduinobot_description
[23.368s] -- Installing: /home/marcos/arduinobot_ws/src/install/arduinobot_description/share/ament_index/resource_index/parent_prefix_path/arduinobot_description
[23.368s] -- Installing: /home/marcos/arduinobot_ws/src/install/arduinobot_description/share/arduinobot_description/environment/ament_prefix_path.sh
[23.368s] -- Installing: /home/marcos/arduinobot_ws/src/install/arduinobot_description/share/arduinobot_description/environment/ament_prefix_path.dsv
[23.368s] -- Installing: /home/marcos/arduinobot_ws/src/install/arduinobot_description/share/arduinobot_description/environment/path.sh
[23.368s] -- Installing: /home/marcos/arduinobot_ws/src/install/arduinobot_description/share/arduinobot_description/environment/path.dsv
[23.369s] -- Installing: /home/marcos/arduinobot_ws/src/install/arduinobot_description/share/arduinobot_description/local_setup.bash
[23.373s] -- Installing: /home/marcos/arduinobot_ws/src/install/arduinobot_description/share/arduinobot_description/local_setup.sh
[23.373s] -- Installing: /home/marcos/arduinobot_ws/src/install/arduinobot_description/share/arduinobot_description/local_setup.zsh
[23.373s] -- Installing: /home/marcos/arduinobot_ws/src/install/arduinobot_description/share/arduinobot_description/local_setup.dsv
[23.373s] -- Installing: /home/marcos/arduinobot_ws/src/install/arduinobot_description/share/arduinobot_description/package.dsv
[23.374s] -- Installing: /home/marcos/arduinobot_ws/src/install/arduinobot_description/share/ament_index/resource_index/packages/arduinobot_description
[23.375s] -- Installing: /home/marcos/arduinobot_ws/src/install/arduinobot_description/share/arduinobot_description/cmake/arduinobot_descriptionConfig.cmake
[23.378s] -- Installing: /home/marcos/arduinobot_ws/src/install/arduinobot_description/share/arduinobot_description/cmake/arduinobot_descriptionConfig-version.cmake
[23.379s] -- Installing: /home/marcos/arduinobot_ws/src/install/arduinobot_description/share/arduinobot_description/package.xml
[23.396s] Invoked command in '/home/marcos/arduinobot_ws/src/build/arduinobot_description' returned '0': CMAKE_PREFIX_PATH=${CMAKE_PREFIX_PATH}:/home/marcos/ros2_ws/install/turtle_catch_them_all:/home/marcos/ros2_ws/install/my_py_pkg:/home/marcos/ros2_ws/install/exo1_py:/opt/ros/humble /usr/bin/cmake --install /home/marcos/arduinobot_ws/src/build/arduinobot_description
