[0.504s] Invoking command in '/home/marcos/arduinobot_ws/build/arduinobot_py_examples': PYTHONPATH=/home/marcos/arduinobot_ws/build/arduinobot_py_examples/prefix_override:/home/marcos/arduinobot_ws/install/arduinobot_py_examples/lib/python3.10/site-packages:${PYTHONPATH} /usr/bin/python3 -W ignore:setup.py install is deprecated setup.py develop --editable --build-directory /home/marcos/arduinobot_ws/build/arduinobot_py_examples/build --no-deps symlink_data --force
[0.703s] running develop
[0.821s] running egg_info
[0.821s] writing arduinobot_py_examples.egg-info/PKG-INFO
[0.822s] writing dependency_links to arduinobot_py_examples.egg-info/dependency_links.txt
[0.822s] writing entry points to arduinobot_py_examples.egg-info/entry_points.txt
[0.822s] writing requirements to arduinobot_py_examples.egg-info/requires.txt
[0.822s] writing top-level names to arduinobot_py_examples.egg-info/top_level.txt
[0.824s] reading manifest file 'arduinobot_py_examples.egg-info/SOURCES.txt'
[0.824s] writing manifest file 'arduinobot_py_examples.egg-info/SOURCES.txt'
[0.825s] running build_ext
[0.825s] Creating /home/marcos/arduinobot_ws/install/arduinobot_py_examples/lib/python3.10/site-packages/arduinobot-py-examples.egg-link (link to .)
[0.826s] Installing simple_parameter script to /home/marcos/arduinobot_ws/install/arduinobot_py_examples/lib/arduinobot_py_examples
[0.826s] Installing simple_publisher script to /home/marcos/arduinobot_ws/install/arduinobot_py_examples/lib/arduinobot_py_examples
[0.826s] 
[0.826s] Installed /home/marcos/arduinobot_ws/build/arduinobot_py_examples
[0.826s] running symlink_data
[0.826s] symbolically linking /home/marcos/arduinobot_ws/build/arduinobot_py_examples/resource/arduinobot_py_examples -> /home/marcos/arduinobot_ws/install/arduinobot_py_examples/share/ament_index/resource_index/packages
[0.826s] symbolically linking /home/marcos/arduinobot_ws/build/arduinobot_py_examples/package.xml -> /home/marcos/arduinobot_ws/install/arduinobot_py_examples/share/arduinobot_py_examples
[0.854s] Invoked command in '/home/marcos/arduinobot_ws/build/arduinobot_py_examples' returned '0': PYTHONPATH=/home/marcos/arduinobot_ws/build/arduinobot_py_examples/prefix_override:/home/marcos/arduinobot_ws/install/arduinobot_py_examples/lib/python3.10/site-packages:${PYTHONPATH} /usr/bin/python3 -W ignore:setup.py install is deprecated setup.py develop --editable --build-directory /home/marcos/arduinobot_ws/build/arduinobot_py_examples/build --no-deps symlink_data --force
