[0.061s] Invoking command in '/home/marcos/arduinobot_ws/build/arduinobot_description': CMAKE_PREFIX_PATH=${CMAKE_PREFIX_PATH}:/home/marcos/ros2_ws/install/turtle_catch_them_all:/home/marcos/ros2_ws/install/my_py_pkg:/home/marcos/ros2_ws/install/exo1_py:/opt/ros/humble /usr/bin/cmake --build /home/marcos/arduinobot_ws/build/arduinobot_description -- -j2 -l2
[0.139s] -- Found ament_cmake: 1.3.8 (/opt/ros/humble/share/ament_cmake/cmake)
[0.556s] -- Found ament_lint_auto: 0.12.10 (/opt/ros/humble/share/ament_lint_auto/cmake)
[0.803s] -- Added test 'flake8' to check Python code syntax and style conventions
[0.805s] -- Added test 'lint_cmake' to check CMake code style
[0.806s] -- Added test 'pep257' to check Python code against some of the docstring style conventions in PEP 257
[0.810s] -- Added test 'xmllint' to check XML markup files
[0.813s] -- Configuring done
[0.823s] -- Generating done
[0.831s] -- Build files have been written to: /home/marcos/arduinobot_ws/build/arduinobot_description
[1.369s] Invoked command in '/home/marcos/arduinobot_ws/build/arduinobot_description' returned '0': CMAKE_PREFIX_PATH=${CMAKE_PREFIX_PATH}:/home/marcos/ros2_ws/install/turtle_catch_them_all:/home/marcos/ros2_ws/install/my_py_pkg:/home/marcos/ros2_ws/install/exo1_py:/opt/ros/humble /usr/bin/cmake --build /home/marcos/arduinobot_ws/build/arduinobot_description -- -j2 -l2
[1.445s] Invoking command in '/home/marcos/arduinobot_ws/build/arduinobot_description': CMAKE_PREFIX_PATH=${CMAKE_PREFIX_PATH}:/home/marcos/ros2_ws/install/turtle_catch_them_all:/home/marcos/ros2_ws/install/my_py_pkg:/home/marcos/ros2_ws/install/exo1_py:/opt/ros/humble /usr/bin/cmake --install /home/marcos/arduinobot_ws/build/arduinobot_description
[1.472s] -- Install configuration: ""
[1.473s] -- Up-to-date: /home/marcos/arduinobot_ws/install/arduinobot_description/share/arduinobot_description/meshes
[1.473s] -- Up-to-date: /home/marcos/arduinobot_ws/install/arduinobot_description/share/arduinobot_description/meshes/link.STL
[1.473s] -- Up-to-date: /home/marcos/arduinobot_ws/install/arduinobot_description/share/arduinobot_description/meshes/plate.STL
[1.474s] -- Up-to-date: /home/marcos/arduinobot_ws/install/arduinobot_description/share/arduinobot_description/meshes/triangular_link.STL
[1.474s] -- Up-to-date: /home/marcos/arduinobot_ws/install/arduinobot_description/share/arduinobot_description/meshes/base_plate.STL
[1.474s] -- Up-to-date: /home/marcos/arduinobot_ws/install/arduinobot_description/share/arduinobot_description/meshes/left_finger.STL
[1.474s] -- Up-to-date: /home/marcos/arduinobot_ws/install/arduinobot_description/share/arduinobot_description/meshes/basement.STL
[1.475s] -- Up-to-date: /home/marcos/arduinobot_ws/install/arduinobot_description/share/arduinobot_description/meshes/claw_support.STL
[1.475s] -- Up-to-date: /home/marcos/arduinobot_ws/install/arduinobot_description/share/arduinobot_description/meshes/horizontal_arm.STL
[1.475s] -- Up-to-date: /home/marcos/arduinobot_ws/install/arduinobot_description/share/arduinobot_description/meshes/forward_drive_arm.STL
[1.475s] -- Up-to-date: /home/marcos/arduinobot_ws/install/arduinobot_description/share/arduinobot_description/meshes/servo_plate.STL
[1.476s] -- Up-to-date: /home/marcos/arduinobot_ws/install/arduinobot_description/share/arduinobot_description/meshes/vertical_drive_arm.STL
[1.476s] -- Up-to-date: /home/marcos/arduinobot_ws/install/arduinobot_description/share/arduinobot_description/meshes/right_finger.STL
[1.477s] -- Up-to-date: /home/marcos/arduinobot_ws/install/arduinobot_description/share/arduinobot_description/meshes/round_plate.STL
[1.477s] -- Up-to-date: /home/marcos/arduinobot_ws/install/arduinobot_description/share/arduinobot_description/urdf
[1.478s] -- Up-to-date: /home/marcos/arduinobot_ws/install/arduinobot_description/share/arduinobot_description/urdf/arduinobot.urdf.xacro
[1.478s] -- Installing: /home/marcos/arduinobot_ws/install/arduinobot_description/share/arduinobot_description/launch
[1.479s] -- Installing: /home/marcos/arduinobot_ws/install/arduinobot_description/share/arduinobot_description/launch/display.launch.py
[1.480s] -- Installing: /home/marcos/arduinobot_ws/install/arduinobot_description/share/arduinobot_description/rviz
[1.480s] -- Installing: /home/marcos/arduinobot_ws/install/arduinobot_description/share/arduinobot_description/rviz/display.rviz
[1.482s] -- Up-to-date: /home/marcos/arduinobot_ws/install/arduinobot_description/share/ament_index/resource_index/package_run_dependencies/arduinobot_description
[1.483s] -- Up-to-date: /home/marcos/arduinobot_ws/install/arduinobot_description/share/ament_index/resource_index/parent_prefix_path/arduinobot_description
[1.483s] -- Up-to-date: /home/marcos/arduinobot_ws/install/arduinobot_description/share/arduinobot_description/environment/ament_prefix_path.sh
[1.484s] -- Installing: /home/marcos/arduinobot_ws/install/arduinobot_description/share/arduinobot_description/environment/ament_prefix_path.dsv
[1.485s] -- Up-to-date: /home/marcos/arduinobot_ws/install/arduinobot_description/share/arduinobot_description/environment/path.sh
[1.485s] -- Installing: /home/marcos/arduinobot_ws/install/arduinobot_description/share/arduinobot_description/environment/path.dsv
[1.486s] -- Up-to-date: /home/marcos/arduinobot_ws/install/arduinobot_description/share/arduinobot_description/local_setup.bash
[1.487s] -- Up-to-date: /home/marcos/arduinobot_ws/install/arduinobot_description/share/arduinobot_description/local_setup.sh
[1.488s] -- Up-to-date: /home/marcos/arduinobot_ws/install/arduinobot_description/share/arduinobot_description/local_setup.zsh
[1.488s] -- Installing: /home/marcos/arduinobot_ws/install/arduinobot_description/share/arduinobot_description/local_setup.dsv
[1.489s] -- Installing: /home/marcos/arduinobot_ws/install/arduinobot_description/share/arduinobot_description/package.dsv
[1.490s] -- Up-to-date: /home/marcos/arduinobot_ws/install/arduinobot_description/share/ament_index/resource_index/packages/arduinobot_description
[1.490s] -- Up-to-date: /home/marcos/arduinobot_ws/install/arduinobot_description/share/arduinobot_description/cmake/arduinobot_descriptionConfig.cmake
[1.491s] -- Up-to-date: /home/marcos/arduinobot_ws/install/arduinobot_description/share/arduinobot_description/cmake/arduinobot_descriptionConfig-version.cmake
[1.492s] -- Installing: /home/marcos/arduinobot_ws/install/arduinobot_description/share/arduinobot_description/package.xml
[1.502s] Invoked command in '/home/marcos/arduinobot_ws/build/arduinobot_description' returned '0': CMAKE_PREFIX_PATH=${CMAKE_PREFIX_PATH}:/home/marcos/ros2_ws/install/turtle_catch_them_all:/home/marcos/ros2_ws/install/my_py_pkg:/home/marcos/ros2_ws/install/exo1_py:/opt/ros/humble /usr/bin/cmake --install /home/marcos/arduinobot_ws/build/arduinobot_description
