[0.755s] Invoking command in '/home/marcos/arduinobot_ws/src/arduinobot_py_examples': PYTHONPATH=/home/marcos/arduinobot_ws/build/arduinobot_py_examples/prefix_override:/usr/lib/python3/dist-packages/colcon_core/task/python/colcon_distutils_commands:/home/marcos/arduinobot_ws/install/arduinobot_py_examples/lib/python3.10/site-packages:${PYTHONPATH} /usr/bin/python3 -W ignore:setup.py install is deprecated setup.py egg_info --egg-base ../../build/arduinobot_py_examples build --build-base /home/marcos/arduinobot_ws/build/arduinobot_py_examples/build install --record /home/marcos/arduinobot_ws/build/arduinobot_py_examples/install.log --single-version-externally-managed install_data
[0.969s] running egg_info
[0.970s] writing ../../build/arduinobot_py_examples/arduinobot_py_examples.egg-info/PKG-INFO
[0.970s] writing dependency_links to ../../build/arduinobot_py_examples/arduinobot_py_examples.egg-info/dependency_links.txt
[0.971s] writing entry points to ../../build/arduinobot_py_examples/arduinobot_py_examples.egg-info/entry_points.txt
[0.971s] writing requirements to ../../build/arduinobot_py_examples/arduinobot_py_examples.egg-info/requires.txt
[0.971s] writing top-level names to ../../build/arduinobot_py_examples/arduinobot_py_examples.egg-info/top_level.txt
[0.972s] reading manifest file '../../build/arduinobot_py_examples/arduinobot_py_examples.egg-info/SOURCES.txt'
[0.973s] writing manifest file '../../build/arduinobot_py_examples/arduinobot_py_examples.egg-info/SOURCES.txt'
[0.973s] running build
[0.973s] running build_py
[0.974s] running install
[0.974s] running install_lib
[0.975s] running install_data
[0.975s] running install_egg_info
[0.978s] removing '/home/marcos/arduinobot_ws/install/arduinobot_py_examples/lib/python3.10/site-packages/arduinobot_py_examples-0.0.0-py3.10.egg-info' (and everything under it)
[0.978s] Copying ../../build/arduinobot_py_examples/arduinobot_py_examples.egg-info to /home/marcos/arduinobot_ws/install/arduinobot_py_examples/lib/python3.10/site-packages/arduinobot_py_examples-0.0.0-py3.10.egg-info
[0.978s] running install_scripts
[0.996s] Installing simple_parameter script to /home/marcos/arduinobot_ws/install/arduinobot_py_examples/lib/arduinobot_py_examples
[0.997s] Installing simple_publisher script to /home/marcos/arduinobot_ws/install/arduinobot_py_examples/lib/arduinobot_py_examples
[0.997s] writing list of installed files to '/home/marcos/arduinobot_ws/build/arduinobot_py_examples/install.log'
[1.016s] Invoked command in '/home/marcos/arduinobot_ws/src/arduinobot_py_examples' returned '0': PYTHONPATH=/home/marcos/arduinobot_ws/build/arduinobot_py_examples/prefix_override:/usr/lib/python3/dist-packages/colcon_core/task/python/colcon_distutils_commands:/home/marcos/arduinobot_ws/install/arduinobot_py_examples/lib/python3.10/site-packages:${PYTHONPATH} /usr/bin/python3 -W ignore:setup.py install is deprecated setup.py egg_info --egg-base ../../build/arduinobot_py_examples build --build-base /home/marcos/arduinobot_ws/build/arduinobot_py_examples/build install --record /home/marcos/arduinobot_ws/build/arduinobot_py_examples/install.log --single-version-externally-managed install_data
