-- Found ament_cmake: 1.3.10 (/opt/ros/humble/share/ament_cmake/cmake)
-- Found ament_lint_auto: 0.12.11 (/opt/ros/humble/share/ament_lint_auto/cmake)
-- Added test 'flake8' to check Python code syntax and style conventions
-- Added test 'lint_cmake' to check CMake code style
-- Added test 'pep257' to check Python code against some of the docstring style conventions in PEP 257
-- Added test 'xmllint' to check XML markup files
-- Configuring done
-- Generating done
-- Build files have been written to: /home/marcos/arduinobot_ws/build/arduinobot_utils
-- Install configuration: ""
-- Up-to-date: /home/marcos/arduinobot_ws/install/arduinobot_utils/share/ament_index/resource_index/package_run_dependencies/arduinobot_utils
-- Up-to-date: /home/marcos/arduinobot_ws/install/arduinobot_utils/share/ament_index/resource_index/parent_prefix_path/arduinobot_utils
-- Up-to-date: /home/marcos/arduinobot_ws/install/arduinobot_utils/share/arduinobot_utils/environment/ament_prefix_path.sh
-- Installing: /home/marcos/arduinobot_ws/install/arduinobot_utils/share/arduinobot_utils/environment/ament_prefix_path.dsv
-- Up-to-date: /home/marcos/arduinobot_ws/install/arduinobot_utils/share/arduinobot_utils/environment/path.sh
-- Installing: /home/marcos/arduinobot_ws/install/arduinobot_utils/share/arduinobot_utils/environment/path.dsv
-- Up-to-date: /home/marcos/arduinobot_ws/install/arduinobot_utils/share/arduinobot_utils/local_setup.bash
-- Up-to-date: /home/marcos/arduinobot_ws/install/arduinobot_utils/share/arduinobot_utils/local_setup.sh
-- Up-to-date: /home/marcos/arduinobot_ws/install/arduinobot_utils/share/arduinobot_utils/local_setup.zsh
-- Installing: /home/marcos/arduinobot_ws/install/arduinobot_utils/share/arduinobot_utils/local_setup.dsv
-- Installing: /home/marcos/arduinobot_ws/install/arduinobot_utils/share/arduinobot_utils/package.dsv
-- Up-to-date: /home/marcos/arduinobot_ws/install/arduinobot_utils/share/ament_index/resource_index/packages/arduinobot_utils
-- Up-to-date: /home/marcos/arduinobot_ws/install/arduinobot_utils/share/arduinobot_utils/cmake/arduinobot_utilsConfig.cmake
-- Up-to-date: /home/marcos/arduinobot_ws/install/arduinobot_utils/share/arduinobot_utils/cmake/arduinobot_utilsConfig-version.cmake
-- Up-to-date: /home/marcos/arduinobot_ws/install/arduinobot_utils/share/arduinobot_utils/package.xml
