[0.014s] Invoking command in '/home/marcos/arduinobot_ws/build/arduinobot_utils': CMAKE_PREFIX_PATH=${CMAKE_PREFIX_PATH}:/home/marcos/ros2_ws/install/turtle_catch_them_all:/home/marcos/ros2_ws/install/my_py_pkg:/home/marcos/ros2_ws/install/exo1_py:/opt/ros/humble /usr/bin/cmake --build /home/marcos/arduinobot_ws/build/arduinobot_utils -- -j2 -l2
[0.027s] -- Found ament_cmake: 1.3.10 (/opt/ros/humble/share/ament_cmake/cmake)
[0.129s] -- Found ament_lint_auto: 0.12.11 (/opt/ros/humble/share/ament_lint_auto/cmake)
[0.193s] -- Added test 'flake8' to check Python code syntax and style conventions
[0.193s] -- Added test 'lint_cmake' to check CMake code style
[0.194s] -- Added test 'pep257' to check Python code against some of the docstring style conventions in PEP 257
[0.196s] -- Added test 'xmllint' to check XML markup files
[0.197s] -- Configuring done
[0.207s] -- Generating done
[0.208s] -- Build files have been written to: /home/marcos/arduinobot_ws/build/arduinobot_utils
[0.235s] Invoked command in '/home/marcos/arduinobot_ws/build/arduinobot_utils' returned '0': CMAKE_PREFIX_PATH=${CMAKE_PREFIX_PATH}:/home/marcos/ros2_ws/install/turtle_catch_them_all:/home/marcos/ros2_ws/install/my_py_pkg:/home/marcos/ros2_ws/install/exo1_py:/opt/ros/humble /usr/bin/cmake --build /home/marcos/arduinobot_ws/build/arduinobot_utils -- -j2 -l2
[0.278s] Invoking command in '/home/marcos/arduinobot_ws/build/arduinobot_utils': CMAKE_PREFIX_PATH=${CMAKE_PREFIX_PATH}:/home/marcos/ros2_ws/install/turtle_catch_them_all:/home/marcos/ros2_ws/install/my_py_pkg:/home/marcos/ros2_ws/install/exo1_py:/opt/ros/humble /usr/bin/cmake --install /home/marcos/arduinobot_ws/build/arduinobot_utils
[0.294s] -- Install configuration: ""
[0.295s] -- Up-to-date: /home/marcos/arduinobot_ws/install/arduinobot_utils/share/ament_index/resource_index/package_run_dependencies/arduinobot_utils
[0.295s] -- Up-to-date: /home/marcos/arduinobot_ws/install/arduinobot_utils/share/ament_index/resource_index/parent_prefix_path/arduinobot_utils
[0.295s] -- Up-to-date: /home/marcos/arduinobot_ws/install/arduinobot_utils/share/arduinobot_utils/environment/ament_prefix_path.sh
[0.295s] -- Installing: /home/marcos/arduinobot_ws/install/arduinobot_utils/share/arduinobot_utils/environment/ament_prefix_path.dsv
[0.295s] -- Up-to-date: /home/marcos/arduinobot_ws/install/arduinobot_utils/share/arduinobot_utils/environment/path.sh
[0.295s] -- Installing: /home/marcos/arduinobot_ws/install/arduinobot_utils/share/arduinobot_utils/environment/path.dsv
[0.295s] -- Up-to-date: /home/marcos/arduinobot_ws/install/arduinobot_utils/share/arduinobot_utils/local_setup.bash
[0.295s] -- Up-to-date: /home/marcos/arduinobot_ws/install/arduinobot_utils/share/arduinobot_utils/local_setup.sh
[0.295s] -- Up-to-date: /home/marcos/arduinobot_ws/install/arduinobot_utils/share/arduinobot_utils/local_setup.zsh
[0.295s] -- Installing: /home/marcos/arduinobot_ws/install/arduinobot_utils/share/arduinobot_utils/local_setup.dsv
[0.295s] -- Installing: /home/marcos/arduinobot_ws/install/arduinobot_utils/share/arduinobot_utils/package.dsv
[0.295s] -- Up-to-date: /home/marcos/arduinobot_ws/install/arduinobot_utils/share/ament_index/resource_index/packages/arduinobot_utils
[0.295s] -- Up-to-date: /home/marcos/arduinobot_ws/install/arduinobot_utils/share/arduinobot_utils/cmake/arduinobot_utilsConfig.cmake
[0.295s] -- Up-to-date: /home/marcos/arduinobot_ws/install/arduinobot_utils/share/arduinobot_utils/cmake/arduinobot_utilsConfig-version.cmake
[0.295s] -- Up-to-date: /home/marcos/arduinobot_ws/install/arduinobot_utils/share/arduinobot_utils/package.xml
[0.295s] Invoked command in '/home/marcos/arduinobot_ws/build/arduinobot_utils' returned '0': CMAKE_PREFIX_PATH=${CMAKE_PREFIX_PATH}:/home/marcos/ros2_ws/install/turtle_catch_them_all:/home/marcos/ros2_ws/install/my_py_pkg:/home/marcos/ros2_ws/install/exo1_py:/opt/ros/humble /usr/bin/cmake --install /home/marcos/arduinobot_ws/build/arduinobot_utils
