[35m[1mConsolidate compiler generated dependencies of target arduinobot_interfaces__rosidl_generator_c[0m
[ 10%] Built target arduinobot_interfaces__rosidl_generator_c
[ 12%] Built target arduinobot_interfaces__cpp
[35m[1mConsolidate compiler generated dependencies of target arduinobot_interfaces__rosidl_typesupport_introspection_cpp[0m
[ 12%] Built target ament_cmake_python_copy_arduinobot_interfaces
[ 23%] Built target arduinobot_interfaces__rosidl_typesupport_introspection_cpp
[35m[1mConsolidate compiler generated dependencies of target arduinobot_interfaces__rosidl_typesupport_cpp[0m
[35m[1mConsolidate compiler generated dependencies of target arduinobot_interfaces__rosidl_typesupport_fastrtps_c[0m
[ 33%] Built target arduinobot_interfaces__rosidl_typesupport_cpp
[ 43%] Built target arduinobot_interfaces__rosidl_typesupport_fastrtps_c
[35m[1mConsolidate compiler generated dependencies of target arduinobot_interfaces__rosidl_typesupport_introspection_c[0m
[35m[1mConsolidate compiler generated dependencies of target arduinobot_interfaces__rosidl_typesupport_c[0m
[ 53%] Built target arduinobot_interfaces__rosidl_typesupport_introspection_c
[ 64%] Built target arduinobot_interfaces__rosidl_typesupport_c
[35m[1mConsolidate compiler generated dependencies of target arduinobot_interfaces__rosidl_typesupport_fastrtps_cpp[0m
[ 74%] Built target arduinobot_interfaces__rosidl_typesupport_fastrtps_cpp
[ 74%] Built target arduinobot_interfaces
[ 76%] Built target arduinobot_interfaces__py
[35m[1mConsolidate compiler generated dependencies of target arduinobot_interfaces__rosidl_generator_py[0m
[ 84%] Built target arduinobot_interfaces__rosidl_generator_py
[35m[1mConsolidate compiler generated dependencies of target arduinobot_interfaces__rosidl_typesupport_fastrtps_c__pyext[0m
[ 89%] Built target arduinobot_interfaces__rosidl_typesupport_fastrtps_c__pyext
[35m[1mConsolidate compiler generated dependencies of target arduinobot_interfaces__rosidl_typesupport_introspection_c__pyext[0m
[ 94%] Built target arduinobot_interfaces__rosidl_typesupport_introspection_c__pyext
[35m[1mConsolidate compiler generated dependencies of target arduinobot_interfaces__rosidl_typesupport_c__pyext[0m
[100%] Built target arduinobot_interfaces__rosidl_typesupport_c__pyext
running egg_info
writing arduinobot_interfaces.egg-info/PKG-INFO
writing dependency_links to arduinobot_interfaces.egg-info/dependency_links.txt
writing top-level names to arduinobot_interfaces.egg-info/top_level.txt
reading manifest file 'arduinobot_interfaces.egg-info/SOURCES.txt'
writing manifest file 'arduinobot_interfaces.egg-info/SOURCES.txt'
[100%] Built target ament_cmake_python_build_arduinobot_interfaces_egg
-- Install configuration: ""
-- Up-to-date: /home/marcos/arduinobot_ws/install/arduinobot_interfaces/share/ament_index/resource_index/rosidl_interfaces/arduinobot_interfaces
-- Up-to-date: /home/marcos/arduinobot_ws/install/arduinobot_interfaces/include/arduinobot_interfaces/arduinobot_interfaces
-- Up-to-date: /home/marcos/arduinobot_ws/install/arduinobot_interfaces/include/arduinobot_interfaces/arduinobot_interfaces/msg
-- Up-to-date: /home/marcos/arduinobot_ws/install/arduinobot_interfaces/include/arduinobot_interfaces/arduinobot_interfaces/msg/rosidl_generator_c__visibility_control.h
-- Up-to-date: /home/marcos/arduinobot_ws/install/arduinobot_interfaces/include/arduinobot_interfaces/arduinobot_interfaces/srv
-- Up-to-date: /home/marcos/arduinobot_ws/install/arduinobot_interfaces/include/arduinobot_interfaces/arduinobot_interfaces/srv/quaternion_to_euler.h
-- Up-to-date: /home/marcos/arduinobot_ws/install/arduinobot_interfaces/include/arduinobot_interfaces/arduinobot_interfaces/srv/detail
-- Up-to-date: /home/marcos/arduinobot_ws/install/arduinobot_interfaces/include/arduinobot_interfaces/arduinobot_interfaces/srv/detail/quaternion_to_euler__type_support.h
-- Up-to-date: /home/marcos/arduinobot_ws/install/arduinobot_interfaces/include/arduinobot_interfaces/arduinobot_interfaces/srv/detail/quaternion_to_euler__struct.h
-- Up-to-date: /home/marcos/arduinobot_ws/install/arduinobot_interfaces/include/arduinobot_interfaces/arduinobot_interfaces/srv/detail/euler_to_quaternion__type_support.h
-- Up-to-date: /home/marcos/arduinobot_ws/install/arduinobot_interfaces/include/arduinobot_interfaces/arduinobot_interfaces/srv/detail/euler_to_quaternion__struct.h
-- Up-to-date: /home/marcos/arduinobot_ws/install/arduinobot_interfaces/include/arduinobot_interfaces/arduinobot_interfaces/srv/detail/quaternion_to_euler__functions.h
-- Up-to-date: /home/marcos/arduinobot_ws/install/arduinobot_interfaces/include/arduinobot_interfaces/arduinobot_interfaces/srv/detail/quaternion_to_euler__functions.c
-- Up-to-date: /home/marcos/arduinobot_ws/install/arduinobot_interfaces/include/arduinobot_interfaces/arduinobot_interfaces/srv/detail/euler_to_quaternion__functions.h
-- Up-to-date: /home/marcos/arduinobot_ws/install/arduinobot_interfaces/include/arduinobot_interfaces/arduinobot_interfaces/srv/detail/euler_to_quaternion__functions.c
-- Up-to-date: /home/marcos/arduinobot_ws/install/arduinobot_interfaces/include/arduinobot_interfaces/arduinobot_interfaces/srv/euler_to_quaternion.h
-- Up-to-date: /home/marcos/arduinobot_ws/install/arduinobot_interfaces/share/arduinobot_interfaces/environment/library_path.sh
-- Up-to-date: /home/marcos/arduinobot_ws/install/arduinobot_interfaces/share/arduinobot_interfaces/environment/library_path.dsv
-- Up-to-date: /home/marcos/arduinobot_ws/install/arduinobot_interfaces/lib/libarduinobot_interfaces__rosidl_generator_c.so
-- Up-to-date: /home/marcos/arduinobot_ws/install/arduinobot_interfaces/include/arduinobot_interfaces/arduinobot_interfaces
-- Up-to-date: /home/marcos/arduinobot_ws/install/arduinobot_interfaces/include/arduinobot_interfaces/arduinobot_interfaces/msg
-- Up-to-date: /home/marcos/arduinobot_ws/install/arduinobot_interfaces/include/arduinobot_interfaces/arduinobot_interfaces/msg/rosidl_typesupport_fastrtps_c__visibility_control.h
-- Up-to-date: /home/marcos/arduinobot_ws/install/arduinobot_interfaces/include/arduinobot_interfaces/arduinobot_interfaces/srv
-- Up-to-date: /home/marcos/arduinobot_ws/install/arduinobot_interfaces/include/arduinobot_interfaces/arduinobot_interfaces/srv/detail
-- Up-to-date: /home/marcos/arduinobot_ws/install/arduinobot_interfaces/include/arduinobot_interfaces/arduinobot_interfaces/srv/detail/quaternion_to_euler__rosidl_typesupport_fastrtps_c.h
-- Up-to-date: /home/marcos/arduinobot_ws/install/arduinobot_interfaces/include/arduinobot_interfaces/arduinobot_interfaces/srv/detail/euler_to_quaternion__rosidl_typesupport_fastrtps_c.h
-- Up-to-date: /home/marcos/arduinobot_ws/install/arduinobot_interfaces/lib/libarduinobot_interfaces__rosidl_typesupport_fastrtps_c.so
-- Up-to-date: /home/marcos/arduinobot_ws/install/arduinobot_interfaces/include/arduinobot_interfaces/arduinobot_interfaces
-- Up-to-date: /home/marcos/arduinobot_ws/install/arduinobot_interfaces/include/arduinobot_interfaces/arduinobot_interfaces/msg
-- Up-to-date: /home/marcos/arduinobot_ws/install/arduinobot_interfaces/include/arduinobot_interfaces/arduinobot_interfaces/msg/rosidl_typesupport_introspection_c__visibility_control.h
-- Up-to-date: /home/marcos/arduinobot_ws/install/arduinobot_interfaces/include/arduinobot_interfaces/arduinobot_interfaces/srv
-- Up-to-date: /home/marcos/arduinobot_ws/install/arduinobot_interfaces/include/arduinobot_interfaces/arduinobot_interfaces/srv/detail
-- Up-to-date: /home/marcos/arduinobot_ws/install/arduinobot_interfaces/include/arduinobot_interfaces/arduinobot_interfaces/srv/detail/euler_to_quaternion__type_support.c
-- Up-to-date: /home/marcos/arduinobot_ws/install/arduinobot_interfaces/include/arduinobot_interfaces/arduinobot_interfaces/srv/detail/euler_to_quaternion__rosidl_typesupport_introspection_c.h
-- Up-to-date: /home/marcos/arduinobot_ws/install/arduinobot_interfaces/include/arduinobot_interfaces/arduinobot_interfaces/srv/detail/quaternion_to_euler__type_support.c
-- Up-to-date: /home/marcos/arduinobot_ws/install/arduinobot_interfaces/include/arduinobot_interfaces/arduinobot_interfaces/srv/detail/quaternion_to_euler__rosidl_typesupport_introspection_c.h
-- Up-to-date: /home/marcos/arduinobot_ws/install/arduinobot_interfaces/lib/libarduinobot_interfaces__rosidl_typesupport_introspection_c.so
-- Up-to-date: /home/marcos/arduinobot_ws/install/arduinobot_interfaces/lib/libarduinobot_interfaces__rosidl_typesupport_c.so
-- Up-to-date: /home/marcos/arduinobot_ws/install/arduinobot_interfaces/include/arduinobot_interfaces/arduinobot_interfaces
-- Up-to-date: /home/marcos/arduinobot_ws/install/arduinobot_interfaces/include/arduinobot_interfaces/arduinobot_interfaces/srv
-- Up-to-date: /home/marcos/arduinobot_ws/install/arduinobot_interfaces/include/arduinobot_interfaces/arduinobot_interfaces/srv/quaternion_to_euler.hpp
-- Up-to-date: /home/marcos/arduinobot_ws/install/arduinobot_interfaces/include/arduinobot_interfaces/arduinobot_interfaces/srv/detail
-- Up-to-date: /home/marcos/arduinobot_ws/install/arduinobot_interfaces/include/arduinobot_interfaces/arduinobot_interfaces/srv/detail/quaternion_to_euler__traits.hpp
-- Up-to-date: /home/marcos/arduinobot_ws/install/arduinobot_interfaces/include/arduinobot_interfaces/arduinobot_interfaces/srv/detail/euler_to_quaternion__struct.hpp
-- Up-to-date: /home/marcos/arduinobot_ws/install/arduinobot_interfaces/include/arduinobot_interfaces/arduinobot_interfaces/srv/detail/euler_to_quaternion__traits.hpp
-- Up-to-date: /home/marcos/arduinobot_ws/install/arduinobot_interfaces/include/arduinobot_interfaces/arduinobot_interfaces/srv/detail/euler_to_quaternion__builder.hpp
-- Up-to-date: /home/marcos/arduinobot_ws/install/arduinobot_interfaces/include/arduinobot_interfaces/arduinobot_interfaces/srv/detail/quaternion_to_euler__builder.hpp
-- Up-to-date: /home/marcos/arduinobot_ws/install/arduinobot_interfaces/include/arduinobot_interfaces/arduinobot_interfaces/srv/detail/quaternion_to_euler__struct.hpp
-- Up-to-date: /home/marcos/arduinobot_ws/install/arduinobot_interfaces/include/arduinobot_interfaces/arduinobot_interfaces/srv/euler_to_quaternion.hpp
-- Up-to-date: /home/marcos/arduinobot_ws/install/arduinobot_interfaces/include/arduinobot_interfaces/arduinobot_interfaces
-- Up-to-date: /home/marcos/arduinobot_ws/install/arduinobot_interfaces/include/arduinobot_interfaces/arduinobot_interfaces/msg
-- Up-to-date: /home/marcos/arduinobot_ws/install/arduinobot_interfaces/include/arduinobot_interfaces/arduinobot_interfaces/msg/rosidl_typesupport_fastrtps_cpp__visibility_control.h
-- Up-to-date: /home/marcos/arduinobot_ws/install/arduinobot_interfaces/include/arduinobot_interfaces/arduinobot_interfaces/srv
-- Up-to-date: /home/marcos/arduinobot_ws/install/arduinobot_interfaces/include/arduinobot_interfaces/arduinobot_interfaces/srv/detail
-- Up-to-date: /home/marcos/arduinobot_ws/install/arduinobot_interfaces/include/arduinobot_interfaces/arduinobot_interfaces/srv/detail/dds_fastrtps
-- Up-to-date: /home/marcos/arduinobot_ws/install/arduinobot_interfaces/include/arduinobot_interfaces/arduinobot_interfaces/srv/detail/quaternion_to_euler__rosidl_typesupport_fastrtps_cpp.hpp
-- Up-to-date: /home/marcos/arduinobot_ws/install/arduinobot_interfaces/include/arduinobot_interfaces/arduinobot_interfaces/srv/detail/euler_to_quaternion__rosidl_typesupport_fastrtps_cpp.hpp
-- Up-to-date: /home/marcos/arduinobot_ws/install/arduinobot_interfaces/lib/libarduinobot_interfaces__rosidl_typesupport_fastrtps_cpp.so
-- Up-to-date: /home/marcos/arduinobot_ws/install/arduinobot_interfaces/include/arduinobot_interfaces/arduinobot_interfaces
-- Up-to-date: /home/marcos/arduinobot_ws/install/arduinobot_interfaces/include/arduinobot_interfaces/arduinobot_interfaces/srv
-- Up-to-date: /home/marcos/arduinobot_ws/install/arduinobot_interfaces/include/arduinobot_interfaces/arduinobot_interfaces/srv/detail
-- Up-to-date: /home/marcos/arduinobot_ws/install/arduinobot_interfaces/include/arduinobot_interfaces/arduinobot_interfaces/srv/detail/euler_to_quaternion__rosidl_typesupport_introspection_cpp.hpp
-- Up-to-date: /home/marcos/arduinobot_ws/install/arduinobot_interfaces/include/arduinobot_interfaces/arduinobot_interfaces/srv/detail/quaternion_to_euler__rosidl_typesupport_introspection_cpp.hpp
-- Up-to-date: /home/marcos/arduinobot_ws/install/arduinobot_interfaces/include/arduinobot_interfaces/arduinobot_interfaces/srv/detail/euler_to_quaternion__type_support.cpp
-- Up-to-date: /home/marcos/arduinobot_ws/install/arduinobot_interfaces/include/arduinobot_interfaces/arduinobot_interfaces/srv/detail/quaternion_to_euler__type_support.cpp
-- Up-to-date: /home/marcos/arduinobot_ws/install/arduinobot_interfaces/lib/libarduinobot_interfaces__rosidl_typesupport_introspection_cpp.so
-- Up-to-date: /home/marcos/arduinobot_ws/install/arduinobot_interfaces/lib/libarduinobot_interfaces__rosidl_typesupport_cpp.so
-- Up-to-date: /home/marcos/arduinobot_ws/install/arduinobot_interfaces/share/arduinobot_interfaces/environment/pythonpath.sh
-- Up-to-date: /home/marcos/arduinobot_ws/install/arduinobot_interfaces/share/arduinobot_interfaces/environment/pythonpath.dsv
-- Up-to-date: /home/marcos/arduinobot_ws/install/arduinobot_interfaces/local/lib/python3.10/dist-packages/arduinobot_interfaces-0.0.0-py3.10.egg-info
-- Installing: /home/marcos/arduinobot_ws/install/arduinobot_interfaces/local/lib/python3.10/dist-packages/arduinobot_interfaces-0.0.0-py3.10.egg-info/PKG-INFO
-- Installing: /home/marcos/arduinobot_ws/install/arduinobot_interfaces/local/lib/python3.10/dist-packages/arduinobot_interfaces-0.0.0-py3.10.egg-info/dependency_links.txt
-- Installing: /home/marcos/arduinobot_ws/install/arduinobot_interfaces/local/lib/python3.10/dist-packages/arduinobot_interfaces-0.0.0-py3.10.egg-info/SOURCES.txt
-- Installing: /home/marcos/arduinobot_ws/install/arduinobot_interfaces/local/lib/python3.10/dist-packages/arduinobot_interfaces-0.0.0-py3.10.egg-info/top_level.txt
-- Up-to-date: /home/marcos/arduinobot_ws/install/arduinobot_interfaces/local/lib/python3.10/dist-packages/arduinobot_interfaces
-- Up-to-date: /home/marcos/arduinobot_ws/install/arduinobot_interfaces/local/lib/python3.10/dist-packages/arduinobot_interfaces/arduinobot_interfaces_s__rosidl_typesupport_fastrtps_c.cpython-310-x86_64-linux-gnu.so
-- Up-to-date: /home/marcos/arduinobot_ws/install/arduinobot_interfaces/local/lib/python3.10/dist-packages/arduinobot_interfaces/srv
-- Up-to-date: /home/marcos/arduinobot_ws/install/arduinobot_interfaces/local/lib/python3.10/dist-packages/arduinobot_interfaces/srv/_quaternion_to_euler.py
-- Up-to-date: /home/marcos/arduinobot_ws/install/arduinobot_interfaces/local/lib/python3.10/dist-packages/arduinobot_interfaces/srv/_euler_to_quaternion_s.c
-- Up-to-date: /home/marcos/arduinobot_ws/install/arduinobot_interfaces/local/lib/python3.10/dist-packages/arduinobot_interfaces/srv/_quaternion_to_euler_s.c
-- Up-to-date: /home/marcos/arduinobot_ws/install/arduinobot_interfaces/local/lib/python3.10/dist-packages/arduinobot_interfaces/srv/__init__.py
-- Up-to-date: /home/marcos/arduinobot_ws/install/arduinobot_interfaces/local/lib/python3.10/dist-packages/arduinobot_interfaces/srv/_euler_to_quaternion.py
-- Up-to-date: /home/marcos/arduinobot_ws/install/arduinobot_interfaces/local/lib/python3.10/dist-packages/arduinobot_interfaces/_arduinobot_interfaces_s.ep.rosidl_typesupport_introspection_c.c
-- Up-to-date: /home/marcos/arduinobot_ws/install/arduinobot_interfaces/local/lib/python3.10/dist-packages/arduinobot_interfaces/__init__.py
-- Up-to-date: /home/marcos/arduinobot_ws/install/arduinobot_interfaces/local/lib/python3.10/dist-packages/arduinobot_interfaces/_arduinobot_interfaces_s.ep.rosidl_typesupport_fastrtps_c.c
-- Up-to-date: /home/marcos/arduinobot_ws/install/arduinobot_interfaces/local/lib/python3.10/dist-packages/arduinobot_interfaces/arduinobot_interfaces_s__rosidl_typesupport_c.cpython-310-x86_64-linux-gnu.so
-- Up-to-date: /home/marcos/arduinobot_ws/install/arduinobot_interfaces/local/lib/python3.10/dist-packages/arduinobot_interfaces/libarduinobot_interfaces__rosidl_generator_py.so
-- Up-to-date: /home/marcos/arduinobot_ws/install/arduinobot_interfaces/local/lib/python3.10/dist-packages/arduinobot_interfaces/arduinobot_interfaces_s__rosidl_typesupport_introspection_c.cpython-310-x86_64-linux-gnu.so
-- Up-to-date: /home/marcos/arduinobot_ws/install/arduinobot_interfaces/local/lib/python3.10/dist-packages/arduinobot_interfaces/_arduinobot_interfaces_s.ep.rosidl_typesupport_c.c
Listing '/home/marcos/arduinobot_ws/install/arduinobot_interfaces/local/lib/python3.10/dist-packages/arduinobot_interfaces'...
Listing '/home/marcos/arduinobot_ws/install/arduinobot_interfaces/local/lib/python3.10/dist-packages/arduinobot_interfaces/srv'...
-- Up-to-date: /home/marcos/arduinobot_ws/install/arduinobot_interfaces/local/lib/python3.10/dist-packages/arduinobot_interfaces/arduinobot_interfaces_s__rosidl_typesupport_fastrtps_c.cpython-310-x86_64-linux-gnu.so
-- Up-to-date: /home/marcos/arduinobot_ws/install/arduinobot_interfaces/local/lib/python3.10/dist-packages/arduinobot_interfaces/arduinobot_interfaces_s__rosidl_typesupport_introspection_c.cpython-310-x86_64-linux-gnu.so
-- Up-to-date: /home/marcos/arduinobot_ws/install/arduinobot_interfaces/local/lib/python3.10/dist-packages/arduinobot_interfaces/arduinobot_interfaces_s__rosidl_typesupport_c.cpython-310-x86_64-linux-gnu.so
-- Up-to-date: /home/marcos/arduinobot_ws/install/arduinobot_interfaces/lib/libarduinobot_interfaces__rosidl_generator_py.so
-- Up-to-date: /home/marcos/arduinobot_ws/install/arduinobot_interfaces/share/arduinobot_interfaces/srv/EulerToQuaternion.idl
-- Up-to-date: /home/marcos/arduinobot_ws/install/arduinobot_interfaces/share/arduinobot_interfaces/srv/QuaternionToEuler.idl
-- Up-to-date: /home/marcos/arduinobot_ws/install/arduinobot_interfaces/share/arduinobot_interfaces/srv/EulerToQuaternion.srv
-- Up-to-date: /home/marcos/arduinobot_ws/install/arduinobot_interfaces/share/arduinobot_interfaces/srv/EulerToQuaternion_Request.msg
-- Up-to-date: /home/marcos/arduinobot_ws/install/arduinobot_interfaces/share/arduinobot_interfaces/srv/EulerToQuaternion_Response.msg
-- Up-to-date: /home/marcos/arduinobot_ws/install/arduinobot_interfaces/share/arduinobot_interfaces/srv/QuaternionToEuler.srv
-- Up-to-date: /home/marcos/arduinobot_ws/install/arduinobot_interfaces/share/arduinobot_interfaces/srv/QuaternionToEuler_Request.msg
-- Up-to-date: /home/marcos/arduinobot_ws/install/arduinobot_interfaces/share/arduinobot_interfaces/srv/QuaternionToEuler_Response.msg
-- Up-to-date: /home/marcos/arduinobot_ws/install/arduinobot_interfaces/share/ament_index/resource_index/package_run_dependencies/arduinobot_interfaces
-- Up-to-date: /home/marcos/arduinobot_ws/install/arduinobot_interfaces/share/ament_index/resource_index/parent_prefix_path/arduinobot_interfaces
-- Up-to-date: /home/marcos/arduinobot_ws/install/arduinobot_interfaces/share/arduinobot_interfaces/environment/ament_prefix_path.sh
-- Up-to-date: /home/marcos/arduinobot_ws/install/arduinobot_interfaces/share/arduinobot_interfaces/environment/ament_prefix_path.dsv
-- Up-to-date: /home/marcos/arduinobot_ws/install/arduinobot_interfaces/share/arduinobot_interfaces/environment/path.sh
-- Up-to-date: /home/marcos/arduinobot_ws/install/arduinobot_interfaces/share/arduinobot_interfaces/environment/path.dsv
-- Up-to-date: /home/marcos/arduinobot_ws/install/arduinobot_interfaces/share/arduinobot_interfaces/local_setup.bash
-- Up-to-date: /home/marcos/arduinobot_ws/install/arduinobot_interfaces/share/arduinobot_interfaces/local_setup.sh
-- Up-to-date: /home/marcos/arduinobot_ws/install/arduinobot_interfaces/share/arduinobot_interfaces/local_setup.zsh
-- Up-to-date: /home/marcos/arduinobot_ws/install/arduinobot_interfaces/share/arduinobot_interfaces/local_setup.dsv
-- Installing: /home/marcos/arduinobot_ws/install/arduinobot_interfaces/share/arduinobot_interfaces/package.dsv
-- Up-to-date: /home/marcos/arduinobot_ws/install/arduinobot_interfaces/share/ament_index/resource_index/packages/arduinobot_interfaces
-- Up-to-date: /home/marcos/arduinobot_ws/install/arduinobot_interfaces/share/arduinobot_interfaces/cmake/export_arduinobot_interfaces__rosidl_generator_cExport.cmake
-- Up-to-date: /home/marcos/arduinobot_ws/install/arduinobot_interfaces/share/arduinobot_interfaces/cmake/export_arduinobot_interfaces__rosidl_generator_cExport-noconfig.cmake
-- Up-to-date: /home/marcos/arduinobot_ws/install/arduinobot_interfaces/share/arduinobot_interfaces/cmake/export_arduinobot_interfaces__rosidl_typesupport_fastrtps_cExport.cmake
-- Up-to-date: /home/marcos/arduinobot_ws/install/arduinobot_interfaces/share/arduinobot_interfaces/cmake/export_arduinobot_interfaces__rosidl_typesupport_fastrtps_cExport-noconfig.cmake
-- Up-to-date: /home/marcos/arduinobot_ws/install/arduinobot_interfaces/share/arduinobot_interfaces/cmake/arduinobot_interfaces__rosidl_typesupport_introspection_cExport.cmake
-- Up-to-date: /home/marcos/arduinobot_ws/install/arduinobot_interfaces/share/arduinobot_interfaces/cmake/arduinobot_interfaces__rosidl_typesupport_introspection_cExport-noconfig.cmake
-- Up-to-date: /home/marcos/arduinobot_ws/install/arduinobot_interfaces/share/arduinobot_interfaces/cmake/arduinobot_interfaces__rosidl_typesupport_cExport.cmake
-- Up-to-date: /home/marcos/arduinobot_ws/install/arduinobot_interfaces/share/arduinobot_interfaces/cmake/arduinobot_interfaces__rosidl_typesupport_cExport-noconfig.cmake
-- Up-to-date: /home/marcos/arduinobot_ws/install/arduinobot_interfaces/share/arduinobot_interfaces/cmake/export_arduinobot_interfaces__rosidl_generator_cppExport.cmake
-- Up-to-date: /home/marcos/arduinobot_ws/install/arduinobot_interfaces/share/arduinobot_interfaces/cmake/export_arduinobot_interfaces__rosidl_typesupport_fastrtps_cppExport.cmake
-- Up-to-date: /home/marcos/arduinobot_ws/install/arduinobot_interfaces/share/arduinobot_interfaces/cmake/export_arduinobot_interfaces__rosidl_typesupport_fastrtps_cppExport-noconfig.cmake
-- Up-to-date: /home/marcos/arduinobot_ws/install/arduinobot_interfaces/share/arduinobot_interfaces/cmake/arduinobot_interfaces__rosidl_typesupport_introspection_cppExport.cmake
-- Up-to-date: /home/marcos/arduinobot_ws/install/arduinobot_interfaces/share/arduinobot_interfaces/cmake/arduinobot_interfaces__rosidl_typesupport_introspection_cppExport-noconfig.cmake
-- Up-to-date: /home/marcos/arduinobot_ws/install/arduinobot_interfaces/share/arduinobot_interfaces/cmake/arduinobot_interfaces__rosidl_typesupport_cppExport.cmake
-- Up-to-date: /home/marcos/arduinobot_ws/install/arduinobot_interfaces/share/arduinobot_interfaces/cmake/arduinobot_interfaces__rosidl_typesupport_cppExport-noconfig.cmake
-- Up-to-date: /home/marcos/arduinobot_ws/install/arduinobot_interfaces/share/arduinobot_interfaces/cmake/export_arduinobot_interfaces__rosidl_generator_pyExport.cmake
-- Up-to-date: /home/marcos/arduinobot_ws/install/arduinobot_interfaces/share/arduinobot_interfaces/cmake/export_arduinobot_interfaces__rosidl_generator_pyExport-noconfig.cmake
-- Up-to-date: /home/marcos/arduinobot_ws/install/arduinobot_interfaces/share/arduinobot_interfaces/cmake/rosidl_cmake-extras.cmake
-- Up-to-date: /home/marcos/arduinobot_ws/install/arduinobot_interfaces/share/arduinobot_interfaces/cmake/ament_cmake_export_include_directories-extras.cmake
-- Up-to-date: /home/marcos/arduinobot_ws/install/arduinobot_interfaces/share/arduinobot_interfaces/cmake/ament_cmake_export_libraries-extras.cmake
-- Up-to-date: /home/marcos/arduinobot_ws/install/arduinobot_interfaces/share/arduinobot_interfaces/cmake/ament_cmake_export_targets-extras.cmake
-- Up-to-date: /home/marcos/arduinobot_ws/install/arduinobot_interfaces/share/arduinobot_interfaces/cmake/rosidl_cmake_export_typesupport_targets-extras.cmake
-- Up-to-date: /home/marcos/arduinobot_ws/install/arduinobot_interfaces/share/arduinobot_interfaces/cmake/ament_cmake_export_dependencies-extras.cmake
-- Up-to-date: /home/marcos/arduinobot_ws/install/arduinobot_interfaces/share/arduinobot_interfaces/cmake/rosidl_cmake_export_typesupport_libraries-extras.cmake
-- Up-to-date: /home/marcos/arduinobot_ws/install/arduinobot_interfaces/share/arduinobot_interfaces/cmake/arduinobot_interfacesConfig.cmake
-- Up-to-date: /home/marcos/arduinobot_ws/install/arduinobot_interfaces/share/arduinobot_interfaces/cmake/arduinobot_interfacesConfig-version.cmake
-- Up-to-date: /home/marcos/arduinobot_ws/install/arduinobot_interfaces/share/arduinobot_interfaces/package.xml
