[0.012s] Invoking command in '/home/marcos/arduinobot_ws/build/arduinobot_interfaces': CMAKE_PREFIX_PATH=${CMAKE_PREFIX_PATH}:/home/marcos/ros2_ws/install/turtle_catch_them_all:/home/marcos/ros2_ws/install/my_py_pkg:/home/marcos/ros2_ws/install/exo1_py:/opt/ros/humble /usr/bin/cmake --build /home/marcos/arduinobot_ws/build/arduinobot_interfaces -- -j2 -l2
[0.095s] [35m[1mConsolidate compiler generated dependencies of target arduinobot_interfaces__rosidl_generator_c[0m
[0.124s] [ 10%] Built target arduinobot_interfaces__rosidl_generator_c
[0.144s] [ 12%] Built target arduinobot_interfaces__cpp
[0.174s] [35m[1mConsolidate compiler generated dependencies of target arduinobot_interfaces__rosidl_typesupport_introspection_cpp[0m
[0.201s] [ 12%] Built target ament_cmake_python_copy_arduinobot_interfaces
[0.216s] [ 23%] Built target arduinobot_interfaces__rosidl_typesupport_introspection_cpp
[0.241s] [35m[1mConsolidate compiler generated dependencies of target arduinobot_interfaces__rosidl_typesupport_cpp[0m
[0.262s] [35m[1mConsolidate compiler generated dependencies of target arduinobot_interfaces__rosidl_typesupport_fastrtps_c[0m
[0.277s] [ 33%] Built target arduinobot_interfaces__rosidl_typesupport_cpp
[0.294s] [ 43%] Built target arduinobot_interfaces__rosidl_typesupport_fastrtps_c
[0.309s] [35m[1mConsolidate compiler generated dependencies of target arduinobot_interfaces__rosidl_typesupport_introspection_c[0m
[0.315s] [35m[1mConsolidate compiler generated dependencies of target arduinobot_interfaces__rosidl_typesupport_c[0m
[0.333s] [ 53%] Built target arduinobot_interfaces__rosidl_typesupport_introspection_c
[0.358s] [ 64%] Built target arduinobot_interfaces__rosidl_typesupport_c
[0.392s] [35m[1mConsolidate compiler generated dependencies of target arduinobot_interfaces__rosidl_typesupport_fastrtps_cpp[0m
[0.448s] [ 74%] Built target arduinobot_interfaces__rosidl_typesupport_fastrtps_cpp
[0.528s] [ 74%] Built target arduinobot_interfaces
[0.600s] [ 76%] Built target arduinobot_interfaces__py
[0.646s] [35m[1mConsolidate compiler generated dependencies of target arduinobot_interfaces__rosidl_generator_py[0m
[0.685s] [ 84%] Built target arduinobot_interfaces__rosidl_generator_py
[0.721s] [35m[1mConsolidate compiler generated dependencies of target arduinobot_interfaces__rosidl_typesupport_fastrtps_c__pyext[0m
[0.764s] [ 89%] Built target arduinobot_interfaces__rosidl_typesupport_fastrtps_c__pyext
[0.790s] [35m[1mConsolidate compiler generated dependencies of target arduinobot_interfaces__rosidl_typesupport_introspection_c__pyext[0m
[0.820s] [ 94%] Built target arduinobot_interfaces__rosidl_typesupport_introspection_c__pyext
[0.839s] [35m[1mConsolidate compiler generated dependencies of target arduinobot_interfaces__rosidl_typesupport_c__pyext[0m
[0.879s] [100%] Built target arduinobot_interfaces__rosidl_typesupport_c__pyext
[1.108s] running egg_info
[1.110s] writing arduinobot_interfaces.egg-info/PKG-INFO
[1.112s] writing dependency_links to arduinobot_interfaces.egg-info/dependency_links.txt
[1.115s] writing top-level names to arduinobot_interfaces.egg-info/top_level.txt
[1.123s] reading manifest file 'arduinobot_interfaces.egg-info/SOURCES.txt'
[1.125s] writing manifest file 'arduinobot_interfaces.egg-info/SOURCES.txt'
[1.210s] [100%] Built target ament_cmake_python_build_arduinobot_interfaces_egg
[1.474s] Invoked command in '/home/marcos/arduinobot_ws/build/arduinobot_interfaces' returned '0': CMAKE_PREFIX_PATH=${CMAKE_PREFIX_PATH}:/home/marcos/ros2_ws/install/turtle_catch_them_all:/home/marcos/ros2_ws/install/my_py_pkg:/home/marcos/ros2_ws/install/exo1_py:/opt/ros/humble /usr/bin/cmake --build /home/marcos/arduinobot_ws/build/arduinobot_interfaces -- -j2 -l2
[1.710s] Invoking command in '/home/marcos/arduinobot_ws/build/arduinobot_interfaces': CMAKE_PREFIX_PATH=${CMAKE_PREFIX_PATH}:/home/marcos/ros2_ws/install/turtle_catch_them_all:/home/marcos/ros2_ws/install/my_py_pkg:/home/marcos/ros2_ws/install/exo1_py:/opt/ros/humble /usr/bin/cmake --install /home/marcos/arduinobot_ws/build/arduinobot_interfaces
[1.725s] -- Install configuration: ""
[1.725s] -- Up-to-date: /home/marcos/arduinobot_ws/install/arduinobot_interfaces/share/ament_index/resource_index/rosidl_interfaces/arduinobot_interfaces
[1.725s] -- Up-to-date: /home/marcos/arduinobot_ws/install/arduinobot_interfaces/include/arduinobot_interfaces/arduinobot_interfaces
[1.725s] -- Up-to-date: /home/marcos/arduinobot_ws/install/arduinobot_interfaces/include/arduinobot_interfaces/arduinobot_interfaces/msg
[1.725s] -- Up-to-date: /home/marcos/arduinobot_ws/install/arduinobot_interfaces/include/arduinobot_interfaces/arduinobot_interfaces/msg/rosidl_generator_c__visibility_control.h
[1.725s] -- Up-to-date: /home/marcos/arduinobot_ws/install/arduinobot_interfaces/include/arduinobot_interfaces/arduinobot_interfaces/srv
[1.728s] -- Up-to-date: /home/marcos/arduinobot_ws/install/arduinobot_interfaces/include/arduinobot_interfaces/arduinobot_interfaces/srv/quaternion_to_euler.h
[1.728s] -- Up-to-date: /home/marcos/arduinobot_ws/install/arduinobot_interfaces/include/arduinobot_interfaces/arduinobot_interfaces/srv/detail
[1.728s] -- Up-to-date: /home/marcos/arduinobot_ws/install/arduinobot_interfaces/include/arduinobot_interfaces/arduinobot_interfaces/srv/detail/quaternion_to_euler__type_support.h
[1.729s] -- Up-to-date: /home/marcos/arduinobot_ws/install/arduinobot_interfaces/include/arduinobot_interfaces/arduinobot_interfaces/srv/detail/quaternion_to_euler__struct.h
[1.730s] -- Up-to-date: /home/marcos/arduinobot_ws/install/arduinobot_interfaces/include/arduinobot_interfaces/arduinobot_interfaces/srv/detail/euler_to_quaternion__type_support.h
[1.730s] -- Up-to-date: /home/marcos/arduinobot_ws/install/arduinobot_interfaces/include/arduinobot_interfaces/arduinobot_interfaces/srv/detail/euler_to_quaternion__struct.h
[1.730s] -- Up-to-date: /home/marcos/arduinobot_ws/install/arduinobot_interfaces/include/arduinobot_interfaces/arduinobot_interfaces/srv/detail/quaternion_to_euler__functions.h
[1.730s] -- Up-to-date: /home/marcos/arduinobot_ws/install/arduinobot_interfaces/include/arduinobot_interfaces/arduinobot_interfaces/srv/detail/quaternion_to_euler__functions.c
[1.730s] -- Up-to-date: /home/marcos/arduinobot_ws/install/arduinobot_interfaces/include/arduinobot_interfaces/arduinobot_interfaces/srv/detail/euler_to_quaternion__functions.h
[1.730s] -- Up-to-date: /home/marcos/arduinobot_ws/install/arduinobot_interfaces/include/arduinobot_interfaces/arduinobot_interfaces/srv/detail/euler_to_quaternion__functions.c
[1.730s] -- Up-to-date: /home/marcos/arduinobot_ws/install/arduinobot_interfaces/include/arduinobot_interfaces/arduinobot_interfaces/srv/euler_to_quaternion.h
[1.730s] -- Up-to-date: /home/marcos/arduinobot_ws/install/arduinobot_interfaces/share/arduinobot_interfaces/environment/library_path.sh
[1.730s] -- Up-to-date: /home/marcos/arduinobot_ws/install/arduinobot_interfaces/share/arduinobot_interfaces/environment/library_path.dsv
[1.730s] -- Up-to-date: /home/marcos/arduinobot_ws/install/arduinobot_interfaces/lib/libarduinobot_interfaces__rosidl_generator_c.so
[1.730s] -- Up-to-date: /home/marcos/arduinobot_ws/install/arduinobot_interfaces/include/arduinobot_interfaces/arduinobot_interfaces
[1.732s] -- Up-to-date: /home/marcos/arduinobot_ws/install/arduinobot_interfaces/include/arduinobot_interfaces/arduinobot_interfaces/msg
[1.733s] -- Up-to-date: /home/marcos/arduinobot_ws/install/arduinobot_interfaces/include/arduinobot_interfaces/arduinobot_interfaces/msg/rosidl_typesupport_fastrtps_c__visibility_control.h
[1.733s] -- Up-to-date: /home/marcos/arduinobot_ws/install/arduinobot_interfaces/include/arduinobot_interfaces/arduinobot_interfaces/srv
[1.733s] -- Up-to-date: /home/marcos/arduinobot_ws/install/arduinobot_interfaces/include/arduinobot_interfaces/arduinobot_interfaces/srv/detail
[1.733s] -- Up-to-date: /home/marcos/arduinobot_ws/install/arduinobot_interfaces/include/arduinobot_interfaces/arduinobot_interfaces/srv/detail/quaternion_to_euler__rosidl_typesupport_fastrtps_c.h
[1.733s] -- Up-to-date: /home/marcos/arduinobot_ws/install/arduinobot_interfaces/include/arduinobot_interfaces/arduinobot_interfaces/srv/detail/euler_to_quaternion__rosidl_typesupport_fastrtps_c.h
[1.733s] -- Up-to-date: /home/marcos/arduinobot_ws/install/arduinobot_interfaces/lib/libarduinobot_interfaces__rosidl_typesupport_fastrtps_c.so
[1.733s] -- Up-to-date: /home/marcos/arduinobot_ws/install/arduinobot_interfaces/include/arduinobot_interfaces/arduinobot_interfaces
[1.733s] -- Up-to-date: /home/marcos/arduinobot_ws/install/arduinobot_interfaces/include/arduinobot_interfaces/arduinobot_interfaces/msg
[1.733s] -- Up-to-date: /home/marcos/arduinobot_ws/install/arduinobot_interfaces/include/arduinobot_interfaces/arduinobot_interfaces/msg/rosidl_typesupport_introspection_c__visibility_control.h
[1.733s] -- Up-to-date: /home/marcos/arduinobot_ws/install/arduinobot_interfaces/include/arduinobot_interfaces/arduinobot_interfaces/srv
[1.733s] -- Up-to-date: /home/marcos/arduinobot_ws/install/arduinobot_interfaces/include/arduinobot_interfaces/arduinobot_interfaces/srv/detail
[1.733s] -- Up-to-date: /home/marcos/arduinobot_ws/install/arduinobot_interfaces/include/arduinobot_interfaces/arduinobot_interfaces/srv/detail/euler_to_quaternion__type_support.c
[1.733s] -- Up-to-date: /home/marcos/arduinobot_ws/install/arduinobot_interfaces/include/arduinobot_interfaces/arduinobot_interfaces/srv/detail/euler_to_quaternion__rosidl_typesupport_introspection_c.h
[1.733s] -- Up-to-date: /home/marcos/arduinobot_ws/install/arduinobot_interfaces/include/arduinobot_interfaces/arduinobot_interfaces/srv/detail/quaternion_to_euler__type_support.c
[1.733s] -- Up-to-date: /home/marcos/arduinobot_ws/install/arduinobot_interfaces/include/arduinobot_interfaces/arduinobot_interfaces/srv/detail/quaternion_to_euler__rosidl_typesupport_introspection_c.h
[1.734s] -- Up-to-date: /home/marcos/arduinobot_ws/install/arduinobot_interfaces/lib/libarduinobot_interfaces__rosidl_typesupport_introspection_c.so
[1.734s] -- Up-to-date: /home/marcos/arduinobot_ws/install/arduinobot_interfaces/lib/libarduinobot_interfaces__rosidl_typesupport_c.so
[1.736s] -- Up-to-date: /home/marcos/arduinobot_ws/install/arduinobot_interfaces/include/arduinobot_interfaces/arduinobot_interfaces
[1.736s] -- Up-to-date: /home/marcos/arduinobot_ws/install/arduinobot_interfaces/include/arduinobot_interfaces/arduinobot_interfaces/srv
[1.736s] -- Up-to-date: /home/marcos/arduinobot_ws/install/arduinobot_interfaces/include/arduinobot_interfaces/arduinobot_interfaces/srv/quaternion_to_euler.hpp
[1.736s] -- Up-to-date: /home/marcos/arduinobot_ws/install/arduinobot_interfaces/include/arduinobot_interfaces/arduinobot_interfaces/srv/detail
[1.736s] -- Up-to-date: /home/marcos/arduinobot_ws/install/arduinobot_interfaces/include/arduinobot_interfaces/arduinobot_interfaces/srv/detail/quaternion_to_euler__traits.hpp
[1.736s] -- Up-to-date: /home/marcos/arduinobot_ws/install/arduinobot_interfaces/include/arduinobot_interfaces/arduinobot_interfaces/srv/detail/euler_to_quaternion__struct.hpp
[1.736s] -- Up-to-date: /home/marcos/arduinobot_ws/install/arduinobot_interfaces/include/arduinobot_interfaces/arduinobot_interfaces/srv/detail/euler_to_quaternion__traits.hpp
[1.736s] -- Up-to-date: /home/marcos/arduinobot_ws/install/arduinobot_interfaces/include/arduinobot_interfaces/arduinobot_interfaces/srv/detail/euler_to_quaternion__builder.hpp
[1.736s] -- Up-to-date: /home/marcos/arduinobot_ws/install/arduinobot_interfaces/include/arduinobot_interfaces/arduinobot_interfaces/srv/detail/quaternion_to_euler__builder.hpp
[1.736s] -- Up-to-date: /home/marcos/arduinobot_ws/install/arduinobot_interfaces/include/arduinobot_interfaces/arduinobot_interfaces/srv/detail/quaternion_to_euler__struct.hpp
[1.736s] -- Up-to-date: /home/marcos/arduinobot_ws/install/arduinobot_interfaces/include/arduinobot_interfaces/arduinobot_interfaces/srv/euler_to_quaternion.hpp
[1.736s] -- Up-to-date: /home/marcos/arduinobot_ws/install/arduinobot_interfaces/include/arduinobot_interfaces/arduinobot_interfaces
[1.736s] -- Up-to-date: /home/marcos/arduinobot_ws/install/arduinobot_interfaces/include/arduinobot_interfaces/arduinobot_interfaces/msg
[1.736s] -- Up-to-date: /home/marcos/arduinobot_ws/install/arduinobot_interfaces/include/arduinobot_interfaces/arduinobot_interfaces/msg/rosidl_typesupport_fastrtps_cpp__visibility_control.h
[1.736s] -- Up-to-date: /home/marcos/arduinobot_ws/install/arduinobot_interfaces/include/arduinobot_interfaces/arduinobot_interfaces/srv
[1.736s] -- Up-to-date: /home/marcos/arduinobot_ws/install/arduinobot_interfaces/include/arduinobot_interfaces/arduinobot_interfaces/srv/detail
[1.736s] -- Up-to-date: /home/marcos/arduinobot_ws/install/arduinobot_interfaces/include/arduinobot_interfaces/arduinobot_interfaces/srv/detail/dds_fastrtps
[1.736s] -- Up-to-date: /home/marcos/arduinobot_ws/install/arduinobot_interfaces/include/arduinobot_interfaces/arduinobot_interfaces/srv/detail/quaternion_to_euler__rosidl_typesupport_fastrtps_cpp.hpp
[1.736s] -- Up-to-date: /home/marcos/arduinobot_ws/install/arduinobot_interfaces/include/arduinobot_interfaces/arduinobot_interfaces/srv/detail/euler_to_quaternion__rosidl_typesupport_fastrtps_cpp.hpp
[1.737s] -- Up-to-date: /home/marcos/arduinobot_ws/install/arduinobot_interfaces/lib/libarduinobot_interfaces__rosidl_typesupport_fastrtps_cpp.so
[1.737s] -- Up-to-date: /home/marcos/arduinobot_ws/install/arduinobot_interfaces/include/arduinobot_interfaces/arduinobot_interfaces
[1.737s] -- Up-to-date: /home/marcos/arduinobot_ws/install/arduinobot_interfaces/include/arduinobot_interfaces/arduinobot_interfaces/srv
[1.737s] -- Up-to-date: /home/marcos/arduinobot_ws/install/arduinobot_interfaces/include/arduinobot_interfaces/arduinobot_interfaces/srv/detail
[1.737s] -- Up-to-date: /home/marcos/arduinobot_ws/install/arduinobot_interfaces/include/arduinobot_interfaces/arduinobot_interfaces/srv/detail/euler_to_quaternion__rosidl_typesupport_introspection_cpp.hpp
[1.738s] -- Up-to-date: /home/marcos/arduinobot_ws/install/arduinobot_interfaces/include/arduinobot_interfaces/arduinobot_interfaces/srv/detail/quaternion_to_euler__rosidl_typesupport_introspection_cpp.hpp
[1.738s] -- Up-to-date: /home/marcos/arduinobot_ws/install/arduinobot_interfaces/include/arduinobot_interfaces/arduinobot_interfaces/srv/detail/euler_to_quaternion__type_support.cpp
[1.738s] -- Up-to-date: /home/marcos/arduinobot_ws/install/arduinobot_interfaces/include/arduinobot_interfaces/arduinobot_interfaces/srv/detail/quaternion_to_euler__type_support.cpp
[1.738s] -- Up-to-date: /home/marcos/arduinobot_ws/install/arduinobot_interfaces/lib/libarduinobot_interfaces__rosidl_typesupport_introspection_cpp.so
[1.738s] -- Up-to-date: /home/marcos/arduinobot_ws/install/arduinobot_interfaces/lib/libarduinobot_interfaces__rosidl_typesupport_cpp.so
[1.739s] -- Up-to-date: /home/marcos/arduinobot_ws/install/arduinobot_interfaces/share/arduinobot_interfaces/environment/pythonpath.sh
[1.740s] -- Up-to-date: /home/marcos/arduinobot_ws/install/arduinobot_interfaces/share/arduinobot_interfaces/environment/pythonpath.dsv
[1.740s] -- Up-to-date: /home/marcos/arduinobot_ws/install/arduinobot_interfaces/local/lib/python3.10/dist-packages/arduinobot_interfaces-0.0.0-py3.10.egg-info
[1.741s] -- Installing: /home/marcos/arduinobot_ws/install/arduinobot_interfaces/local/lib/python3.10/dist-packages/arduinobot_interfaces-0.0.0-py3.10.egg-info/PKG-INFO
[1.741s] -- Installing: /home/marcos/arduinobot_ws/install/arduinobot_interfaces/local/lib/python3.10/dist-packages/arduinobot_interfaces-0.0.0-py3.10.egg-info/dependency_links.txt
[1.741s] -- Installing: /home/marcos/arduinobot_ws/install/arduinobot_interfaces/local/lib/python3.10/dist-packages/arduinobot_interfaces-0.0.0-py3.10.egg-info/SOURCES.txt
[1.741s] -- Installing: /home/marcos/arduinobot_ws/install/arduinobot_interfaces/local/lib/python3.10/dist-packages/arduinobot_interfaces-0.0.0-py3.10.egg-info/top_level.txt
[1.741s] -- Up-to-date: /home/marcos/arduinobot_ws/install/arduinobot_interfaces/local/lib/python3.10/dist-packages/arduinobot_interfaces
[1.741s] -- Up-to-date: /home/marcos/arduinobot_ws/install/arduinobot_interfaces/local/lib/python3.10/dist-packages/arduinobot_interfaces/arduinobot_interfaces_s__rosidl_typesupport_fastrtps_c.cpython-310-x86_64-linux-gnu.so
[1.741s] -- Up-to-date: /home/marcos/arduinobot_ws/install/arduinobot_interfaces/local/lib/python3.10/dist-packages/arduinobot_interfaces/srv
[1.741s] -- Up-to-date: /home/marcos/arduinobot_ws/install/arduinobot_interfaces/local/lib/python3.10/dist-packages/arduinobot_interfaces/srv/_quaternion_to_euler.py
[1.741s] -- Up-to-date: /home/marcos/arduinobot_ws/install/arduinobot_interfaces/local/lib/python3.10/dist-packages/arduinobot_interfaces/srv/_euler_to_quaternion_s.c
[1.741s] -- Up-to-date: /home/marcos/arduinobot_ws/install/arduinobot_interfaces/local/lib/python3.10/dist-packages/arduinobot_interfaces/srv/_quaternion_to_euler_s.c
[1.741s] -- Up-to-date: /home/marcos/arduinobot_ws/install/arduinobot_interfaces/local/lib/python3.10/dist-packages/arduinobot_interfaces/srv/__init__.py
[1.741s] -- Up-to-date: /home/marcos/arduinobot_ws/install/arduinobot_interfaces/local/lib/python3.10/dist-packages/arduinobot_interfaces/srv/_euler_to_quaternion.py
[1.741s] -- Up-to-date: /home/marcos/arduinobot_ws/install/arduinobot_interfaces/local/lib/python3.10/dist-packages/arduinobot_interfaces/_arduinobot_interfaces_s.ep.rosidl_typesupport_introspection_c.c
[1.741s] -- Up-to-date: /home/marcos/arduinobot_ws/install/arduinobot_interfaces/local/lib/python3.10/dist-packages/arduinobot_interfaces/__init__.py
[1.741s] -- Up-to-date: /home/marcos/arduinobot_ws/install/arduinobot_interfaces/local/lib/python3.10/dist-packages/arduinobot_interfaces/_arduinobot_interfaces_s.ep.rosidl_typesupport_fastrtps_c.c
[1.741s] -- Up-to-date: /home/marcos/arduinobot_ws/install/arduinobot_interfaces/local/lib/python3.10/dist-packages/arduinobot_interfaces/arduinobot_interfaces_s__rosidl_typesupport_c.cpython-310-x86_64-linux-gnu.so
[1.741s] -- Up-to-date: /home/marcos/arduinobot_ws/install/arduinobot_interfaces/local/lib/python3.10/dist-packages/arduinobot_interfaces/libarduinobot_interfaces__rosidl_generator_py.so
[1.741s] -- Up-to-date: /home/marcos/arduinobot_ws/install/arduinobot_interfaces/local/lib/python3.10/dist-packages/arduinobot_interfaces/arduinobot_interfaces_s__rosidl_typesupport_introspection_c.cpython-310-x86_64-linux-gnu.so
[1.741s] -- Up-to-date: /home/marcos/arduinobot_ws/install/arduinobot_interfaces/local/lib/python3.10/dist-packages/arduinobot_interfaces/_arduinobot_interfaces_s.ep.rosidl_typesupport_c.c
[1.807s] Listing '/home/marcos/arduinobot_ws/install/arduinobot_interfaces/local/lib/python3.10/dist-packages/arduinobot_interfaces'...
[1.807s] Listing '/home/marcos/arduinobot_ws/install/arduinobot_interfaces/local/lib/python3.10/dist-packages/arduinobot_interfaces/srv'...
[1.814s] -- Up-to-date: /home/marcos/arduinobot_ws/install/arduinobot_interfaces/local/lib/python3.10/dist-packages/arduinobot_interfaces/arduinobot_interfaces_s__rosidl_typesupport_fastrtps_c.cpython-310-x86_64-linux-gnu.so
[1.814s] -- Up-to-date: /home/marcos/arduinobot_ws/install/arduinobot_interfaces/local/lib/python3.10/dist-packages/arduinobot_interfaces/arduinobot_interfaces_s__rosidl_typesupport_introspection_c.cpython-310-x86_64-linux-gnu.so
[1.814s] -- Up-to-date: /home/marcos/arduinobot_ws/install/arduinobot_interfaces/local/lib/python3.10/dist-packages/arduinobot_interfaces/arduinobot_interfaces_s__rosidl_typesupport_c.cpython-310-x86_64-linux-gnu.so
[1.817s] -- Up-to-date: /home/marcos/arduinobot_ws/install/arduinobot_interfaces/lib/libarduinobot_interfaces__rosidl_generator_py.so
[1.817s] -- Up-to-date: /home/marcos/arduinobot_ws/install/arduinobot_interfaces/share/arduinobot_interfaces/srv/EulerToQuaternion.idl
[1.817s] -- Up-to-date: /home/marcos/arduinobot_ws/install/arduinobot_interfaces/share/arduinobot_interfaces/srv/QuaternionToEuler.idl
[1.817s] -- Up-to-date: /home/marcos/arduinobot_ws/install/arduinobot_interfaces/share/arduinobot_interfaces/srv/EulerToQuaternion.srv
[1.817s] -- Up-to-date: /home/marcos/arduinobot_ws/install/arduinobot_interfaces/share/arduinobot_interfaces/srv/EulerToQuaternion_Request.msg
[1.817s] -- Up-to-date: /home/marcos/arduinobot_ws/install/arduinobot_interfaces/share/arduinobot_interfaces/srv/EulerToQuaternion_Response.msg
[1.817s] -- Up-to-date: /home/marcos/arduinobot_ws/install/arduinobot_interfaces/share/arduinobot_interfaces/srv/QuaternionToEuler.srv
[1.817s] -- Up-to-date: /home/marcos/arduinobot_ws/install/arduinobot_interfaces/share/arduinobot_interfaces/srv/QuaternionToEuler_Request.msg
[1.817s] -- Up-to-date: /home/marcos/arduinobot_ws/install/arduinobot_interfaces/share/arduinobot_interfaces/srv/QuaternionToEuler_Response.msg
[1.817s] -- Up-to-date: /home/marcos/arduinobot_ws/install/arduinobot_interfaces/share/ament_index/resource_index/package_run_dependencies/arduinobot_interfaces
[1.817s] -- Up-to-date: /home/marcos/arduinobot_ws/install/arduinobot_interfaces/share/ament_index/resource_index/parent_prefix_path/arduinobot_interfaces
[1.817s] -- Up-to-date: /home/marcos/arduinobot_ws/install/arduinobot_interfaces/share/arduinobot_interfaces/environment/ament_prefix_path.sh
[1.817s] -- Up-to-date: /home/marcos/arduinobot_ws/install/arduinobot_interfaces/share/arduinobot_interfaces/environment/ament_prefix_path.dsv
[1.817s] -- Up-to-date: /home/marcos/arduinobot_ws/install/arduinobot_interfaces/share/arduinobot_interfaces/environment/path.sh
[1.817s] -- Up-to-date: /home/marcos/arduinobot_ws/install/arduinobot_interfaces/share/arduinobot_interfaces/environment/path.dsv
[1.817s] -- Up-to-date: /home/marcos/arduinobot_ws/install/arduinobot_interfaces/share/arduinobot_interfaces/local_setup.bash
[1.817s] -- Up-to-date: /home/marcos/arduinobot_ws/install/arduinobot_interfaces/share/arduinobot_interfaces/local_setup.sh
[1.817s] -- Up-to-date: /home/marcos/arduinobot_ws/install/arduinobot_interfaces/share/arduinobot_interfaces/local_setup.zsh
[1.821s] -- Up-to-date: /home/marcos/arduinobot_ws/install/arduinobot_interfaces/share/arduinobot_interfaces/local_setup.dsv
[1.822s] -- Installing: /home/marcos/arduinobot_ws/install/arduinobot_interfaces/share/arduinobot_interfaces/package.dsv
[1.822s] -- Up-to-date: /home/marcos/arduinobot_ws/install/arduinobot_interfaces/share/ament_index/resource_index/packages/arduinobot_interfaces
[1.822s] -- Up-to-date: /home/marcos/arduinobot_ws/install/arduinobot_interfaces/share/arduinobot_interfaces/cmake/export_arduinobot_interfaces__rosidl_generator_cExport.cmake
[1.822s] -- Up-to-date: /home/marcos/arduinobot_ws/install/arduinobot_interfaces/share/arduinobot_interfaces/cmake/export_arduinobot_interfaces__rosidl_generator_cExport-noconfig.cmake
[1.822s] -- Up-to-date: /home/marcos/arduinobot_ws/install/arduinobot_interfaces/share/arduinobot_interfaces/cmake/export_arduinobot_interfaces__rosidl_typesupport_fastrtps_cExport.cmake
[1.822s] -- Up-to-date: /home/marcos/arduinobot_ws/install/arduinobot_interfaces/share/arduinobot_interfaces/cmake/export_arduinobot_interfaces__rosidl_typesupport_fastrtps_cExport-noconfig.cmake
[1.822s] -- Up-to-date: /home/marcos/arduinobot_ws/install/arduinobot_interfaces/share/arduinobot_interfaces/cmake/arduinobot_interfaces__rosidl_typesupport_introspection_cExport.cmake
[1.822s] -- Up-to-date: /home/marcos/arduinobot_ws/install/arduinobot_interfaces/share/arduinobot_interfaces/cmake/arduinobot_interfaces__rosidl_typesupport_introspection_cExport-noconfig.cmake
[1.823s] -- Up-to-date: /home/marcos/arduinobot_ws/install/arduinobot_interfaces/share/arduinobot_interfaces/cmake/arduinobot_interfaces__rosidl_typesupport_cExport.cmake
[1.823s] -- Up-to-date: /home/marcos/arduinobot_ws/install/arduinobot_interfaces/share/arduinobot_interfaces/cmake/arduinobot_interfaces__rosidl_typesupport_cExport-noconfig.cmake
[1.823s] -- Up-to-date: /home/marcos/arduinobot_ws/install/arduinobot_interfaces/share/arduinobot_interfaces/cmake/export_arduinobot_interfaces__rosidl_generator_cppExport.cmake
[1.823s] -- Up-to-date: /home/marcos/arduinobot_ws/install/arduinobot_interfaces/share/arduinobot_interfaces/cmake/export_arduinobot_interfaces__rosidl_typesupport_fastrtps_cppExport.cmake
[1.823s] -- Up-to-date: /home/marcos/arduinobot_ws/install/arduinobot_interfaces/share/arduinobot_interfaces/cmake/export_arduinobot_interfaces__rosidl_typesupport_fastrtps_cppExport-noconfig.cmake
[1.823s] -- Up-to-date: /home/marcos/arduinobot_ws/install/arduinobot_interfaces/share/arduinobot_interfaces/cmake/arduinobot_interfaces__rosidl_typesupport_introspection_cppExport.cmake
[1.823s] -- Up-to-date: /home/marcos/arduinobot_ws/install/arduinobot_interfaces/share/arduinobot_interfaces/cmake/arduinobot_interfaces__rosidl_typesupport_introspection_cppExport-noconfig.cmake
[1.823s] -- Up-to-date: /home/marcos/arduinobot_ws/install/arduinobot_interfaces/share/arduinobot_interfaces/cmake/arduinobot_interfaces__rosidl_typesupport_cppExport.cmake
[1.827s] -- Up-to-date: /home/marcos/arduinobot_ws/install/arduinobot_interfaces/share/arduinobot_interfaces/cmake/arduinobot_interfaces__rosidl_typesupport_cppExport-noconfig.cmake
[1.827s] -- Up-to-date: /home/marcos/arduinobot_ws/install/arduinobot_interfaces/share/arduinobot_interfaces/cmake/export_arduinobot_interfaces__rosidl_generator_pyExport.cmake
[1.827s] -- Up-to-date: /home/marcos/arduinobot_ws/install/arduinobot_interfaces/share/arduinobot_interfaces/cmake/export_arduinobot_interfaces__rosidl_generator_pyExport-noconfig.cmake
[1.827s] -- Up-to-date: /home/marcos/arduinobot_ws/install/arduinobot_interfaces/share/arduinobot_interfaces/cmake/rosidl_cmake-extras.cmake
[1.827s] -- Up-to-date: /home/marcos/arduinobot_ws/install/arduinobot_interfaces/share/arduinobot_interfaces/cmake/ament_cmake_export_include_directories-extras.cmake
[1.827s] -- Up-to-date: /home/marcos/arduinobot_ws/install/arduinobot_interfaces/share/arduinobot_interfaces/cmake/ament_cmake_export_libraries-extras.cmake
[1.827s] -- Up-to-date: /home/marcos/arduinobot_ws/install/arduinobot_interfaces/share/arduinobot_interfaces/cmake/ament_cmake_export_targets-extras.cmake
[1.827s] -- Up-to-date: /home/marcos/arduinobot_ws/install/arduinobot_interfaces/share/arduinobot_interfaces/cmake/rosidl_cmake_export_typesupport_targets-extras.cmake
[1.827s] -- Up-to-date: /home/marcos/arduinobot_ws/install/arduinobot_interfaces/share/arduinobot_interfaces/cmake/ament_cmake_export_dependencies-extras.cmake
[1.827s] -- Up-to-date: /home/marcos/arduinobot_ws/install/arduinobot_interfaces/share/arduinobot_interfaces/cmake/rosidl_cmake_export_typesupport_libraries-extras.cmake
[1.827s] -- Up-to-date: /home/marcos/arduinobot_ws/install/arduinobot_interfaces/share/arduinobot_interfaces/cmake/arduinobot_interfacesConfig.cmake
[1.827s] -- Up-to-date: /home/marcos/arduinobot_ws/install/arduinobot_interfaces/share/arduinobot_interfaces/cmake/arduinobot_interfacesConfig-version.cmake
[1.827s] -- Up-to-date: /home/marcos/arduinobot_ws/install/arduinobot_interfaces/share/arduinobot_interfaces/package.xml
[1.827s] Invoked command in '/home/marcos/arduinobot_ws/build/arduinobot_interfaces' returned '0': CMAKE_PREFIX_PATH=${CMAKE_PREFIX_PATH}:/home/marcos/ros2_ws/install/turtle_catch_them_all:/home/marcos/ros2_ws/install/my_py_pkg:/home/marcos/ros2_ws/install/exo1_py:/opt/ros/humble /usr/bin/cmake --install /home/marcos/arduinobot_ws/build/arduinobot_interfaces
