[0.018s] Invoking command in '/home/marcos/arduinobot_ws/build/arduinobot_controller': CMAKE_PREFIX_PATH=${CMAKE_PREFIX_PATH}:/home/marcos/arduinobot_ws/install/arduinobot_py_examples:/home/marcos/ros2_ws/install/turtle_catch_them_all:/home/marcos/ros2_ws/install/my_py_pkg:/home/marcos/ros2_ws/install/exo1_py:/opt/ros/humble /usr/bin/cmake --build /home/marcos/arduinobot_ws/build/arduinobot_controller -- -j2 -l2
[0.259s] -- Found ament_cmake: 1.3.10 (/opt/ros/humble/share/ament_cmake/cmake)
[0.643s] -- Found ament_lint_auto: 0.12.11 (/opt/ros/humble/share/ament_lint_auto/cmake)
[0.783s] -- Added test 'flake8' to check Python code syntax and style conventions
[0.785s] -- Added test 'lint_cmake' to check CMake code style
[0.789s] -- Added test 'pep257' to check Python code against some of the docstring style conventions in PEP 257
[0.792s] -- Added test 'xmllint' to check XML markup files
[0.799s] -- Configuring done
[0.813s] -- Generating done
[0.816s] -- Build files have been written to: /home/marcos/arduinobot_ws/build/arduinobot_controller
[0.894s] Invoked command in '/home/marcos/arduinobot_ws/build/arduinobot_controller' returned '0': CMAKE_PREFIX_PATH=${CMAKE_PREFIX_PATH}:/home/marcos/arduinobot_ws/install/arduinobot_py_examples:/home/marcos/ros2_ws/install/turtle_catch_them_all:/home/marcos/ros2_ws/install/my_py_pkg:/home/marcos/ros2_ws/install/exo1_py:/opt/ros/humble /usr/bin/cmake --build /home/marcos/arduinobot_ws/build/arduinobot_controller -- -j2 -l2
[0.932s] Invoking command in '/home/marcos/arduinobot_ws/build/arduinobot_controller': CMAKE_PREFIX_PATH=${CMAKE_PREFIX_PATH}:/home/marcos/arduinobot_ws/install/arduinobot_py_examples:/home/marcos/ros2_ws/install/turtle_catch_them_all:/home/marcos/ros2_ws/install/my_py_pkg:/home/marcos/ros2_ws/install/exo1_py:/opt/ros/humble /usr/bin/cmake --install /home/marcos/arduinobot_ws/build/arduinobot_controller
[0.938s] -- Install configuration: ""
[0.938s] -- Up-to-date: /home/marcos/arduinobot_ws/install/arduinobot_controller/share/arduinobot_controller/config
[0.938s] -- Up-to-date: /home/marcos/arduinobot_ws/install/arduinobot_controller/share/arduinobot_controller/config/arduinobot_controllers.yaml
[0.938s] -- Installing: /home/marcos/arduinobot_ws/install/arduinobot_controller/share/arduinobot_controller/launch
[0.939s] -- Installing: /home/marcos/arduinobot_ws/install/arduinobot_controller/share/arduinobot_controller/launch/controller.launch.py
[0.939s] -- Installing: /home/marcos/arduinobot_ws/install/arduinobot_controller/share/ament_index/resource_index/package_run_dependencies/arduinobot_controller
[0.941s] -- Installing: /home/marcos/arduinobot_ws/install/arduinobot_controller/share/ament_index/resource_index/parent_prefix_path/arduinobot_controller
[0.941s] -- Up-to-date: /home/marcos/arduinobot_ws/install/arduinobot_controller/share/arduinobot_controller/environment/ament_prefix_path.sh
[0.941s] -- Installing: /home/marcos/arduinobot_ws/install/arduinobot_controller/share/arduinobot_controller/environment/ament_prefix_path.dsv
[0.941s] -- Up-to-date: /home/marcos/arduinobot_ws/install/arduinobot_controller/share/arduinobot_controller/environment/path.sh
[0.941s] -- Installing: /home/marcos/arduinobot_ws/install/arduinobot_controller/share/arduinobot_controller/environment/path.dsv
[0.942s] -- Up-to-date: /home/marcos/arduinobot_ws/install/arduinobot_controller/share/arduinobot_controller/local_setup.bash
[0.942s] -- Up-to-date: /home/marcos/arduinobot_ws/install/arduinobot_controller/share/arduinobot_controller/local_setup.sh
[0.942s] -- Up-to-date: /home/marcos/arduinobot_ws/install/arduinobot_controller/share/arduinobot_controller/local_setup.zsh
[0.942s] -- Installing: /home/marcos/arduinobot_ws/install/arduinobot_controller/share/arduinobot_controller/local_setup.dsv
[0.943s] -- Installing: /home/marcos/arduinobot_ws/install/arduinobot_controller/share/arduinobot_controller/package.dsv
[0.943s] -- Up-to-date: /home/marcos/arduinobot_ws/install/arduinobot_controller/share/ament_index/resource_index/packages/arduinobot_controller
[0.943s] -- Up-to-date: /home/marcos/arduinobot_ws/install/arduinobot_controller/share/arduinobot_controller/cmake/arduinobot_controllerConfig.cmake
[0.944s] -- Up-to-date: /home/marcos/arduinobot_ws/install/arduinobot_controller/share/arduinobot_controller/cmake/arduinobot_controllerConfig-version.cmake
[0.944s] -- Installing: /home/marcos/arduinobot_ws/install/arduinobot_controller/share/arduinobot_controller/package.xml
[0.957s] Invoked command in '/home/marcos/arduinobot_ws/build/arduinobot_controller' returned '0': CMAKE_PREFIX_PATH=${CMAKE_PREFIX_PATH}:/home/marcos/arduinobot_ws/install/arduinobot_py_examples:/home/marcos/ros2_ws/install/turtle_catch_them_all:/home/marcos/ros2_ws/install/my_py_pkg:/home/marcos/ros2_ws/install/exo1_py:/opt/ros/humble /usr/bin/cmake --install /home/marcos/arduinobot_ws/build/arduinobot_controller
