[0.009s] Invoking command in '/home/marcos/arduinobot_ws/build/arduinobot_utils': CMAKE_PREFIX_PATH=${CMAKE_PREFIX_PATH}:/home/marcos/ros2_ws/install/turtle_catch_them_all:/home/marcos/ros2_ws/install/my_py_pkg:/home/marcos/ros2_ws/install/exo1_py:/opt/ros/humble /usr/bin/cmake /home/marcos/arduinobot_ws/src/arduinobot_utils -DCMAKE_INSTALL_PREFIX=/home/marcos/arduinobot_ws/install/arduinobot_utils
[0.233s] -- The C compiler identification is GNU 11.4.0
[0.449s] -- The CXX compiler identification is GNU 11.4.0
[0.465s] -- Detecting C compiler ABI info
[0.564s] -- Detecting C compiler ABI info - done
[0.574s] -- Check for working C compiler: /usr/bin/cc - skipped
[0.575s] -- Detecting C compile features
[0.578s] -- Detecting C compile features - done
[0.586s] -- Detecting CXX compiler ABI info
[0.694s] -- Detecting CXX compiler ABI info - done
[0.699s] -- Check for working CXX compiler: /usr/bin/c++ - skipped
[0.699s] -- Detecting CXX compile features
[0.700s] -- Detecting CXX compile features - done
[0.721s] -- Found ament_cmake: 1.3.10 (/opt/ros/humble/share/ament_cmake/cmake)
[0.943s] -- Found Python3: /usr/bin/python3 (found version "3.10.12") found components: Interpreter 
[1.183s] -- Found ament_lint_auto: 0.12.11 (/opt/ros/humble/share/ament_lint_auto/cmake)
[1.295s] -- Added test 'lint_cmake' to check CMake code style
[1.297s] -- Added test 'xmllint' to check XML markup files
[1.304s] -- Configuring done
[1.305s] -- Generating done
[1.305s] -- Build files have been written to: /home/marcos/arduinobot_ws/build/arduinobot_utils
[1.312s] Invoked command in '/home/marcos/arduinobot_ws/build/arduinobot_utils' returned '0': CMAKE_PREFIX_PATH=${CMAKE_PREFIX_PATH}:/home/marcos/ros2_ws/install/turtle_catch_them_all:/home/marcos/ros2_ws/install/my_py_pkg:/home/marcos/ros2_ws/install/exo1_py:/opt/ros/humble /usr/bin/cmake /home/marcos/arduinobot_ws/src/arduinobot_utils -DCMAKE_INSTALL_PREFIX=/home/marcos/arduinobot_ws/install/arduinobot_utils
[1.315s] Invoking command in '/home/marcos/arduinobot_ws/build/arduinobot_utils': CMAKE_PREFIX_PATH=${CMAKE_PREFIX_PATH}:/home/marcos/ros2_ws/install/turtle_catch_them_all:/home/marcos/ros2_ws/install/my_py_pkg:/home/marcos/ros2_ws/install/exo1_py:/opt/ros/humble /usr/bin/cmake --build /home/marcos/arduinobot_ws/build/arduinobot_utils -- -j2 -l2
[1.357s] Invoked command in '/home/marcos/arduinobot_ws/build/arduinobot_utils' returned '0': CMAKE_PREFIX_PATH=${CMAKE_PREFIX_PATH}:/home/marcos/ros2_ws/install/turtle_catch_them_all:/home/marcos/ros2_ws/install/my_py_pkg:/home/marcos/ros2_ws/install/exo1_py:/opt/ros/humble /usr/bin/cmake --build /home/marcos/arduinobot_ws/build/arduinobot_utils -- -j2 -l2
[1.382s] Invoking command in '/home/marcos/arduinobot_ws/build/arduinobot_utils': CMAKE_PREFIX_PATH=${CMAKE_PREFIX_PATH}:/home/marcos/ros2_ws/install/turtle_catch_them_all:/home/marcos/ros2_ws/install/my_py_pkg:/home/marcos/ros2_ws/install/exo1_py:/opt/ros/humble /usr/bin/cmake --install /home/marcos/arduinobot_ws/build/arduinobot_utils
[1.389s] -- Install configuration: ""
[1.389s] -- Installing: /home/marcos/arduinobot_ws/install/arduinobot_utils/share/ament_index/resource_index/package_run_dependencies/arduinobot_utils
[1.389s] -- Installing: /home/marcos/arduinobot_ws/install/arduinobot_utils/share/ament_index/resource_index/parent_prefix_path/arduinobot_utils
[1.391s] -- Installing: /home/marcos/arduinobot_ws/install/arduinobot_utils/share/arduinobot_utils/environment/ament_prefix_path.sh
[1.391s] -- Installing: /home/marcos/arduinobot_ws/install/arduinobot_utils/share/arduinobot_utils/environment/ament_prefix_path.dsv
[1.391s] -- Installing: /home/marcos/arduinobot_ws/install/arduinobot_utils/share/arduinobot_utils/environment/path.sh
[1.391s] -- Installing: /home/marcos/arduinobot_ws/install/arduinobot_utils/share/arduinobot_utils/environment/path.dsv
[1.391s] -- Installing: /home/marcos/arduinobot_ws/install/arduinobot_utils/share/arduinobot_utils/local_setup.bash
[1.391s] -- Installing: /home/marcos/arduinobot_ws/install/arduinobot_utils/share/arduinobot_utils/local_setup.sh
[1.391s] -- Installing: /home/marcos/arduinobot_ws/install/arduinobot_utils/share/arduinobot_utils/local_setup.zsh
[1.391s] -- Installing: /home/marcos/arduinobot_ws/install/arduinobot_utils/share/arduinobot_utils/local_setup.dsv
[1.391s] -- Installing: /home/marcos/arduinobot_ws/install/arduinobot_utils/share/arduinobot_utils/package.dsv
[1.392s] -- Installing: /home/marcos/arduinobot_ws/install/arduinobot_utils/share/ament_index/resource_index/packages/arduinobot_utils
[1.392s] -- Installing: /home/marcos/arduinobot_ws/install/arduinobot_utils/share/arduinobot_utils/cmake/arduinobot_utilsConfig.cmake
[1.392s] -- Installing: /home/marcos/arduinobot_ws/install/arduinobot_utils/share/arduinobot_utils/cmake/arduinobot_utilsConfig-version.cmake
[1.393s] -- Installing: /home/marcos/arduinobot_ws/install/arduinobot_utils/share/arduinobot_utils/package.xml
[1.395s] Invoked command in '/home/marcos/arduinobot_ws/build/arduinobot_utils' returned '0': CMAKE_PREFIX_PATH=${CMAKE_PREFIX_PATH}:/home/marcos/ros2_ws/install/turtle_catch_them_all:/home/marcos/ros2_ws/install/my_py_pkg:/home/marcos/ros2_ws/install/exo1_py:/opt/ros/humble /usr/bin/cmake --install /home/marcos/arduinobot_ws/build/arduinobot_utils
