-- The C compiler identification is GNU 11.4.0
-- The CXX compiler identification is GNU 11.4.0
-- Detecting C compiler ABI info
-- Detecting C compiler ABI info - done
-- Check for working C compiler: /usr/bin/cc - skipped
-- Detecting C compile features
-- Detecting C compile features - done
-- Detecting CXX compiler ABI info
-- Detecting CXX compiler ABI info - done
-- Check for working CXX compiler: /usr/bin/c++ - skipped
-- Detecting CXX compile features
-- Detecting CXX compile features - done
-- Found ament_cmake: 1.3.10 (/opt/ros/humble/share/ament_cmake/cmake)
-- Found Python3: /usr/bin/python3 (found version "3.10.12") found components: Interpreter 
-- Found rosidl_default_generators: 1.2.0 (/opt/ros/humble/share/rosidl_default_generators/cmake)
-- Using all available rosidl_typesupport_c: rosidl_typesupport_fastrtps_c;rosidl_typesupport_introspection_c
-- Found rosidl_adapter: 3.1.5 (/opt/ros/humble/share/rosidl_adapter/cmake)
-- Using all available rosidl_typesupport_cpp: rosidl_typesupport_fastrtps_cpp;rosidl_typesupport_introspection_cpp
-- Found ament_cmake_ros: 0.10.0 (/opt/ros/humble/share/ament_cmake_ros/cmake)
-- Using all available rosidl_typesupport_c: rosidl_typesupport_fastrtps_c;rosidl_typesupport_introspection_c
-- Using all available rosidl_typesupport_cpp: rosidl_typesupport_fastrtps_cpp;rosidl_typesupport_introspection_cpp
-- Found PythonInterp: /usr/bin/python3 (found suitable version "3.10.12", minimum required is "3.6") 
-- Found python_cmake_module: 0.10.0 (/opt/ros/humble/share/python_cmake_module/cmake)
-- Found PythonLibs: /usr/lib/x86_64-linux-gnu/libpython3.10.so (found suitable version "3.10.12", minimum required is "3.5") 
-- Using PYTHON_EXECUTABLE: /usr/bin/python3
-- Using PYTHON_INCLUDE_DIRS: /usr/include/python3.10
-- Using PYTHON_LIBRARIES: /usr/lib/x86_64-linux-gnu/libpython3.10.so
-- Found PythonExtra: .so  
-- Configuring done
-- Generating done
-- Build files have been written to: /home/marcos/arduinobot_ws/src/build/arduinobot_interfaces
[  2%] [34m[1mGenerating C++ code for ROS interfaces[0m
[  2%] Built target arduinobot_interfaces__cpp
[  5%] [34m[1mGenerating C code for ROS interfaces[0m
[  7%] [32mBuilding C object CMakeFiles/arduinobot_interfaces__rosidl_generator_c.dir/rosidl_generator_c/arduinobot_interfaces/srv/detail/euler_to_quaternion__functions.c.o[0m
[ 10%] [32mBuilding C object CMakeFiles/arduinobot_interfaces__rosidl_generator_c.dir/rosidl_generator_c/arduinobot_interfaces/srv/detail/quaternion_to_euler__functions.c.o[0m
[ 12%] [32m[1mLinking C shared library libarduinobot_interfaces__rosidl_generator_c.so[0m
[ 12%] Built target arduinobot_interfaces__rosidl_generator_c
[ 12%] Built target ament_cmake_python_copy_arduinobot_interfaces
[ 15%] [34m[1mGenerating C++ type support dispatch for ROS interfaces[0m
[ 17%] [32mBuilding CXX object CMakeFiles/arduinobot_interfaces__rosidl_typesupport_cpp.dir/rosidl_typesupport_cpp/arduinobot_interfaces/srv/euler_to_quaternion__type_support.cpp.o[0m
[ 20%] [32mBuilding CXX object CMakeFiles/arduinobot_interfaces__rosidl_typesupport_cpp.dir/rosidl_typesupport_cpp/arduinobot_interfaces/srv/quaternion_to_euler__type_support.cpp.o[0m
[ 23%] [32m[1mLinking CXX shared library libarduinobot_interfaces__rosidl_typesupport_cpp.so[0m
[ 23%] Built target arduinobot_interfaces__rosidl_typesupport_cpp
[ 25%] [34m[1mGenerating C type support for eProsima Fast-RTPS[0m
[ 28%] [32mBuilding CXX object CMakeFiles/arduinobot_interfaces__rosidl_typesupport_fastrtps_c.dir/rosidl_typesupport_fastrtps_c/arduinobot_interfaces/srv/detail/euler_to_quaternion__type_support_c.cpp.o[0m
[ 30%] [32mBuilding CXX object CMakeFiles/arduinobot_interfaces__rosidl_typesupport_fastrtps_c.dir/rosidl_typesupport_fastrtps_c/arduinobot_interfaces/srv/detail/quaternion_to_euler__type_support_c.cpp.o[0m
[ 33%] [32m[1mLinking CXX shared library libarduinobot_interfaces__rosidl_typesupport_fastrtps_c.so[0m
[ 33%] Built target arduinobot_interfaces__rosidl_typesupport_fastrtps_c
[ 35%] [34m[1mGenerating C introspection for ROS interfaces[0m
[ 38%] [32mBuilding C object CMakeFiles/arduinobot_interfaces__rosidl_typesupport_introspection_c.dir/rosidl_typesupport_introspection_c/arduinobot_interfaces/srv/detail/euler_to_quaternion__type_support.c.o[0m
[ 41%] [32mBuilding C object CMakeFiles/arduinobot_interfaces__rosidl_typesupport_introspection_c.dir/rosidl_typesupport_introspection_c/arduinobot_interfaces/srv/detail/quaternion_to_euler__type_support.c.o[0m
[ 43%] [32m[1mLinking C shared library libarduinobot_interfaces__rosidl_typesupport_introspection_c.so[0m
[ 43%] Built target arduinobot_interfaces__rosidl_typesupport_introspection_c
[ 46%] [34m[1mGenerating C type support dispatch for ROS interfaces[0m
[ 48%] [32mBuilding CXX object CMakeFiles/arduinobot_interfaces__rosidl_typesupport_c.dir/rosidl_typesupport_c/arduinobot_interfaces/srv/euler_to_quaternion__type_support.cpp.o[0m
[ 51%] [32mBuilding CXX object CMakeFiles/arduinobot_interfaces__rosidl_typesupport_c.dir/rosidl_typesupport_c/arduinobot_interfaces/srv/quaternion_to_euler__type_support.cpp.o[0m
[ 53%] [32m[1mLinking CXX shared library libarduinobot_interfaces__rosidl_typesupport_c.so[0m
[ 53%] Built target arduinobot_interfaces__rosidl_typesupport_c
[ 56%] [34m[1mGenerating C++ type support for eProsima Fast-RTPS[0m
[ 58%] [32mBuilding CXX object CMakeFiles/arduinobot_interfaces__rosidl_typesupport_fastrtps_cpp.dir/rosidl_typesupport_fastrtps_cpp/arduinobot_interfaces/srv/detail/dds_fastrtps/euler_to_quaternion__type_support.cpp.o[0m
[ 61%] [32mBuilding CXX object CMakeFiles/arduinobot_interfaces__rosidl_typesupport_fastrtps_cpp.dir/rosidl_typesupport_fastrtps_cpp/arduinobot_interfaces/srv/detail/dds_fastrtps/quaternion_to_euler__type_support.cpp.o[0m
[ 64%] [32m[1mLinking CXX shared library libarduinobot_interfaces__rosidl_typesupport_fastrtps_cpp.so[0m
[ 64%] Built target arduinobot_interfaces__rosidl_typesupport_fastrtps_cpp
[ 66%] [34m[1mGenerating C++ introspection for ROS interfaces[0m
[ 69%] [32mBuilding CXX object CMakeFiles/arduinobot_interfaces__rosidl_typesupport_introspection_cpp.dir/rosidl_typesupport_introspection_cpp/arduinobot_interfaces/srv/detail/euler_to_quaternion__type_support.cpp.o[0m
[ 71%] [32mBuilding CXX object CMakeFiles/arduinobot_interfaces__rosidl_typesupport_introspection_cpp.dir/rosidl_typesupport_introspection_cpp/arduinobot_interfaces/srv/detail/quaternion_to_euler__type_support.cpp.o[0m
[ 74%] [32m[1mLinking CXX shared library libarduinobot_interfaces__rosidl_typesupport_introspection_cpp.so[0m
[ 74%] Built target arduinobot_interfaces__rosidl_typesupport_introspection_cpp
running egg_info
creating arduinobot_interfaces.egg-info
writing arduinobot_interfaces.egg-info/PKG-INFO
writing dependency_links to arduinobot_interfaces.egg-info/dependency_links.txt
writing top-level names to arduinobot_interfaces.egg-info/top_level.txt
writing manifest file 'arduinobot_interfaces.egg-info/SOURCES.txt'
reading manifest file 'arduinobot_interfaces.egg-info/SOURCES.txt'
writing manifest file 'arduinobot_interfaces.egg-info/SOURCES.txt'
[ 74%] Built target ament_cmake_python_build_arduinobot_interfaces_egg
[ 74%] Built target arduinobot_interfaces
[ 76%] [34m[1mGenerating Python code for ROS interfaces[0m
[ 76%] Built target arduinobot_interfaces__py
[ 79%] [32mBuilding C object CMakeFiles/arduinobot_interfaces__rosidl_generator_py.dir/rosidl_generator_py/arduinobot_interfaces/srv/_euler_to_quaternion_s.c.o[0m
[ 82%] [32mBuilding C object CMakeFiles/arduinobot_interfaces__rosidl_generator_py.dir/rosidl_generator_py/arduinobot_interfaces/srv/_quaternion_to_euler_s.c.o[0m
[ 84%] [32m[1mLinking C shared library rosidl_generator_py/arduinobot_interfaces/libarduinobot_interfaces__rosidl_generator_py.so[0m
[ 84%] Built target arduinobot_interfaces__rosidl_generator_py
[ 87%] [32mBuilding C object CMakeFiles/arduinobot_interfaces__rosidl_typesupport_fastrtps_c__pyext.dir/rosidl_generator_py/arduinobot_interfaces/_arduinobot_interfaces_s.ep.rosidl_typesupport_fastrtps_c.c.o[0m
[ 89%] [32m[1mLinking C shared library rosidl_generator_py/arduinobot_interfaces/arduinobot_interfaces_s__rosidl_typesupport_fastrtps_c.cpython-310-x86_64-linux-gnu.so[0m
[ 89%] Built target arduinobot_interfaces__rosidl_typesupport_fastrtps_c__pyext
[ 92%] [32mBuilding C object CMakeFiles/arduinobot_interfaces__rosidl_typesupport_introspection_c__pyext.dir/rosidl_generator_py/arduinobot_interfaces/_arduinobot_interfaces_s.ep.rosidl_typesupport_introspection_c.c.o[0m
[ 94%] [32m[1mLinking C shared library rosidl_generator_py/arduinobot_interfaces/arduinobot_interfaces_s__rosidl_typesupport_introspection_c.cpython-310-x86_64-linux-gnu.so[0m
[ 94%] Built target arduinobot_interfaces__rosidl_typesupport_introspection_c__pyext
[ 97%] [32mBuilding C object CMakeFiles/arduinobot_interfaces__rosidl_typesupport_c__pyext.dir/rosidl_generator_py/arduinobot_interfaces/_arduinobot_interfaces_s.ep.rosidl_typesupport_c.c.o[0m
[100%] [32m[1mLinking C shared library rosidl_generator_py/arduinobot_interfaces/arduinobot_interfaces_s__rosidl_typesupport_c.cpython-310-x86_64-linux-gnu.so[0m
[100%] Built target arduinobot_interfaces__rosidl_typesupport_c__pyext
-- Install configuration: ""
-- Installing: /home/marcos/arduinobot_ws/src/install/arduinobot_interfaces/share/ament_index/resource_index/rosidl_interfaces/arduinobot_interfaces
-- Installing: /home/marcos/arduinobot_ws/src/install/arduinobot_interfaces/include/arduinobot_interfaces/arduinobot_interfaces
-- Installing: /home/marcos/arduinobot_ws/src/install/arduinobot_interfaces/include/arduinobot_interfaces/arduinobot_interfaces/msg
-- Installing: /home/marcos/arduinobot_ws/src/install/arduinobot_interfaces/include/arduinobot_interfaces/arduinobot_interfaces/msg/rosidl_generator_c__visibility_control.h
-- Installing: /home/marcos/arduinobot_ws/src/install/arduinobot_interfaces/include/arduinobot_interfaces/arduinobot_interfaces/srv
-- Installing: /home/marcos/arduinobot_ws/src/install/arduinobot_interfaces/include/arduinobot_interfaces/arduinobot_interfaces/srv/quaternion_to_euler.h
-- Installing: /home/marcos/arduinobot_ws/src/install/arduinobot_interfaces/include/arduinobot_interfaces/arduinobot_interfaces/srv/detail
-- Installing: /home/marcos/arduinobot_ws/src/install/arduinobot_interfaces/include/arduinobot_interfaces/arduinobot_interfaces/srv/detail/quaternion_to_euler__type_support.h
-- Installing: /home/marcos/arduinobot_ws/src/install/arduinobot_interfaces/include/arduinobot_interfaces/arduinobot_interfaces/srv/detail/quaternion_to_euler__struct.h
-- Installing: /home/marcos/arduinobot_ws/src/install/arduinobot_interfaces/include/arduinobot_interfaces/arduinobot_interfaces/srv/detail/euler_to_quaternion__type_support.h
-- Installing: /home/marcos/arduinobot_ws/src/install/arduinobot_interfaces/include/arduinobot_interfaces/arduinobot_interfaces/srv/detail/euler_to_quaternion__struct.h
-- Installing: /home/marcos/arduinobot_ws/src/install/arduinobot_interfaces/include/arduinobot_interfaces/arduinobot_interfaces/srv/detail/quaternion_to_euler__functions.h
-- Installing: /home/marcos/arduinobot_ws/src/install/arduinobot_interfaces/include/arduinobot_interfaces/arduinobot_interfaces/srv/detail/quaternion_to_euler__functions.c
-- Installing: /home/marcos/arduinobot_ws/src/install/arduinobot_interfaces/include/arduinobot_interfaces/arduinobot_interfaces/srv/detail/euler_to_quaternion__functions.h
-- Installing: /home/marcos/arduinobot_ws/src/install/arduinobot_interfaces/include/arduinobot_interfaces/arduinobot_interfaces/srv/detail/euler_to_quaternion__functions.c
-- Installing: /home/marcos/arduinobot_ws/src/install/arduinobot_interfaces/include/arduinobot_interfaces/arduinobot_interfaces/srv/euler_to_quaternion.h
-- Installing: /home/marcos/arduinobot_ws/src/install/arduinobot_interfaces/share/arduinobot_interfaces/environment/library_path.sh
-- Installing: /home/marcos/arduinobot_ws/src/install/arduinobot_interfaces/share/arduinobot_interfaces/environment/library_path.dsv
-- Installing: /home/marcos/arduinobot_ws/src/install/arduinobot_interfaces/lib/libarduinobot_interfaces__rosidl_generator_c.so
-- Set runtime path of "/home/marcos/arduinobot_ws/src/install/arduinobot_interfaces/lib/libarduinobot_interfaces__rosidl_generator_c.so" to ""
-- Up-to-date: /home/marcos/arduinobot_ws/src/install/arduinobot_interfaces/include/arduinobot_interfaces/arduinobot_interfaces
-- Up-to-date: /home/marcos/arduinobot_ws/src/install/arduinobot_interfaces/include/arduinobot_interfaces/arduinobot_interfaces/msg
-- Installing: /home/marcos/arduinobot_ws/src/install/arduinobot_interfaces/include/arduinobot_interfaces/arduinobot_interfaces/msg/rosidl_typesupport_fastrtps_c__visibility_control.h
-- Up-to-date: /home/marcos/arduinobot_ws/src/install/arduinobot_interfaces/include/arduinobot_interfaces/arduinobot_interfaces/srv
-- Up-to-date: /home/marcos/arduinobot_ws/src/install/arduinobot_interfaces/include/arduinobot_interfaces/arduinobot_interfaces/srv/detail
-- Installing: /home/marcos/arduinobot_ws/src/install/arduinobot_interfaces/include/arduinobot_interfaces/arduinobot_interfaces/srv/detail/quaternion_to_euler__rosidl_typesupport_fastrtps_c.h
-- Installing: /home/marcos/arduinobot_ws/src/install/arduinobot_interfaces/include/arduinobot_interfaces/arduinobot_interfaces/srv/detail/euler_to_quaternion__rosidl_typesupport_fastrtps_c.h
-- Installing: /home/marcos/arduinobot_ws/src/install/arduinobot_interfaces/lib/libarduinobot_interfaces__rosidl_typesupport_fastrtps_c.so
-- Set runtime path of "/home/marcos/arduinobot_ws/src/install/arduinobot_interfaces/lib/libarduinobot_interfaces__rosidl_typesupport_fastrtps_c.so" to ""
-- Up-to-date: /home/marcos/arduinobot_ws/src/install/arduinobot_interfaces/include/arduinobot_interfaces/arduinobot_interfaces
-- Up-to-date: /home/marcos/arduinobot_ws/src/install/arduinobot_interfaces/include/arduinobot_interfaces/arduinobot_interfaces/msg
-- Installing: /home/marcos/arduinobot_ws/src/install/arduinobot_interfaces/include/arduinobot_interfaces/arduinobot_interfaces/msg/rosidl_typesupport_introspection_c__visibility_control.h
-- Up-to-date: /home/marcos/arduinobot_ws/src/install/arduinobot_interfaces/include/arduinobot_interfaces/arduinobot_interfaces/srv
-- Up-to-date: /home/marcos/arduinobot_ws/src/install/arduinobot_interfaces/include/arduinobot_interfaces/arduinobot_interfaces/srv/detail
-- Installing: /home/marcos/arduinobot_ws/src/install/arduinobot_interfaces/include/arduinobot_interfaces/arduinobot_interfaces/srv/detail/euler_to_quaternion__type_support.c
-- Installing: /home/marcos/arduinobot_ws/src/install/arduinobot_interfaces/include/arduinobot_interfaces/arduinobot_interfaces/srv/detail/euler_to_quaternion__rosidl_typesupport_introspection_c.h
-- Installing: /home/marcos/arduinobot_ws/src/install/arduinobot_interfaces/include/arduinobot_interfaces/arduinobot_interfaces/srv/detail/quaternion_to_euler__type_support.c
-- Installing: /home/marcos/arduinobot_ws/src/install/arduinobot_interfaces/include/arduinobot_interfaces/arduinobot_interfaces/srv/detail/quaternion_to_euler__rosidl_typesupport_introspection_c.h
-- Installing: /home/marcos/arduinobot_ws/src/install/arduinobot_interfaces/lib/libarduinobot_interfaces__rosidl_typesupport_introspection_c.so
-- Set runtime path of "/home/marcos/arduinobot_ws/src/install/arduinobot_interfaces/lib/libarduinobot_interfaces__rosidl_typesupport_introspection_c.so" to ""
-- Installing: /home/marcos/arduinobot_ws/src/install/arduinobot_interfaces/lib/libarduinobot_interfaces__rosidl_typesupport_c.so
-- Set runtime path of "/home/marcos/arduinobot_ws/src/install/arduinobot_interfaces/lib/libarduinobot_interfaces__rosidl_typesupport_c.so" to ""
-- Up-to-date: /home/marcos/arduinobot_ws/src/install/arduinobot_interfaces/include/arduinobot_interfaces/arduinobot_interfaces
-- Up-to-date: /home/marcos/arduinobot_ws/src/install/arduinobot_interfaces/include/arduinobot_interfaces/arduinobot_interfaces/srv
-- Installing: /home/marcos/arduinobot_ws/src/install/arduinobot_interfaces/include/arduinobot_interfaces/arduinobot_interfaces/srv/quaternion_to_euler.hpp
-- Up-to-date: /home/marcos/arduinobot_ws/src/install/arduinobot_interfaces/include/arduinobot_interfaces/arduinobot_interfaces/srv/detail
-- Installing: /home/marcos/arduinobot_ws/src/install/arduinobot_interfaces/include/arduinobot_interfaces/arduinobot_interfaces/srv/detail/quaternion_to_euler__traits.hpp
-- Installing: /home/marcos/arduinobot_ws/src/install/arduinobot_interfaces/include/arduinobot_interfaces/arduinobot_interfaces/srv/detail/euler_to_quaternion__struct.hpp
-- Installing: /home/marcos/arduinobot_ws/src/install/arduinobot_interfaces/include/arduinobot_interfaces/arduinobot_interfaces/srv/detail/euler_to_quaternion__traits.hpp
-- Installing: /home/marcos/arduinobot_ws/src/install/arduinobot_interfaces/include/arduinobot_interfaces/arduinobot_interfaces/srv/detail/euler_to_quaternion__builder.hpp
-- Installing: /home/marcos/arduinobot_ws/src/install/arduinobot_interfaces/include/arduinobot_interfaces/arduinobot_interfaces/srv/detail/quaternion_to_euler__builder.hpp
-- Installing: /home/marcos/arduinobot_ws/src/install/arduinobot_interfaces/include/arduinobot_interfaces/arduinobot_interfaces/srv/detail/quaternion_to_euler__struct.hpp
-- Installing: /home/marcos/arduinobot_ws/src/install/arduinobot_interfaces/include/arduinobot_interfaces/arduinobot_interfaces/srv/euler_to_quaternion.hpp
-- Up-to-date: /home/marcos/arduinobot_ws/src/install/arduinobot_interfaces/include/arduinobot_interfaces/arduinobot_interfaces
-- Up-to-date: /home/marcos/arduinobot_ws/src/install/arduinobot_interfaces/include/arduinobot_interfaces/arduinobot_interfaces/msg
-- Installing: /home/marcos/arduinobot_ws/src/install/arduinobot_interfaces/include/arduinobot_interfaces/arduinobot_interfaces/msg/rosidl_typesupport_fastrtps_cpp__visibility_control.h
-- Up-to-date: /home/marcos/arduinobot_ws/src/install/arduinobot_interfaces/include/arduinobot_interfaces/arduinobot_interfaces/srv
-- Up-to-date: /home/marcos/arduinobot_ws/src/install/arduinobot_interfaces/include/arduinobot_interfaces/arduinobot_interfaces/srv/detail
-- Installing: /home/marcos/arduinobot_ws/src/install/arduinobot_interfaces/include/arduinobot_interfaces/arduinobot_interfaces/srv/detail/dds_fastrtps
-- Installing: /home/marcos/arduinobot_ws/src/install/arduinobot_interfaces/include/arduinobot_interfaces/arduinobot_interfaces/srv/detail/quaternion_to_euler__rosidl_typesupport_fastrtps_cpp.hpp
-- Installing: /home/marcos/arduinobot_ws/src/install/arduinobot_interfaces/include/arduinobot_interfaces/arduinobot_interfaces/srv/detail/euler_to_quaternion__rosidl_typesupport_fastrtps_cpp.hpp
-- Installing: /home/marcos/arduinobot_ws/src/install/arduinobot_interfaces/lib/libarduinobot_interfaces__rosidl_typesupport_fastrtps_cpp.so
-- Set runtime path of "/home/marcos/arduinobot_ws/src/install/arduinobot_interfaces/lib/libarduinobot_interfaces__rosidl_typesupport_fastrtps_cpp.so" to ""
-- Up-to-date: /home/marcos/arduinobot_ws/src/install/arduinobot_interfaces/include/arduinobot_interfaces/arduinobot_interfaces
-- Up-to-date: /home/marcos/arduinobot_ws/src/install/arduinobot_interfaces/include/arduinobot_interfaces/arduinobot_interfaces/srv
-- Up-to-date: /home/marcos/arduinobot_ws/src/install/arduinobot_interfaces/include/arduinobot_interfaces/arduinobot_interfaces/srv/detail
-- Installing: /home/marcos/arduinobot_ws/src/install/arduinobot_interfaces/include/arduinobot_interfaces/arduinobot_interfaces/srv/detail/euler_to_quaternion__rosidl_typesupport_introspection_cpp.hpp
-- Installing: /home/marcos/arduinobot_ws/src/install/arduinobot_interfaces/include/arduinobot_interfaces/arduinobot_interfaces/srv/detail/quaternion_to_euler__rosidl_typesupport_introspection_cpp.hpp
-- Installing: /home/marcos/arduinobot_ws/src/install/arduinobot_interfaces/include/arduinobot_interfaces/arduinobot_interfaces/srv/detail/euler_to_quaternion__type_support.cpp
-- Installing: /home/marcos/arduinobot_ws/src/install/arduinobot_interfaces/include/arduinobot_interfaces/arduinobot_interfaces/srv/detail/quaternion_to_euler__type_support.cpp
-- Installing: /home/marcos/arduinobot_ws/src/install/arduinobot_interfaces/lib/libarduinobot_interfaces__rosidl_typesupport_introspection_cpp.so
-- Set runtime path of "/home/marcos/arduinobot_ws/src/install/arduinobot_interfaces/lib/libarduinobot_interfaces__rosidl_typesupport_introspection_cpp.so" to ""
-- Installing: /home/marcos/arduinobot_ws/src/install/arduinobot_interfaces/lib/libarduinobot_interfaces__rosidl_typesupport_cpp.so
-- Set runtime path of "/home/marcos/arduinobot_ws/src/install/arduinobot_interfaces/lib/libarduinobot_interfaces__rosidl_typesupport_cpp.so" to ""
-- Installing: /home/marcos/arduinobot_ws/src/install/arduinobot_interfaces/share/arduinobot_interfaces/environment/pythonpath.sh
-- Installing: /home/marcos/arduinobot_ws/src/install/arduinobot_interfaces/share/arduinobot_interfaces/environment/pythonpath.dsv
-- Installing: /home/marcos/arduinobot_ws/src/install/arduinobot_interfaces/local/lib/python3.10/dist-packages/arduinobot_interfaces-0.0.0-py3.10.egg-info
-- Installing: /home/marcos/arduinobot_ws/src/install/arduinobot_interfaces/local/lib/python3.10/dist-packages/arduinobot_interfaces-0.0.0-py3.10.egg-info/PKG-INFO
-- Installing: /home/marcos/arduinobot_ws/src/install/arduinobot_interfaces/local/lib/python3.10/dist-packages/arduinobot_interfaces-0.0.0-py3.10.egg-info/dependency_links.txt
-- Installing: /home/marcos/arduinobot_ws/src/install/arduinobot_interfaces/local/lib/python3.10/dist-packages/arduinobot_interfaces-0.0.0-py3.10.egg-info/SOURCES.txt
-- Installing: /home/marcos/arduinobot_ws/src/install/arduinobot_interfaces/local/lib/python3.10/dist-packages/arduinobot_interfaces-0.0.0-py3.10.egg-info/top_level.txt
-- Installing: /home/marcos/arduinobot_ws/src/install/arduinobot_interfaces/local/lib/python3.10/dist-packages/arduinobot_interfaces
-- Installing: /home/marcos/arduinobot_ws/src/install/arduinobot_interfaces/local/lib/python3.10/dist-packages/arduinobot_interfaces/arduinobot_interfaces_s__rosidl_typesupport_fastrtps_c.cpython-310-x86_64-linux-gnu.so
-- Installing: /home/marcos/arduinobot_ws/src/install/arduinobot_interfaces/local/lib/python3.10/dist-packages/arduinobot_interfaces/srv
-- Installing: /home/marcos/arduinobot_ws/src/install/arduinobot_interfaces/local/lib/python3.10/dist-packages/arduinobot_interfaces/srv/_quaternion_to_euler.py
-- Installing: /home/marcos/arduinobot_ws/src/install/arduinobot_interfaces/local/lib/python3.10/dist-packages/arduinobot_interfaces/srv/_euler_to_quaternion_s.c
-- Installing: /home/marcos/arduinobot_ws/src/install/arduinobot_interfaces/local/lib/python3.10/dist-packages/arduinobot_interfaces/srv/_quaternion_to_euler_s.c
-- Installing: /home/marcos/arduinobot_ws/src/install/arduinobot_interfaces/local/lib/python3.10/dist-packages/arduinobot_interfaces/srv/__init__.py
-- Installing: /home/marcos/arduinobot_ws/src/install/arduinobot_interfaces/local/lib/python3.10/dist-packages/arduinobot_interfaces/srv/_euler_to_quaternion.py
-- Installing: /home/marcos/arduinobot_ws/src/install/arduinobot_interfaces/local/lib/python3.10/dist-packages/arduinobot_interfaces/_arduinobot_interfaces_s.ep.rosidl_typesupport_introspection_c.c
-- Installing: /home/marcos/arduinobot_ws/src/install/arduinobot_interfaces/local/lib/python3.10/dist-packages/arduinobot_interfaces/__init__.py
-- Installing: /home/marcos/arduinobot_ws/src/install/arduinobot_interfaces/local/lib/python3.10/dist-packages/arduinobot_interfaces/_arduinobot_interfaces_s.ep.rosidl_typesupport_fastrtps_c.c
-- Installing: /home/marcos/arduinobot_ws/src/install/arduinobot_interfaces/local/lib/python3.10/dist-packages/arduinobot_interfaces/arduinobot_interfaces_s__rosidl_typesupport_c.cpython-310-x86_64-linux-gnu.so
-- Installing: /home/marcos/arduinobot_ws/src/install/arduinobot_interfaces/local/lib/python3.10/dist-packages/arduinobot_interfaces/libarduinobot_interfaces__rosidl_generator_py.so
-- Installing: /home/marcos/arduinobot_ws/src/install/arduinobot_interfaces/local/lib/python3.10/dist-packages/arduinobot_interfaces/arduinobot_interfaces_s__rosidl_typesupport_introspection_c.cpython-310-x86_64-linux-gnu.so
-- Installing: /home/marcos/arduinobot_ws/src/install/arduinobot_interfaces/local/lib/python3.10/dist-packages/arduinobot_interfaces/_arduinobot_interfaces_s.ep.rosidl_typesupport_c.c
Listing '/home/marcos/arduinobot_ws/src/install/arduinobot_interfaces/local/lib/python3.10/dist-packages/arduinobot_interfaces'...
Compiling '/home/marcos/arduinobot_ws/src/install/arduinobot_interfaces/local/lib/python3.10/dist-packages/arduinobot_interfaces/__init__.py'...
Listing '/home/marcos/arduinobot_ws/src/install/arduinobot_interfaces/local/lib/python3.10/dist-packages/arduinobot_interfaces/srv'...
Compiling '/home/marcos/arduinobot_ws/src/install/arduinobot_interfaces/local/lib/python3.10/dist-packages/arduinobot_interfaces/srv/__init__.py'...
Compiling '/home/marcos/arduinobot_ws/src/install/arduinobot_interfaces/local/lib/python3.10/dist-packages/arduinobot_interfaces/srv/_euler_to_quaternion.py'...
Compiling '/home/marcos/arduinobot_ws/src/install/arduinobot_interfaces/local/lib/python3.10/dist-packages/arduinobot_interfaces/srv/_quaternion_to_euler.py'...
-- Installing: /home/marcos/arduinobot_ws/src/install/arduinobot_interfaces/local/lib/python3.10/dist-packages/arduinobot_interfaces/arduinobot_interfaces_s__rosidl_typesupport_fastrtps_c.cpython-310-x86_64-linux-gnu.so
-- Set runtime path of "/home/marcos/arduinobot_ws/src/install/arduinobot_interfaces/local/lib/python3.10/dist-packages/arduinobot_interfaces/arduinobot_interfaces_s__rosidl_typesupport_fastrtps_c.cpython-310-x86_64-linux-gnu.so" to ""
-- Installing: /home/marcos/arduinobot_ws/src/install/arduinobot_interfaces/local/lib/python3.10/dist-packages/arduinobot_interfaces/arduinobot_interfaces_s__rosidl_typesupport_introspection_c.cpython-310-x86_64-linux-gnu.so
-- Set runtime path of "/home/marcos/arduinobot_ws/src/install/arduinobot_interfaces/local/lib/python3.10/dist-packages/arduinobot_interfaces/arduinobot_interfaces_s__rosidl_typesupport_introspection_c.cpython-310-x86_64-linux-gnu.so" to ""
-- Installing: /home/marcos/arduinobot_ws/src/install/arduinobot_interfaces/local/lib/python3.10/dist-packages/arduinobot_interfaces/arduinobot_interfaces_s__rosidl_typesupport_c.cpython-310-x86_64-linux-gnu.so
-- Set runtime path of "/home/marcos/arduinobot_ws/src/install/arduinobot_interfaces/local/lib/python3.10/dist-packages/arduinobot_interfaces/arduinobot_interfaces_s__rosidl_typesupport_c.cpython-310-x86_64-linux-gnu.so" to ""
-- Installing: /home/marcos/arduinobot_ws/src/install/arduinobot_interfaces/lib/libarduinobot_interfaces__rosidl_generator_py.so
-- Set runtime path of "/home/marcos/arduinobot_ws/src/install/arduinobot_interfaces/lib/libarduinobot_interfaces__rosidl_generator_py.so" to ""
-- Installing: /home/marcos/arduinobot_ws/src/install/arduinobot_interfaces/share/arduinobot_interfaces/srv/EulerToQuaternion.idl
-- Installing: /home/marcos/arduinobot_ws/src/install/arduinobot_interfaces/share/arduinobot_interfaces/srv/QuaternionToEuler.idl
-- Installing: /home/marcos/arduinobot_ws/src/install/arduinobot_interfaces/share/arduinobot_interfaces/srv/EulerToQuaternion.srv
-- Installing: /home/marcos/arduinobot_ws/src/install/arduinobot_interfaces/share/arduinobot_interfaces/srv/EulerToQuaternion_Request.msg
-- Installing: /home/marcos/arduinobot_ws/src/install/arduinobot_interfaces/share/arduinobot_interfaces/srv/EulerToQuaternion_Response.msg
-- Installing: /home/marcos/arduinobot_ws/src/install/arduinobot_interfaces/share/arduinobot_interfaces/srv/QuaternionToEuler.srv
-- Installing: /home/marcos/arduinobot_ws/src/install/arduinobot_interfaces/share/arduinobot_interfaces/srv/QuaternionToEuler_Request.msg
-- Installing: /home/marcos/arduinobot_ws/src/install/arduinobot_interfaces/share/arduinobot_interfaces/srv/QuaternionToEuler_Response.msg
-- Installing: /home/marcos/arduinobot_ws/src/install/arduinobot_interfaces/share/ament_index/resource_index/package_run_dependencies/arduinobot_interfaces
-- Installing: /home/marcos/arduinobot_ws/src/install/arduinobot_interfaces/share/ament_index/resource_index/parent_prefix_path/arduinobot_interfaces
-- Installing: /home/marcos/arduinobot_ws/src/install/arduinobot_interfaces/share/arduinobot_interfaces/environment/ament_prefix_path.sh
-- Installing: /home/marcos/arduinobot_ws/src/install/arduinobot_interfaces/share/arduinobot_interfaces/environment/ament_prefix_path.dsv
-- Installing: /home/marcos/arduinobot_ws/src/install/arduinobot_interfaces/share/arduinobot_interfaces/environment/path.sh
-- Installing: /home/marcos/arduinobot_ws/src/install/arduinobot_interfaces/share/arduinobot_interfaces/environment/path.dsv
-- Installing: /home/marcos/arduinobot_ws/src/install/arduinobot_interfaces/share/arduinobot_interfaces/local_setup.bash
-- Installing: /home/marcos/arduinobot_ws/src/install/arduinobot_interfaces/share/arduinobot_interfaces/local_setup.sh
-- Installing: /home/marcos/arduinobot_ws/src/install/arduinobot_interfaces/share/arduinobot_interfaces/local_setup.zsh
-- Installing: /home/marcos/arduinobot_ws/src/install/arduinobot_interfaces/share/arduinobot_interfaces/local_setup.dsv
-- Installing: /home/marcos/arduinobot_ws/src/install/arduinobot_interfaces/share/arduinobot_interfaces/package.dsv
-- Installing: /home/marcos/arduinobot_ws/src/install/arduinobot_interfaces/share/ament_index/resource_index/packages/arduinobot_interfaces
-- Installing: /home/marcos/arduinobot_ws/src/install/arduinobot_interfaces/share/arduinobot_interfaces/cmake/export_arduinobot_interfaces__rosidl_generator_cExport.cmake
-- Installing: /home/marcos/arduinobot_ws/src/install/arduinobot_interfaces/share/arduinobot_interfaces/cmake/export_arduinobot_interfaces__rosidl_generator_cExport-noconfig.cmake
-- Installing: /home/marcos/arduinobot_ws/src/install/arduinobot_interfaces/share/arduinobot_interfaces/cmake/export_arduinobot_interfaces__rosidl_typesupport_fastrtps_cExport.cmake
-- Installing: /home/marcos/arduinobot_ws/src/install/arduinobot_interfaces/share/arduinobot_interfaces/cmake/export_arduinobot_interfaces__rosidl_typesupport_fastrtps_cExport-noconfig.cmake
-- Installing: /home/marcos/arduinobot_ws/src/install/arduinobot_interfaces/share/arduinobot_interfaces/cmake/arduinobot_interfaces__rosidl_typesupport_introspection_cExport.cmake
-- Installing: /home/marcos/arduinobot_ws/src/install/arduinobot_interfaces/share/arduinobot_interfaces/cmake/arduinobot_interfaces__rosidl_typesupport_introspection_cExport-noconfig.cmake
-- Installing: /home/marcos/arduinobot_ws/src/install/arduinobot_interfaces/share/arduinobot_interfaces/cmake/arduinobot_interfaces__rosidl_typesupport_cExport.cmake
-- Installing: /home/marcos/arduinobot_ws/src/install/arduinobot_interfaces/share/arduinobot_interfaces/cmake/arduinobot_interfaces__rosidl_typesupport_cExport-noconfig.cmake
-- Installing: /home/marcos/arduinobot_ws/src/install/arduinobot_interfaces/share/arduinobot_interfaces/cmake/export_arduinobot_interfaces__rosidl_generator_cppExport.cmake
-- Installing: /home/marcos/arduinobot_ws/src/install/arduinobot_interfaces/share/arduinobot_interfaces/cmake/export_arduinobot_interfaces__rosidl_typesupport_fastrtps_cppExport.cmake
-- Installing: /home/marcos/arduinobot_ws/src/install/arduinobot_interfaces/share/arduinobot_interfaces/cmake/export_arduinobot_interfaces__rosidl_typesupport_fastrtps_cppExport-noconfig.cmake
-- Installing: /home/marcos/arduinobot_ws/src/install/arduinobot_interfaces/share/arduinobot_interfaces/cmake/arduinobot_interfaces__rosidl_typesupport_introspection_cppExport.cmake
-- Installing: /home/marcos/arduinobot_ws/src/install/arduinobot_interfaces/share/arduinobot_interfaces/cmake/arduinobot_interfaces__rosidl_typesupport_introspection_cppExport-noconfig.cmake
-- Installing: /home/marcos/arduinobot_ws/src/install/arduinobot_interfaces/share/arduinobot_interfaces/cmake/arduinobot_interfaces__rosidl_typesupport_cppExport.cmake
-- Installing: /home/marcos/arduinobot_ws/src/install/arduinobot_interfaces/share/arduinobot_interfaces/cmake/arduinobot_interfaces__rosidl_typesupport_cppExport-noconfig.cmake
-- Installing: /home/marcos/arduinobot_ws/src/install/arduinobot_interfaces/share/arduinobot_interfaces/cmake/export_arduinobot_interfaces__rosidl_generator_pyExport.cmake
-- Installing: /home/marcos/arduinobot_ws/src/install/arduinobot_interfaces/share/arduinobot_interfaces/cmake/export_arduinobot_interfaces__rosidl_generator_pyExport-noconfig.cmake
-- Installing: /home/marcos/arduinobot_ws/src/install/arduinobot_interfaces/share/arduinobot_interfaces/cmake/rosidl_cmake-extras.cmake
-- Installing: /home/marcos/arduinobot_ws/src/install/arduinobot_interfaces/share/arduinobot_interfaces/cmake/ament_cmake_export_include_directories-extras.cmake
-- Installing: /home/marcos/arduinobot_ws/src/install/arduinobot_interfaces/share/arduinobot_interfaces/cmake/ament_cmake_export_libraries-extras.cmake
-- Installing: /home/marcos/arduinobot_ws/src/install/arduinobot_interfaces/share/arduinobot_interfaces/cmake/ament_cmake_export_targets-extras.cmake
-- Installing: /home/marcos/arduinobot_ws/src/install/arduinobot_interfaces/share/arduinobot_interfaces/cmake/rosidl_cmake_export_typesupport_targets-extras.cmake
-- Installing: /home/marcos/arduinobot_ws/src/install/arduinobot_interfaces/share/arduinobot_interfaces/cmake/ament_cmake_export_dependencies-extras.cmake
-- Installing: /home/marcos/arduinobot_ws/src/install/arduinobot_interfaces/share/arduinobot_interfaces/cmake/rosidl_cmake_export_typesupport_libraries-extras.cmake
-- Installing: /home/marcos/arduinobot_ws/src/install/arduinobot_interfaces/share/arduinobot_interfaces/cmake/arduinobot_interfacesConfig.cmake
-- Installing: /home/marcos/arduinobot_ws/src/install/arduinobot_interfaces/share/arduinobot_interfaces/cmake/arduinobot_interfacesConfig-version.cmake
-- Installing: /home/marcos/arduinobot_ws/src/install/arduinobot_interfaces/share/arduinobot_interfaces/package.xml
